CRITICAL - 2023-11-08 06:45:16 --> Class "App\Controllers\Sistem" not found
in APPPATH/Controllers/Home.php on line 15.
 1 SYSTEMPATH/CodeIgniter.php(942): App\Controllers\Home->index()
 2 SYSTEMPATH/CodeIgniter.php(502): CodeIgniter\CodeIgniter->runController(Object(App\Controllers\Home))
 3 SYSTEMPATH/CodeIgniter.php(361): CodeIgniter\CodeIgniter->handleRequest(null, Object(Config\Cache), false)
 4 FCPATH/index.php(79): CodeIgniter\CodeIgniter->run()
CRITICAL - 2023-11-08 06:50:35 --> Undefined variable $totalOrders
in APPPATH/Views/user/index.php on line 33.
 1 APPPATH/Views/user/index.php(33): CodeIgniter\Debug\Exceptions->errorHandler(2, 'Undefined variable $totalOrders', '/storage/emulated/0/htdocs/web-product/app/Views/user/index.php', 33)
 2 SYSTEMPATH/View/View.php(228): include('/storage/emulated/0/htdocs/web-product/app/Views/user/index.php')
 3 SYSTEMPATH/View/View.php(231): CodeIgniter\View\View->CodeIgniter\View\{closure}()
 4 SYSTEMPATH/Common.php(1190): CodeIgniter\View\View->render('user/index', [], true)
 5 APPPATH/Controllers/User.php(54): view('user/index', [...])
 6 SYSTEMPATH/CodeIgniter.php(942): App\Controllers\User->index()
 7 SYSTEMPATH/CodeIgniter.php(502): CodeIgniter\CodeIgniter->runController(Object(App\Controllers\User))
 8 SYSTEMPATH/CodeIgniter.php(361): CodeIgniter\CodeIgniter->handleRequest(null, Object(Config\Cache), false)
 9 FCPATH/index.php(79): CodeIgniter\CodeIgniter->run()
CRITICAL - 2023-11-08 07:06:24 --> Invalid file: "template_landing.php"
in SYSTEMPATH/Exceptions/FrameworkException.php on line 39.
 1 SYSTEMPATH/View/View.php(216): CodeIgniter\Exceptions\FrameworkException::forInvalidFile('template_landing.php')
 2 SYSTEMPATH/View/View.php(244): CodeIgniter\View\View->render('template_landing', [], true)
 3 SYSTEMPATH/Common.php(1190): CodeIgniter\View\View->render('auth/login', [], true)
 4 APPPATH/Controllers/Auth.php(28): view('auth/login')
 5 SYSTEMPATH/CodeIgniter.php(942): App\Controllers\Auth->login()
 6 SYSTEMPATH/CodeIgniter.php(502): CodeIgniter\CodeIgniter->runController(Object(App\Controllers\Auth))
 7 SYSTEMPATH/CodeIgniter.php(361): CodeIgniter\CodeIgniter->handleRequest(null, Object(Config\Cache), false)
 8 FCPATH/index.php(79): CodeIgniter\CodeIgniter->run()
CRITICAL - 2023-11-08 07:07:01 --> Undefined variable $web_title
in APPPATH/Views/template.php on line 6.
 1 APPPATH/Views/template.php(6): CodeIgniter\Debug\Exceptions->errorHandler(2, 'Undefined variable $web_title', '/storage/emulated/0/htdocs/web-product/app/Views/template.php', 6)
 2 SYSTEMPATH/View/View.php(228): include('/storage/emulated/0/htdocs/web-product/app/Views/template.php')
 3 SYSTEMPATH/View/View.php(231): CodeIgniter\View\View->CodeIgniter\View\{closure}()
 4 SYSTEMPATH/View/View.php(244): CodeIgniter\View\View->render('template', [], true)
 5 SYSTEMPATH/Common.php(1190): CodeIgniter\View\View->render('auth/login', [], true)
 6 APPPATH/Controllers/Auth.php(28): view('auth/login')
 7 SYSTEMPATH/CodeIgniter.php(942): App\Controllers\Auth->login()
 8 SYSTEMPATH/CodeIgniter.php(502): CodeIgniter\CodeIgniter->runController(Object(App\Controllers\Auth))
 9 SYSTEMPATH/CodeIgniter.php(361): CodeIgniter\CodeIgniter->handleRequest(null, Object(Config\Cache), false)
10 FCPATH/index.php(79): CodeIgniter\CodeIgniter->run()
CRITICAL - 2023-11-08 07:08:43 --> Undefined variable $web_logo
in APPPATH/Views/template.php on line 34.
 1 APPPATH/Views/template.php(34): CodeIgniter\Debug\Exceptions->errorHandler(2, 'Undefined variable $web_logo', '/storage/emulated/0/htdocs/web-product/app/Views/template.php', 34)
 2 SYSTEMPATH/View/View.php(228): include('/storage/emulated/0/htdocs/web-product/app/Views/template.php')
 3 SYSTEMPATH/View/View.php(231): CodeIgniter\View\View->CodeIgniter\View\{closure}()
 4 SYSTEMPATH/View/View.php(244): CodeIgniter\View\View->render('template', [], true)
 5 SYSTEMPATH/Common.php(1190): CodeIgniter\View\View->render('auth/login', [], true)
 6 APPPATH/Controllers/Auth.php(28): view('auth/login')
 7 SYSTEMPATH/CodeIgniter.php(942): App\Controllers\Auth->login()
 8 SYSTEMPATH/CodeIgniter.php(502): CodeIgniter\CodeIgniter->runController(Object(App\Controllers\Auth))
 9 SYSTEMPATH/CodeIgniter.php(361): CodeIgniter\CodeIgniter->handleRequest(null, Object(Config\Cache), false)
10 FCPATH/index.php(79): CodeIgniter\CodeIgniter->run()
CRITICAL - 2023-11-08 07:10:10 --> Undefined variable $web_logo
in APPPATH/Views/template.php on line 34.
 1 APPPATH/Views/template.php(34): CodeIgniter\Debug\Exceptions->errorHandler(2, 'Undefined variable $web_logo', '/storage/emulated/0/htdocs/web-product/app/Views/template.php', 34)
 2 SYSTEMPATH/View/View.php(228): include('/storage/emulated/0/htdocs/web-product/app/Views/template.php')
 3 SYSTEMPATH/View/View.php(231): CodeIgniter\View\View->CodeIgniter\View\{closure}()
 4 SYSTEMPATH/View/View.php(244): CodeIgniter\View\View->render('template', [], true)
 5 SYSTEMPATH/Common.php(1190): CodeIgniter\View\View->render('auth/login', [], true)
 6 APPPATH/Controllers/Auth.php(28): view('auth/login')
 7 SYSTEMPATH/CodeIgniter.php(942): App\Controllers\Auth->login()
 8 SYSTEMPATH/CodeIgniter.php(502): CodeIgniter\CodeIgniter->runController(Object(App\Controllers\Auth))
 9 SYSTEMPATH/CodeIgniter.php(361): CodeIgniter\CodeIgniter->handleRequest(null, Object(Config\Cache), false)
10 FCPATH/index.php(79): CodeIgniter\CodeIgniter->run()
CRITICAL - 2023-11-08 07:10:16 --> Undefined variable $web_logo
in APPPATH/Views/template.php on line 34.
 1 APPPATH/Views/template.php(34): CodeIgniter\Debug\Exceptions->errorHandler(2, 'Undefined variable $web_logo', '/storage/emulated/0/htdocs/web-product/app/Views/template.php', 34)
 2 SYSTEMPATH/View/View.php(228): include('/storage/emulated/0/htdocs/web-product/app/Views/template.php')
 3 SYSTEMPATH/View/View.php(231): CodeIgniter\View\View->CodeIgniter\View\{closure}()
 4 SYSTEMPATH/View/View.php(244): CodeIgniter\View\View->render('template', [], true)
 5 SYSTEMPATH/Common.php(1190): CodeIgniter\View\View->render('auth/login', [], true)
 6 APPPATH/Controllers/Auth.php(28): view('auth/login')
 7 SYSTEMPATH/CodeIgniter.php(942): App\Controllers\Auth->login()
 8 SYSTEMPATH/CodeIgniter.php(502): CodeIgniter\CodeIgniter->runController(Object(App\Controllers\Auth))
 9 SYSTEMPATH/CodeIgniter.php(361): CodeIgniter\CodeIgniter->handleRequest(null, Object(Config\Cache), false)
10 FCPATH/index.php(79): CodeIgniter\CodeIgniter->run()
CRITICAL - 2023-11-08 07:11:13 --> Undefined variable $userData
in APPPATH/Controllers/Home.php on line 15.
 1 APPPATH/Controllers/Home.php(15): CodeIgniter\Debug\Exceptions->errorHandler(2, 'Undefined variable $userData', '/storage/emulated/0/htdocs/web-product/app/Controllers/Home.php', 15)
 2 SYSTEMPATH/CodeIgniter.php(942): App\Controllers\Home->index()
 3 SYSTEMPATH/CodeIgniter.php(502): CodeIgniter\CodeIgniter->runController(Object(App\Controllers\Home))
 4 SYSTEMPATH/CodeIgniter.php(361): CodeIgniter\CodeIgniter->handleRequest(null, Object(Config\Cache), false)
 5 FCPATH/index.php(79): CodeIgniter\CodeIgniter->run()
CRITICAL - 2023-11-08 07:11:31 --> Invalid file: "template_landing.php"
in SYSTEMPATH/Exceptions/FrameworkException.php on line 39.
 1 SYSTEMPATH/View/View.php(216): CodeIgniter\Exceptions\FrameworkException::forInvalidFile('template_landing.php')
 2 SYSTEMPATH/View/View.php(244): CodeIgniter\View\View->render('template_landing', [], true)
 3 SYSTEMPATH/Common.php(1190): CodeIgniter\View\View->render('index', [], true)
 4 APPPATH/Controllers/Home.php(13): view('index', [...])
 5 SYSTEMPATH/CodeIgniter.php(942): App\Controllers\Home->index()
 6 SYSTEMPATH/CodeIgniter.php(502): CodeIgniter\CodeIgniter->runController(Object(App\Controllers\Home))
 7 SYSTEMPATH/CodeIgniter.php(361): CodeIgniter\CodeIgniter->handleRequest(null, Object(Config\Cache), false)
 8 FCPATH/index.php(79): CodeIgniter\CodeIgniter->run()
CRITICAL - 2023-11-08 07:11:40 --> Undefined variable $web_logo
in APPPATH/Views/template.php on line 34.
 1 APPPATH/Views/template.php(34): CodeIgniter\Debug\Exceptions->errorHandler(2, 'Undefined variable $web_logo', '/storage/emulated/0/htdocs/web-product/app/Views/template.php', 34)
 2 SYSTEMPATH/View/View.php(228): include('/storage/emulated/0/htdocs/web-product/app/Views/template.php')
 3 SYSTEMPATH/View/View.php(231): CodeIgniter\View\View->CodeIgniter\View\{closure}()
 4 SYSTEMPATH/View/View.php(244): CodeIgniter\View\View->render('template', [], true)
 5 SYSTEMPATH/Common.php(1190): CodeIgniter\View\View->render('auth/login', [], true)
 6 APPPATH/Controllers/Auth.php(28): view('auth/login')
 7 SYSTEMPATH/CodeIgniter.php(942): App\Controllers\Auth->login()
 8 SYSTEMPATH/CodeIgniter.php(502): CodeIgniter\CodeIgniter->runController(Object(App\Controllers\Auth))
 9 SYSTEMPATH/CodeIgniter.php(361): CodeIgniter\CodeIgniter->handleRequest(null, Object(Config\Cache), false)
10 FCPATH/index.php(79): CodeIgniter\CodeIgniter->run()
CRITICAL - 2023-11-08 08:57:23 --> Undefined array key "username"
in APPPATH/Controllers/Auth.php on line 101.
 1 APPPATH/Controllers/Auth.php(101): CodeIgniter\Debug\Exceptions->errorHandler(2, 'Undefined array key "username"', '/storage/emulated/0/htdocs/web-product/app/Controllers/Auth.php', 101)
 2 SYSTEMPATH/CodeIgniter.php(942): App\Controllers\Auth->valid_login()
 3 SYSTEMPATH/CodeIgniter.php(502): CodeIgniter\CodeIgniter->runController(Object(App\Controllers\Auth))
 4 SYSTEMPATH/CodeIgniter.php(361): CodeIgniter\CodeIgniter->handleRequest(null, Object(Config\Cache), false)
 5 FCPATH/index.php(79): CodeIgniter\CodeIgniter->run()
CRITICAL - 2023-11-08 08:58:04 --> Undefined array key "username"
in APPPATH/Controllers/Auth.php on line 101.
 1 APPPATH/Controllers/Auth.php(101): CodeIgniter\Debug\Exceptions->errorHandler(2, 'Undefined array key "username"', '/storage/emulated/0/htdocs/web-product/app/Controllers/Auth.php', 101)
 2 SYSTEMPATH/CodeIgniter.php(942): App\Controllers\Auth->valid_login()
 3 SYSTEMPATH/CodeIgniter.php(502): CodeIgniter\CodeIgniter->runController(Object(App\Controllers\Auth))
 4 SYSTEMPATH/CodeIgniter.php(361): CodeIgniter\CodeIgniter->handleRequest(null, Object(Config\Cache), false)
 5 FCPATH/index.php(79): CodeIgniter\CodeIgniter->run()
CRITICAL - 2023-11-08 08:58:55 --> Undefined array key "username"
in APPPATH/Controllers/Auth.php on line 101.
 1 APPPATH/Controllers/Auth.php(101): CodeIgniter\Debug\Exceptions->errorHandler(2, 'Undefined array key "username"', '/storage/emulated/0/htdocs/web-product/app/Controllers/Auth.php', 101)
 2 SYSTEMPATH/CodeIgniter.php(942): App\Controllers\Auth->valid_login()
 3 SYSTEMPATH/CodeIgniter.php(502): CodeIgniter\CodeIgniter->runController(Object(App\Controllers\Auth))
 4 SYSTEMPATH/CodeIgniter.php(361): CodeIgniter\CodeIgniter->handleRequest(null, Object(Config\Cache), false)
 5 FCPATH/index.php(79): CodeIgniter\CodeIgniter->run()
CRITICAL - 2023-11-08 09:00:24 --> Undefined array key "username"
in APPPATH/Controllers/Auth.php on line 101.
 1 APPPATH/Controllers/Auth.php(101): CodeIgniter\Debug\Exceptions->errorHandler(2, 'Undefined array key "username"', '/storage/emulated/0/htdocs/web-product/app/Controllers/Auth.php', 101)
 2 SYSTEMPATH/CodeIgniter.php(942): App\Controllers\Auth->valid_login()
 3 SYSTEMPATH/CodeIgniter.php(502): CodeIgniter\CodeIgniter->runController(Object(App\Controllers\Auth))
 4 SYSTEMPATH/CodeIgniter.php(361): CodeIgniter\CodeIgniter->handleRequest(null, Object(Config\Cache), false)
 5 FCPATH/index.php(79): CodeIgniter\CodeIgniter->run()
CRITICAL - 2023-11-08 09:02:30 --> Undefined array key "username"
in APPPATH/Controllers/Auth.php on line 101.
 1 APPPATH/Controllers/Auth.php(101): CodeIgniter\Debug\Exceptions->errorHandler(2, 'Undefined array key "username"', '/storage/emulated/0/htdocs/web-product/app/Controllers/Auth.php', 101)
 2 SYSTEMPATH/CodeIgniter.php(942): App\Controllers\Auth->valid_login()
 3 SYSTEMPATH/CodeIgniter.php(502): CodeIgniter\CodeIgniter->runController(Object(App\Controllers\Auth))
 4 SYSTEMPATH/CodeIgniter.php(361): CodeIgniter\CodeIgniter->handleRequest(null, Object(Config\Cache), false)
 5 FCPATH/index.php(79): CodeIgniter\CodeIgniter->run()
CRITICAL - 2023-11-08 09:02:36 --> Invalid file: "template_landing.php"
in SYSTEMPATH/Exceptions/FrameworkException.php on line 39.
 1 SYSTEMPATH/View/View.php(216): CodeIgniter\Exceptions\FrameworkException::forInvalidFile('template_landing.php')
 2 SYSTEMPATH/View/View.php(244): CodeIgniter\View\View->render('template_landing', [], true)
 3 SYSTEMPATH/Common.php(1190): CodeIgniter\View\View->render('index', [], true)
 4 APPPATH/Controllers/Home.php(13): view('index', [...])
 5 SYSTEMPATH/CodeIgniter.php(942): App\Controllers\Home->index()
 6 SYSTEMPATH/CodeIgniter.php(502): CodeIgniter\CodeIgniter->runController(Object(App\Controllers\Home))
 7 SYSTEMPATH/CodeIgniter.php(361): CodeIgniter\CodeIgniter->handleRequest(null, Object(Config\Cache), false)
 8 FCPATH/index.php(79): CodeIgniter\CodeIgniter->run()
CRITICAL - 2023-11-08 09:03:46 --> Undefined variable $web_title
in APPPATH/Views/template.php on line 6.
 1 APPPATH/Views/template.php(6): CodeIgniter\Debug\Exceptions->errorHandler(2, 'Undefined variable $web_title', '/storage/emulated/0/htdocs/web-product/app/Views/template.php', 6)
 2 SYSTEMPATH/View/View.php(228): include('/storage/emulated/0/htdocs/web-product/app/Views/template.php')
 3 SYSTEMPATH/View/View.php(231): CodeIgniter\View\View->CodeIgniter\View\{closure}()
 4 SYSTEMPATH/View/View.php(244): CodeIgniter\View\View->render('template', [], true)
 5 SYSTEMPATH/Common.php(1190): CodeIgniter\View\View->render('index', [], true)
 6 APPPATH/Controllers/Home.php(13): view('index', [...])
 7 SYSTEMPATH/CodeIgniter.php(942): App\Controllers\Home->index()
 8 SYSTEMPATH/CodeIgniter.php(502): CodeIgniter\CodeIgniter->runController(Object(App\Controllers\Home))
 9 SYSTEMPATH/CodeIgniter.php(361): CodeIgniter\CodeIgniter->handleRequest(null, Object(Config\Cache), false)
10 FCPATH/index.php(79): CodeIgniter\CodeIgniter->run()
CRITICAL - 2023-11-08 10:07:04 --> Undefined variable $doneOrders
in APPPATH/Views/admin/index.php on line 14.
 1 APPPATH/Views/admin/index.php(14): CodeIgniter\Debug\Exceptions->errorHandler(2, 'Undefined variable $doneOrders', '/storage/emulated/0/htdocs/web-product/app/Views/admin/index.php', 14)
 2 SYSTEMPATH/View/View.php(228): include('/storage/emulated/0/htdocs/web-product/app/Views/admin/index.php')
 3 SYSTEMPATH/View/View.php(231): CodeIgniter\View\View->CodeIgniter\View\{closure}()
 4 SYSTEMPATH/Common.php(1190): CodeIgniter\View\View->render('admin/index', [], true)
 5 APPPATH/Controllers/Admin.php(31): view('admin/index', [])
 6 SYSTEMPATH/CodeIgniter.php(942): App\Controllers\Admin->index()
 7 SYSTEMPATH/CodeIgniter.php(502): CodeIgniter\CodeIgniter->runController(Object(App\Controllers\Admin))
 8 SYSTEMPATH/CodeIgniter.php(361): CodeIgniter\CodeIgniter->handleRequest(null, Object(Config\Cache), false)
 9 FCPATH/index.php(79): CodeIgniter\CodeIgniter->run()
CRITICAL - 2023-11-08 10:59:22 --> Call to undefined function form_open_multipart()
in APPPATH/Views/admin/produk/create.php on line 7.
 1 SYSTEMPATH/View/View.php(228): include()
 2 SYSTEMPATH/View/View.php(231): CodeIgniter\View\View->CodeIgniter\View\{closure}()
 3 SYSTEMPATH/Common.php(1190): CodeIgniter\View\View->render('admin/produk/create', [], true)
 4 APPPATH/Controllers/Produk.php(20): view('admin/produk/create')
 5 SYSTEMPATH/CodeIgniter.php(942): App\Controllers\Produk->create()
 6 SYSTEMPATH/CodeIgniter.php(502): CodeIgniter\CodeIgniter->runController(Object(App\Controllers\Produk))
 7 SYSTEMPATH/CodeIgniter.php(361): CodeIgniter\CodeIgniter->handleRequest(null, Object(Config\Cache), false)
 8 FCPATH/index.php(79): CodeIgniter\CodeIgniter->run()
CRITICAL - 2023-11-08 11:25:46 --> Cannot redeclare App\Models\GambarProdukModel::$allowedFields
in APPPATH/Models/GambarProdukModel.php on line 17.
 1 [internal function]: CodeIgniter\Debug\Exceptions->shutdownHandler()
CRITICAL - 2023-11-08 11:27:16 --> Call to a member function isValid() on array
in APPPATH/Controllers/Produk.php on line 44.
 1 SYSTEMPATH/CodeIgniter.php(942): App\Controllers\Produk->store()
 2 SYSTEMPATH/CodeIgniter.php(502): CodeIgniter\CodeIgniter->runController(Object(App\Controllers\Produk))
 3 SYSTEMPATH/CodeIgniter.php(361): CodeIgniter\CodeIgniter->handleRequest(null, Object(Config\Cache), false)
 4 FCPATH/index.php(79): CodeIgniter\CodeIgniter->run()
CRITICAL - 2023-11-08 11:29:28 --> Undefined property: App\Controllers\Produk::$session
in APPPATH/Controllers/Produk.php on line 62.
 1 APPPATH/Controllers/Produk.php(62): CodeIgniter\Debug\Exceptions->errorHandler(2, 'Undefined property: App\\Controllers\\Produk::$session', '/storage/emulated/0/htdocs/web-product/app/Controllers/Produk.php', 62)
 2 SYSTEMPATH/CodeIgniter.php(942): App\Controllers\Produk->store()
 3 SYSTEMPATH/CodeIgniter.php(502): CodeIgniter\CodeIgniter->runController(Object(App\Controllers\Produk))
 4 SYSTEMPATH/CodeIgniter.php(361): CodeIgniter\CodeIgniter->handleRequest(null, Object(Config\Cache), false)
 5 FCPATH/index.php(79): CodeIgniter\CodeIgniter->run()
CRITICAL - 2023-11-08 12:04:45 --> Undefined variable $gambar_produk
in APPPATH/Views/admin/produk/index.php on line 47.
 1 APPPATH/Views/admin/produk/index.php(47): CodeIgniter\Debug\Exceptions->errorHandler(2, 'Undefined variable $gambar_produk', '/storage/emulated/0/htdocs/web-product/app/Views/admin/produk/index.php', 47)
 2 SYSTEMPATH/View/View.php(228): include('/storage/emulated/0/htdocs/web-product/app/Views/admin/produk/index.php')
 3 SYSTEMPATH/View/View.php(231): CodeIgniter\View\View->CodeIgniter\View\{closure}()
 4 SYSTEMPATH/Common.php(1190): CodeIgniter\View\View->render('admin/produk/index', [], true)
 5 APPPATH/Controllers/Produk.php(23): view('admin/produk/index', [...])
 6 SYSTEMPATH/CodeIgniter.php(942): App\Controllers\Produk->index()
 7 SYSTEMPATH/CodeIgniter.php(502): CodeIgniter\CodeIgniter->runController(Object(App\Controllers\Produk))
 8 SYSTEMPATH/CodeIgniter.php(361): CodeIgniter\CodeIgniter->handleRequest(null, Object(Config\Cache), false)
 9 FCPATH/index.php(79): CodeIgniter\CodeIgniter->run()
CRITICAL - 2023-11-08 12:05:34 --> Cannot use object of type stdClass as array
in APPPATH/Views/admin/produk/index.php on line 48.
 1 SYSTEMPATH/View/View.php(228): include()
 2 SYSTEMPATH/View/View.php(231): CodeIgniter\View\View->CodeIgniter\View\{closure}()
 3 SYSTEMPATH/Common.php(1190): CodeIgniter\View\View->render('admin/produk/index', [], true)
 4 APPPATH/Controllers/Produk.php(26): view('admin/produk/index', [...])
 5 SYSTEMPATH/CodeIgniter.php(942): App\Controllers\Produk->index()
 6 SYSTEMPATH/CodeIgniter.php(502): CodeIgniter\CodeIgniter->runController(Object(App\Controllers\Produk))
 7 SYSTEMPATH/CodeIgniter.php(361): CodeIgniter\CodeIgniter->handleRequest(null, Object(Config\Cache), false)
 8 FCPATH/index.php(79): CodeIgniter\CodeIgniter->run()
CRITICAL - 2023-11-08 12:07:02 --> Cannot use object of type stdClass as array
in APPPATH/Views/admin/produk/index.php on line 48.
 1 SYSTEMPATH/View/View.php(228): include()
 2 SYSTEMPATH/View/View.php(231): CodeIgniter\View\View->CodeIgniter\View\{closure}()
 3 SYSTEMPATH/Common.php(1190): CodeIgniter\View\View->render('admin/produk/index', [], true)
 4 APPPATH/Controllers/Produk.php(26): view('admin/produk/index', [...])
 5 SYSTEMPATH/CodeIgniter.php(942): App\Controllers\Produk->index()
 6 SYSTEMPATH/CodeIgniter.php(502): CodeIgniter\CodeIgniter->runController(Object(App\Controllers\Produk))
 7 SYSTEMPATH/CodeIgniter.php(361): CodeIgniter\CodeIgniter->handleRequest(null, Object(Config\Cache), false)
 8 FCPATH/index.php(79): CodeIgniter\CodeIgniter->run()
CRITICAL - 2023-11-08 12:09:57 --> Call to a member function isValid() on array
in APPPATH/Controllers/Produk.php on line 57.
 1 SYSTEMPATH/CodeIgniter.php(942): App\Controllers\Produk->store()
 2 SYSTEMPATH/CodeIgniter.php(502): CodeIgniter\CodeIgniter->runController(Object(App\Controllers\Produk))
 3 SYSTEMPATH/CodeIgniter.php(361): CodeIgniter\CodeIgniter->handleRequest(null, Object(Config\Cache), false)
 4 FCPATH/index.php(79): CodeIgniter\CodeIgniter->run()
CRITICAL - 2023-11-08 14:35:29 --> Undefined variable $gambar_produk
in APPPATH/Views/admin/produk/index.php on line 47.
 1 APPPATH/Views/admin/produk/index.php(47): CodeIgniter\Debug\Exceptions->errorHandler(2, 'Undefined variable $gambar_produk', '/storage/emulated/0/htdocs/web-product/app/Views/admin/produk/index.php', 47)
 2 SYSTEMPATH/View/View.php(228): include('/storage/emulated/0/htdocs/web-product/app/Views/admin/produk/index.php')
 3 SYSTEMPATH/View/View.php(231): CodeIgniter\View\View->CodeIgniter\View\{closure}()
 4 SYSTEMPATH/Common.php(1190): CodeIgniter\View\View->render('admin/produk/index', [], true)
 5 APPPATH/Controllers/Produk.php(23): view('admin/produk/index', [...])
 6 SYSTEMPATH/CodeIgniter.php(942): App\Controllers\Produk->index()
 7 SYSTEMPATH/CodeIgniter.php(502): CodeIgniter\CodeIgniter->runController(Object(App\Controllers\Produk))
 8 SYSTEMPATH/CodeIgniter.php(361): CodeIgniter\CodeIgniter->handleRequest(null, Object(Config\Cache), false)
 9 FCPATH/index.php(79): CodeIgniter\CodeIgniter->run()
CRITICAL - 2023-11-08 16:53:15 --> Undefined variable $produk
in APPPATH/Controllers/ProdukUser.php on line 34.
 1 APPPATH/Controllers/ProdukUser.php(34): CodeIgniter\Debug\Exceptions->errorHandler(2, 'Undefined variable $produk', '/storage/emulated/0/htdocs/web-product/app/Controllers/ProdukUser.php', 34)
 2 SYSTEMPATH/CodeIgniter.php(942): App\Controllers\ProdukUser->index()
 3 SYSTEMPATH/CodeIgniter.php(502): CodeIgniter\CodeIgniter->runController(Object(App\Controllers\ProdukUser))
 4 SYSTEMPATH/CodeIgniter.php(361): CodeIgniter\CodeIgniter->handleRequest(null, Object(Config\Cache), false)
 5 FCPATH/index.php(79): CodeIgniter\CodeIgniter->run()
CRITICAL - 2023-11-08 17:04:29 --> Undefined variable $data
in APPPATH/Views/produk.php on line 7.
 1 APPPATH/Views/produk.php(7): CodeIgniter\Debug\Exceptions->errorHandler(2, 'Undefined variable $data', '/storage/emulated/0/htdocs/web-product/app/Views/produk.php', 7)
 2 SYSTEMPATH/View/View.php(228): include('/storage/emulated/0/htdocs/web-product/app/Views/produk.php')
 3 SYSTEMPATH/View/View.php(231): CodeIgniter\View\View->CodeIgniter\View\{closure}()
 4 SYSTEMPATH/Common.php(1190): CodeIgniter\View\View->render('produk', [], true)
 5 APPPATH/Controllers/ProdukUser.php(37): view('produk', [...])
 6 SYSTEMPATH/CodeIgniter.php(942): App\Controllers\ProdukUser->index()
 7 SYSTEMPATH/CodeIgniter.php(502): CodeIgniter\CodeIgniter->runController(Object(App\Controllers\ProdukUser))
 8 SYSTEMPATH/CodeIgniter.php(361): CodeIgniter\CodeIgniter->handleRequest(null, Object(Config\Cache), false)
 9 FCPATH/index.php(79): CodeIgniter\CodeIgniter->run()
CRITICAL - 2023-11-08 17:05:20 --> Undefined array key "nama"
in APPPATH/Views/produk.php on line 12.
 1 APPPATH/Views/produk.php(12): CodeIgniter\Debug\Exceptions->errorHandler(2, 'Undefined array key "nama"', '/storage/emulated/0/htdocs/web-product/app/Views/produk.php', 12)
 2 SYSTEMPATH/View/View.php(228): include('/storage/emulated/0/htdocs/web-product/app/Views/produk.php')
 3 SYSTEMPATH/View/View.php(231): CodeIgniter\View\View->CodeIgniter\View\{closure}()
 4 SYSTEMPATH/Common.php(1190): CodeIgniter\View\View->render('produk', [], true)
 5 APPPATH/Controllers/ProdukUser.php(37): view('produk', [...])
 6 SYSTEMPATH/CodeIgniter.php(942): App\Controllers\ProdukUser->index()
 7 SYSTEMPATH/CodeIgniter.php(502): CodeIgniter\CodeIgniter->runController(Object(App\Controllers\ProdukUser))
 8 SYSTEMPATH/CodeIgniter.php(361): CodeIgniter\CodeIgniter->handleRequest(null, Object(Config\Cache), false)
 9 FCPATH/index.php(79): CodeIgniter\CodeIgniter->run()
CRITICAL - 2023-11-08 17:05:44 --> Undefined array key "nama"
in APPPATH/Controllers/ProdukUser.php on line 34.
 1 APPPATH/Controllers/ProdukUser.php(34): CodeIgniter\Debug\Exceptions->errorHandler(2, 'Undefined array key "nama"', '/storage/emulated/0/htdocs/web-product/app/Controllers/ProdukUser.php', 34)
 2 SYSTEMPATH/CodeIgniter.php(942): App\Controllers\ProdukUser->index()
 3 SYSTEMPATH/CodeIgniter.php(502): CodeIgniter\CodeIgniter->runController(Object(App\Controllers\ProdukUser))
 4 SYSTEMPATH/CodeIgniter.php(361): CodeIgniter\CodeIgniter->handleRequest(null, Object(Config\Cache), false)
 5 FCPATH/index.php(79): CodeIgniter\CodeIgniter->run()
CRITICAL - 2023-11-08 17:08:03 --> Undefined array key "nama"
in APPPATH/Controllers/ProdukUser.php on line 24.
 1 APPPATH/Controllers/ProdukUser.php(24): CodeIgniter\Debug\Exceptions->errorHandler(2, 'Undefined array key "nama"', '/storage/emulated/0/htdocs/web-product/app/Controllers/ProdukUser.php', 24)
 2 SYSTEMPATH/CodeIgniter.php(942): App\Controllers\ProdukUser->index()
 3 SYSTEMPATH/CodeIgniter.php(502): CodeIgniter\CodeIgniter->runController(Object(App\Controllers\ProdukUser))
 4 SYSTEMPATH/CodeIgniter.php(361): CodeIgniter\CodeIgniter->handleRequest(null, Object(Config\Cache), false)
 5 FCPATH/index.php(79): CodeIgniter\CodeIgniter->run()
CRITICAL - 2023-11-08 17:09:20 --> Cannot use temporary expression in write context
in APPPATH/Controllers/ProdukUser.php on line 24.
 1 [internal function]: CodeIgniter\Debug\Exceptions->shutdownHandler()
CRITICAL - 2023-11-08 17:09:56 --> Undefined variable $produk
in APPPATH/Controllers/ProdukUser.php on line 24.
 1 APPPATH/Controllers/ProdukUser.php(24): CodeIgniter\Debug\Exceptions->errorHandler(2, 'Undefined variable $produk', '/storage/emulated/0/htdocs/web-product/app/Controllers/ProdukUser.php', 24)
 2 SYSTEMPATH/CodeIgniter.php(942): App\Controllers\ProdukUser->index()
 3 SYSTEMPATH/CodeIgniter.php(502): CodeIgniter\CodeIgniter->runController(Object(App\Controllers\ProdukUser))
 4 SYSTEMPATH/CodeIgniter.php(361): CodeIgniter\CodeIgniter->handleRequest(null, Object(Config\Cache), false)
 5 FCPATH/index.php(79): CodeIgniter\CodeIgniter->run()
CRITICAL - 2023-11-08 17:10:23 --> Undefined array key "nama"
in APPPATH/Controllers/ProdukUser.php on line 24.
 1 APPPATH/Controllers/ProdukUser.php(24): CodeIgniter\Debug\Exceptions->errorHandler(2, 'Undefined array key "nama"', '/storage/emulated/0/htdocs/web-product/app/Controllers/ProdukUser.php', 24)
 2 SYSTEMPATH/CodeIgniter.php(942): App\Controllers\ProdukUser->index()
 3 SYSTEMPATH/CodeIgniter.php(502): CodeIgniter\CodeIgniter->runController(Object(App\Controllers\ProdukUser))
 4 SYSTEMPATH/CodeIgniter.php(361): CodeIgniter\CodeIgniter->handleRequest(null, Object(Config\Cache), false)
 5 FCPATH/index.php(79): CodeIgniter\CodeIgniter->run()
CRITICAL - 2023-11-08 17:10:36 --> Undefined variable $produk
in APPPATH/Controllers/ProdukUser.php on line 24.
 1 APPPATH/Controllers/ProdukUser.php(24): CodeIgniter\Debug\Exceptions->errorHandler(2, 'Undefined variable $produk', '/storage/emulated/0/htdocs/web-product/app/Controllers/ProdukUser.php', 24)
 2 SYSTEMPATH/CodeIgniter.php(942): App\Controllers\ProdukUser->index()
 3 SYSTEMPATH/CodeIgniter.php(502): CodeIgniter\CodeIgniter->runController(Object(App\Controllers\ProdukUser))
 4 SYSTEMPATH/CodeIgniter.php(361): CodeIgniter\CodeIgniter->handleRequest(null, Object(Config\Cache), false)
 5 FCPATH/index.php(79): CodeIgniter\CodeIgniter->run()
CRITICAL - 2023-11-08 17:17:22 --> foreach() argument must be of type array|object, string given
in APPPATH/Views/produk.php on line 7.
 1 APPPATH/Views/produk.php(7): CodeIgniter\Debug\Exceptions->errorHandler(2, 'foreach() argument must be of type array|object, string given', '/storage/emulated/0/htdocs/web-product/app/Views/produk.php', 7)
 2 SYSTEMPATH/View/View.php(228): include('/storage/emulated/0/htdocs/web-product/app/Views/produk.php')
 3 SYSTEMPATH/View/View.php(231): CodeIgniter\View\View->CodeIgniter\View\{closure}()
 4 SYSTEMPATH/Common.php(1190): CodeIgniter\View\View->render('produk', [], true)
 5 APPPATH/Controllers/ProdukUser.php(40): view('produk', [...])
 6 SYSTEMPATH/CodeIgniter.php(942): App\Controllers\ProdukUser->index()
 7 SYSTEMPATH/CodeIgniter.php(502): CodeIgniter\CodeIgniter->runController(Object(App\Controllers\ProdukUser))
 8 SYSTEMPATH/CodeIgniter.php(361): CodeIgniter\CodeIgniter->handleRequest(null, Object(Config\Cache), false)
 9 FCPATH/index.php(79): CodeIgniter\CodeIgniter->run()
CRITICAL - 2023-11-08 17:17:40 --> Undefined variable $data
in APPPATH/Views/produk.php on line 7.
 1 APPPATH/Views/produk.php(7): CodeIgniter\Debug\Exceptions->errorHandler(2, 'Undefined variable $data', '/storage/emulated/0/htdocs/web-product/app/Views/produk.php', 7)
 2 SYSTEMPATH/View/View.php(228): include('/storage/emulated/0/htdocs/web-product/app/Views/produk.php')
 3 SYSTEMPATH/View/View.php(231): CodeIgniter\View\View->CodeIgniter\View\{closure}()
 4 SYSTEMPATH/Common.php(1190): CodeIgniter\View\View->render('produk', [], true)
 5 APPPATH/Controllers/ProdukUser.php(40): view('produk', [...])
 6 SYSTEMPATH/CodeIgniter.php(942): App\Controllers\ProdukUser->index()
 7 SYSTEMPATH/CodeIgniter.php(502): CodeIgniter\CodeIgniter->runController(Object(App\Controllers\ProdukUser))
 8 SYSTEMPATH/CodeIgniter.php(361): CodeIgniter\CodeIgniter->handleRequest(null, Object(Config\Cache), false)
 9 FCPATH/index.php(79): CodeIgniter\CodeIgniter->run()
CRITICAL - 2023-11-08 17:17:51 --> Cannot access offset of type string on string
in APPPATH/Views/produk.php on line 12.
 1 SYSTEMPATH/View/View.php(228): include()
 2 SYSTEMPATH/View/View.php(231): CodeIgniter\View\View->CodeIgniter\View\{closure}()
 3 SYSTEMPATH/Common.php(1190): CodeIgniter\View\View->render('produk', [], true)
 4 APPPATH/Controllers/ProdukUser.php(40): view('produk', [...])
 5 SYSTEMPATH/CodeIgniter.php(942): App\Controllers\ProdukUser->index()
 6 SYSTEMPATH/CodeIgniter.php(502): CodeIgniter\CodeIgniter->runController(Object(App\Controllers\ProdukUser))
 7 SYSTEMPATH/CodeIgniter.php(361): CodeIgniter\CodeIgniter->handleRequest(null, Object(Config\Cache), false)
 8 FCPATH/index.php(79): CodeIgniter\CodeIgniter->run()
CRITICAL - 2023-11-08 17:25:49 --> Undefined variable $gambar_produkModel
in APPPATH/Views/produk.php on line 11.
 1 APPPATH/Views/produk.php(11): CodeIgniter\Debug\Exceptions->errorHandler(2, 'Undefined variable $gambar_produkModel', '/storage/emulated/0/htdocs/web-product/app/Views/produk.php', 11)
 2 SYSTEMPATH/View/View.php(228): include('/storage/emulated/0/htdocs/web-product/app/Views/produk.php')
 3 SYSTEMPATH/View/View.php(231): CodeIgniter\View\View->CodeIgniter\View\{closure}()
 4 SYSTEMPATH/Common.php(1190): CodeIgniter\View\View->render('produk', [], true)
 5 APPPATH/Controllers/ProdukUser.php(38): view('produk', [...])
 6 SYSTEMPATH/CodeIgniter.php(942): App\Controllers\ProdukUser->index()
 7 SYSTEMPATH/CodeIgniter.php(502): CodeIgniter\CodeIgniter->runController(Object(App\Controllers\ProdukUser))
 8 SYSTEMPATH/CodeIgniter.php(361): CodeIgniter\CodeIgniter->handleRequest(null, Object(Config\Cache), false)
 9 FCPATH/index.php(79): CodeIgniter\CodeIgniter->run()
CRITICAL - 2023-11-08 17:26:42 --> Undefined variable $gambarprodukModel
in APPPATH/Views/produk.php on line 11.
 1 APPPATH/Views/produk.php(11): CodeIgniter\Debug\Exceptions->errorHandler(2, 'Undefined variable $gambarprodukModel', '/storage/emulated/0/htdocs/web-product/app/Views/produk.php', 11)
 2 SYSTEMPATH/View/View.php(228): include('/storage/emulated/0/htdocs/web-product/app/Views/produk.php')
 3 SYSTEMPATH/View/View.php(231): CodeIgniter\View\View->CodeIgniter\View\{closure}()
 4 SYSTEMPATH/Common.php(1190): CodeIgniter\View\View->render('produk', [], true)
 5 APPPATH/Controllers/ProdukUser.php(38): view('produk', [...])
 6 SYSTEMPATH/CodeIgniter.php(942): App\Controllers\ProdukUser->index()
 7 SYSTEMPATH/CodeIgniter.php(502): CodeIgniter\CodeIgniter->runController(Object(App\Controllers\ProdukUser))
 8 SYSTEMPATH/CodeIgniter.php(361): CodeIgniter\CodeIgniter->handleRequest(null, Object(Config\Cache), false)
 9 FCPATH/index.php(79): CodeIgniter\CodeIgniter->run()
CRITICAL - 2023-11-08 17:27:00 --> Undefined variable $GambarProdukModel
in APPPATH/Views/produk.php on line 11.
 1 APPPATH/Views/produk.php(11): CodeIgniter\Debug\Exceptions->errorHandler(2, 'Undefined variable $GambarProdukModel', '/storage/emulated/0/htdocs/web-product/app/Views/produk.php', 11)
 2 SYSTEMPATH/View/View.php(228): include('/storage/emulated/0/htdocs/web-product/app/Views/produk.php')
 3 SYSTEMPATH/View/View.php(231): CodeIgniter\View\View->CodeIgniter\View\{closure}()
 4 SYSTEMPATH/Common.php(1190): CodeIgniter\View\View->render('produk', [], true)
 5 APPPATH/Controllers/ProdukUser.php(38): view('produk', [...])
 6 SYSTEMPATH/CodeIgniter.php(942): App\Controllers\ProdukUser->index()
 7 SYSTEMPATH/CodeIgniter.php(502): CodeIgniter\CodeIgniter->runController(Object(App\Controllers\ProdukUser))
 8 SYSTEMPATH/CodeIgniter.php(361): CodeIgniter\CodeIgniter->handleRequest(null, Object(Config\Cache), false)
 9 FCPATH/index.php(79): CodeIgniter\CodeIgniter->run()
CRITICAL - 2023-11-08 17:27:23 --> Undefined variable $gambar_produkModel
in APPPATH/Views/produk.php on line 11.
 1 APPPATH/Views/produk.php(11): CodeIgniter\Debug\Exceptions->errorHandler(2, 'Undefined variable $gambar_produkModel', '/storage/emulated/0/htdocs/web-product/app/Views/produk.php', 11)
 2 SYSTEMPATH/View/View.php(228): include('/storage/emulated/0/htdocs/web-product/app/Views/produk.php')
 3 SYSTEMPATH/View/View.php(231): CodeIgniter\View\View->CodeIgniter\View\{closure}()
 4 SYSTEMPATH/Common.php(1190): CodeIgniter\View\View->render('produk', [], true)
 5 APPPATH/Controllers/ProdukUser.php(38): view('produk', [...])
 6 SYSTEMPATH/CodeIgniter.php(942): App\Controllers\ProdukUser->index()
 7 SYSTEMPATH/CodeIgniter.php(502): CodeIgniter\CodeIgniter->runController(Object(App\Controllers\ProdukUser))
 8 SYSTEMPATH/CodeIgniter.php(361): CodeIgniter\CodeIgniter->handleRequest(null, Object(Config\Cache), false)
 9 FCPATH/index.php(79): CodeIgniter\CodeIgniter->run()
CRITICAL - 2023-11-08 17:28:58 --> Undefined variable $gambarProdukModel
in APPPATH/Views/produk.php on line 11.
 1 APPPATH/Views/produk.php(11): CodeIgniter\Debug\Exceptions->errorHandler(2, 'Undefined variable $gambarProdukModel', '/storage/emulated/0/htdocs/web-product/app/Views/produk.php', 11)
 2 SYSTEMPATH/View/View.php(228): include('/storage/emulated/0/htdocs/web-product/app/Views/produk.php')
 3 SYSTEMPATH/View/View.php(231): CodeIgniter\View\View->CodeIgniter\View\{closure}()
 4 SYSTEMPATH/Common.php(1190): CodeIgniter\View\View->render('produk', [], true)
 5 APPPATH/Controllers/ProdukUser.php(38): view('produk', [...])
 6 SYSTEMPATH/CodeIgniter.php(942): App\Controllers\ProdukUser->index()
 7 SYSTEMPATH/CodeIgniter.php(502): CodeIgniter\CodeIgniter->runController(Object(App\Controllers\ProdukUser))
 8 SYSTEMPATH/CodeIgniter.php(361): CodeIgniter\CodeIgniter->handleRequest(null, Object(Config\Cache), false)
 9 FCPATH/index.php(79): CodeIgniter\CodeIgniter->run()
CRITICAL - 2023-11-08 17:30:35 --> Undefined variable $gambarProdukModel
in APPPATH/Views/produk.php on line 11.
 1 APPPATH/Views/produk.php(11): CodeIgniter\Debug\Exceptions->errorHandler(2, 'Undefined variable $gambarProdukModel', '/storage/emulated/0/htdocs/web-product/app/Views/produk.php', 11)
 2 SYSTEMPATH/View/View.php(228): include('/storage/emulated/0/htdocs/web-product/app/Views/produk.php')
 3 SYSTEMPATH/View/View.php(231): CodeIgniter\View\View->CodeIgniter\View\{closure}()
 4 SYSTEMPATH/Common.php(1190): CodeIgniter\View\View->render('produk', [], true)
 5 APPPATH/Controllers/ProdukUser.php(38): view('produk', [...])
 6 SYSTEMPATH/CodeIgniter.php(942): App\Controllers\ProdukUser->index()
 7 SYSTEMPATH/CodeIgniter.php(502): CodeIgniter\CodeIgniter->runController(Object(App\Controllers\ProdukUser))
 8 SYSTEMPATH/CodeIgniter.php(361): CodeIgniter\CodeIgniter->handleRequest(null, Object(Config\Cache), false)
 9 FCPATH/index.php(79): CodeIgniter\CodeIgniter->run()
CRITICAL - 2023-11-08 17:33:06 --> Undefined variable $gambarProdukModel
in APPPATH/Views/produk.php on line 11.
 1 APPPATH/Views/produk.php(11): CodeIgniter\Debug\Exceptions->errorHandler(2, 'Undefined variable $gambarProdukModel', '/storage/emulated/0/htdocs/web-product/app/Views/produk.php', 11)
 2 SYSTEMPATH/View/View.php(228): include('/storage/emulated/0/htdocs/web-product/app/Views/produk.php')
 3 SYSTEMPATH/View/View.php(231): CodeIgniter\View\View->CodeIgniter\View\{closure}()
 4 SYSTEMPATH/Common.php(1190): CodeIgniter\View\View->render('produk', [], true)
 5 APPPATH/Controllers/ProdukUser.php(38): view('produk', [...])
 6 SYSTEMPATH/CodeIgniter.php(942): App\Controllers\ProdukUser->index()
 7 SYSTEMPATH/CodeIgniter.php(502): CodeIgniter\CodeIgniter->runController(Object(App\Controllers\ProdukUser))
 8 SYSTEMPATH/CodeIgniter.php(361): CodeIgniter\CodeIgniter->handleRequest(null, Object(Config\Cache), false)
 9 FCPATH/index.php(79): CodeIgniter\CodeIgniter->run()
CRITICAL - 2023-11-08 17:36:24 --> Undefined variable $produk_gambarModel
in APPPATH/Views/produk.php on line 11.
 1 APPPATH/Views/produk.php(11): CodeIgniter\Debug\Exceptions->errorHandler(2, 'Undefined variable $produk_gambarModel', '/storage/emulated/0/htdocs/web-product/app/Views/produk.php', 11)
 2 SYSTEMPATH/View/View.php(228): include('/storage/emulated/0/htdocs/web-product/app/Views/produk.php')
 3 SYSTEMPATH/View/View.php(231): CodeIgniter\View\View->CodeIgniter\View\{closure}()
 4 SYSTEMPATH/Common.php(1190): CodeIgniter\View\View->render('produk', [], true)
 5 APPPATH/Controllers/ProdukUser.php(34): view('produk', [...])
 6 SYSTEMPATH/CodeIgniter.php(942): App\Controllers\ProdukUser->index()
 7 SYSTEMPATH/CodeIgniter.php(502): CodeIgniter\CodeIgniter->runController(Object(App\Controllers\ProdukUser))
 8 SYSTEMPATH/CodeIgniter.php(361): CodeIgniter\CodeIgniter->handleRequest(null, Object(Config\Cache), false)
 9 FCPATH/index.php(79): CodeIgniter\CodeIgniter->run()
CRITICAL - 2023-11-08 17:37:23 --> Undefined variable $gambarProdukModel
in APPPATH/Views/produk.php on line 11.
 1 APPPATH/Views/produk.php(11): CodeIgniter\Debug\Exceptions->errorHandler(2, 'Undefined variable $gambarProdukModel', '/storage/emulated/0/htdocs/web-product/app/Views/produk.php', 11)
 2 SYSTEMPATH/View/View.php(228): include('/storage/emulated/0/htdocs/web-product/app/Views/produk.php')
 3 SYSTEMPATH/View/View.php(231): CodeIgniter\View\View->CodeIgniter\View\{closure}()
 4 SYSTEMPATH/Common.php(1190): CodeIgniter\View\View->render('produk', [], true)
 5 APPPATH/Controllers/ProdukUser.php(34): view('produk', [...])
 6 SYSTEMPATH/CodeIgniter.php(942): App\Controllers\ProdukUser->index()
 7 SYSTEMPATH/CodeIgniter.php(502): CodeIgniter\CodeIgniter->runController(Object(App\Controllers\ProdukUser))
 8 SYSTEMPATH/CodeIgniter.php(361): CodeIgniter\CodeIgniter->handleRequest(null, Object(Config\Cache), false)
 9 FCPATH/index.php(79): CodeIgniter\CodeIgniter->run()
CRITICAL - 2023-11-08 18:06:34 --> syntax error, unexpected token "<"
in APPPATH/Views/produk.php on line 27.
 1 SYSTEMPATH/View/View.php(231): CodeIgniter\View\View->CodeIgniter\View\{closure}()
 2 SYSTEMPATH/Common.php(1190): CodeIgniter\View\View->render('produk', [], true)
 3 APPPATH/Controllers/ProdukUser.php(39): view('produk', [...])
 4 SYSTEMPATH/CodeIgniter.php(942): App\Controllers\ProdukUser->index()
 5 SYSTEMPATH/CodeIgniter.php(502): CodeIgniter\CodeIgniter->runController(Object(App\Controllers\ProdukUser))
 6 SYSTEMPATH/CodeIgniter.php(361): CodeIgniter\CodeIgniter->handleRequest(null, Object(Config\Cache), false)
 7 FCPATH/index.php(79): CodeIgniter\CodeIgniter->run()
