INFO - 2023-11-17 06:14:57 --> Session: Class initialized using 'CodeIgniter\Session\Handlers\DatabaseHandler' driver.
INFO - 2023-11-17 06:15:00 --> Session: Class initialized using 'CodeIgniter\Session\Handlers\DatabaseHandler' driver.
INFO - 2023-11-17 06:15:10 --> Session: Class initialized using 'CodeIgniter\Session\Handlers\DatabaseHandler' driver.
INFO - 2023-11-17 06:15:16 --> Session: Class initialized using 'CodeIgniter\Session\Handlers\DatabaseHandler' driver.
INFO - 2023-11-17 06:15:31 --> Session: Class initialized using 'CodeIgniter\Session\Handlers\DatabaseHandler' driver.
INFO - 2023-11-17 06:27:16 --> Session: Class initialized using 'CodeIgniter\Session\Handlers\DatabaseHandler' driver.
INFO - 2023-11-17 06:27:35 --> Session: Class initialized using 'CodeIgniter\Session\Handlers\DatabaseHandler' driver.
INFO - 2023-11-17 06:28:22 --> Session: Class initialized using 'CodeIgniter\Session\Handlers\DatabaseHandler' driver.
INFO - 2023-11-17 06:36:03 --> Session: Class initialized using 'CodeIgniter\Session\Handlers\DatabaseHandler' driver.
CRITICAL - 2023-11-17 06:36:03 --> include(connect.php): Failed to open stream: No such file or directory
in APPPATH\Views\files.php on line 155.
 1 APPPATH\Views\files.php(155): CodeIgniter\Debug\Exceptions->errorHandler(2, 'include(connect.php): Failed to open stream: No such file or directory', 'C:\\xampp8\\htdocs\\dokumentasi\\app\\Views\\files.php', 155)
 2 APPPATH\Views\files.php(155): include()
 3 SYSTEMPATH\View\View.php(228): include('C:\\xampp8\\htdocs\\dokumentasi\\app\\Views\\files.php')
 4 SYSTEMPATH\View\View.php(231): CodeIgniter\View\View->CodeIgniter\View\{closure}()
 5 SYSTEMPATH\Common.php(1190): CodeIgniter\View\View->render('files', [], true)
 6 APPPATH\Controllers\Files.php(47): view('files', [...])
 7 SYSTEMPATH\CodeIgniter.php(942): App\Controllers\Files->index()
 8 SYSTEMPATH\CodeIgniter.php(502): CodeIgniter\CodeIgniter->runController(Object(App\Controllers\Files))
 9 SYSTEMPATH\CodeIgniter.php(361): CodeIgniter\CodeIgniter->handleRequest(null, Object(Config\Cache), false)
10 FCPATH\index.php(79): CodeIgniter\CodeIgniter->run()
INFO - 2023-11-17 06:47:28 --> Session: Class initialized using 'CodeIgniter\Session\Handlers\DatabaseHandler' driver.
CRITICAL - 2023-11-17 06:47:29 --> Unmatched '}'
in APPPATH\Views\files.php on line 174.
 1 SYSTEMPATH\View\View.php(231): CodeIgniter\View\View->CodeIgniter\View\{closure}()
 2 SYSTEMPATH\Common.php(1190): CodeIgniter\View\View->render('files', [], true)
 3 APPPATH\Controllers\Files.php(47): view('files', [...])
 4 SYSTEMPATH\CodeIgniter.php(942): App\Controllers\Files->index()
 5 SYSTEMPATH\CodeIgniter.php(502): CodeIgniter\CodeIgniter->runController(Object(App\Controllers\Files))
 6 SYSTEMPATH\CodeIgniter.php(361): CodeIgniter\CodeIgniter->handleRequest(null, Object(Config\Cache), false)
 7 FCPATH\index.php(79): CodeIgniter\CodeIgniter->run()
INFO - 2023-11-17 06:50:29 --> Session: Class initialized using 'CodeIgniter\Session\Handlers\DatabaseHandler' driver.
CRITICAL - 2023-11-17 06:50:29 --> include(connect.php): Failed to open stream: No such file or directory
in APPPATH\Views\files.php on line 188.
 1 APPPATH\Views\files.php(188): CodeIgniter\Debug\Exceptions->errorHandler(2, 'include(connect.php): Failed to open stream: No such file or directory', 'C:\\xampp8\\htdocs\\dokumentasi\\app\\Views\\files.php', 188)
 2 APPPATH\Views\files.php(188): include()
 3 SYSTEMPATH\View\View.php(228): include('C:\\xampp8\\htdocs\\dokumentasi\\app\\Views\\files.php')
 4 SYSTEMPATH\View\View.php(231): CodeIgniter\View\View->CodeIgniter\View\{closure}()
 5 SYSTEMPATH\Common.php(1190): CodeIgniter\View\View->render('files', [], true)
 6 APPPATH\Controllers\Files.php(47): view('files', [...])
 7 SYSTEMPATH\CodeIgniter.php(942): App\Controllers\Files->index()
 8 SYSTEMPATH\CodeIgniter.php(502): CodeIgniter\CodeIgniter->runController(Object(App\Controllers\Files))
 9 SYSTEMPATH\CodeIgniter.php(361): CodeIgniter\CodeIgniter->handleRequest(null, Object(Config\Cache), false)
10 FCPATH\index.php(79): CodeIgniter\CodeIgniter->run()
INFO - 2023-11-17 06:53:02 --> Session: Class initialized using 'CodeIgniter\Session\Handlers\DatabaseHandler' driver.
INFO - 2023-11-17 06:55:22 --> Session: Class initialized using 'CodeIgniter\Session\Handlers\DatabaseHandler' driver.
INFO - 2023-11-17 06:55:48 --> Session: Class initialized using 'CodeIgniter\Session\Handlers\DatabaseHandler' driver.
INFO - 2023-11-17 06:56:17 --> Session: Class initialized using 'CodeIgniter\Session\Handlers\DatabaseHandler' driver.
INFO - 2023-11-17 06:57:47 --> Session: Class initialized using 'CodeIgniter\Session\Handlers\DatabaseHandler' driver.
INFO - 2023-11-17 06:57:58 --> Session: Class initialized using 'CodeIgniter\Session\Handlers\DatabaseHandler' driver.
INFO - 2023-11-17 06:58:15 --> Session: Class initialized using 'CodeIgniter\Session\Handlers\DatabaseHandler' driver.
INFO - 2023-11-17 06:58:45 --> Session: Class initialized using 'CodeIgniter\Session\Handlers\DatabaseHandler' driver.
INFO - 2023-11-17 07:01:40 --> Session: Class initialized using 'CodeIgniter\Session\Handlers\DatabaseHandler' driver.
INFO - 2023-11-17 07:01:47 --> Session: Class initialized using 'CodeIgniter\Session\Handlers\DatabaseHandler' driver.
INFO - 2023-11-17 07:02:27 --> Session: Class initialized using 'CodeIgniter\Session\Handlers\DatabaseHandler' driver.
INFO - 2023-11-17 07:02:53 --> Session: Class initialized using 'CodeIgniter\Session\Handlers\DatabaseHandler' driver.
INFO - 2023-11-17 07:02:57 --> Session: Class initialized using 'CodeIgniter\Session\Handlers\DatabaseHandler' driver.
INFO - 2023-11-17 07:04:02 --> Session: Class initialized using 'CodeIgniter\Session\Handlers\DatabaseHandler' driver.
INFO - 2023-11-17 07:04:03 --> Session: Class initialized using 'CodeIgniter\Session\Handlers\DatabaseHandler' driver.
INFO - 2023-11-17 07:04:05 --> Session: Class initialized using 'CodeIgniter\Session\Handlers\DatabaseHandler' driver.
INFO - 2023-11-17 07:04:07 --> Session: Class initialized using 'CodeIgniter\Session\Handlers\DatabaseHandler' driver.
INFO - 2023-11-17 07:04:10 --> Session: Class initialized using 'CodeIgniter\Session\Handlers\DatabaseHandler' driver.
INFO - 2023-11-17 07:04:14 --> Session: Class initialized using 'CodeIgniter\Session\Handlers\DatabaseHandler' driver.
INFO - 2023-11-17 07:04:28 --> Session: Class initialized using 'CodeIgniter\Session\Handlers\DatabaseHandler' driver.
INFO - 2023-11-17 07:05:25 --> Session: Class initialized using 'CodeIgniter\Session\Handlers\DatabaseHandler' driver.
INFO - 2023-11-17 07:05:30 --> Session: Class initialized using 'CodeIgniter\Session\Handlers\DatabaseHandler' driver.
INFO - 2023-11-17 07:05:31 --> Session: Class initialized using 'CodeIgniter\Session\Handlers\DatabaseHandler' driver.
INFO - 2023-11-17 07:05:41 --> Session: Class initialized using 'CodeIgniter\Session\Handlers\DatabaseHandler' driver.
INFO - 2023-11-17 07:05:51 --> Session: Class initialized using 'CodeIgniter\Session\Handlers\DatabaseHandler' driver.
INFO - 2023-11-17 07:05:52 --> Session: Class initialized using 'CodeIgniter\Session\Handlers\DatabaseHandler' driver.
INFO - 2023-11-17 07:05:58 --> Session: Class initialized using 'CodeIgniter\Session\Handlers\DatabaseHandler' driver.
INFO - 2023-11-17 07:05:58 --> Session: Class initialized using 'CodeIgniter\Session\Handlers\DatabaseHandler' driver.
WARNING - 2023-11-17 07:05:58 --> [DEPRECATED] number_format(): Passing null to parameter #1 ($num) of type float is deprecated in APPPATH\Views\admin\index.php on line 59.
 1 APPPATH\Views\admin\index.php(59): number_format(null, 0, ',', '.')
 2 SYSTEMPATH\View\View.php(228): include('C:\\xampp8\\htdocs\\dokumentasi\\app\\Views\\admin\\index.php')
 3 SYSTEMPATH\View\View.php(231): CodeIgniter\View\View->CodeIgniter\View\{closure}()
 4 SYSTEMPATH\Common.php(1190): CodeIgniter\View\View->render('admin/index', [], true)
 5 APPPATH\Controllers\Admin\Admin.php(55): view('admin/index', [...])
 6 SYSTEMPATH\CodeIgniter.php(942): App\Controllers\Admin\Admin->index()
 7 SYSTEMPATH\CodeIgniter.php(502): CodeIgniter\CodeIgniter->runController(Object(App\Controllers\Admin\Admin))
 8 SYSTEMPATH\CodeIgniter.php(361): CodeIgniter\CodeIgniter->handleRequest(null, Object(Config\Cache), false)
 9 FCPATH\index.php(79): CodeIgniter\CodeIgniter->run()
INFO - 2023-11-17 07:06:01 --> Session: Class initialized using 'CodeIgniter\Session\Handlers\DatabaseHandler' driver.
INFO - 2023-11-17 07:07:31 --> Session: Class initialized using 'CodeIgniter\Session\Handlers\DatabaseHandler' driver.
INFO - 2023-11-17 07:07:57 --> Session: Class initialized using 'CodeIgniter\Session\Handlers\DatabaseHandler' driver.
INFO - 2023-11-17 07:08:15 --> Session: Class initialized using 'CodeIgniter\Session\Handlers\DatabaseHandler' driver.
INFO - 2023-11-17 07:09:27 --> Session: Class initialized using 'CodeIgniter\Session\Handlers\DatabaseHandler' driver.
INFO - 2023-11-17 07:19:15 --> Session: Class initialized using 'CodeIgniter\Session\Handlers\DatabaseHandler' driver.
INFO - 2023-11-17 07:20:18 --> Session: Class initialized using 'CodeIgniter\Session\Handlers\DatabaseHandler' driver.
INFO - 2023-11-17 07:20:20 --> Session: Class initialized using 'CodeIgniter\Session\Handlers\DatabaseHandler' driver.
CRITICAL - 2023-11-17 07:20:23 --> unlink(C:\xampp8\htdocs\dokumentasi\writable\debugbar/debugbar_1700179446.021903.json): No such file or directory
in SYSTEMPATH\Debug\Toolbar\Collectors\History.php on line 80.
 1 [internal function]: CodeIgniter\Debug\Exceptions->errorHandler(2, 'unlink(C:\\xampp8\\htdocs\\dokumentasi\\writable\\debugbar/debugbar_1700179446.021903.json): No such file or directory', 'C:\\xampp8\\htdocs\\dokumentasi\\system\\Debug\\Toolbar\\Collectors\\History.php', 80)
 2 SYSTEMPATH\Debug\Toolbar\Collectors\History.php(80): unlink('C:\\xampp8\\htdocs\\dokumentasi\\writable\\debugbar/debugbar_1700179446.021903.json')
 3 SYSTEMPATH\Debug\Toolbar.php(499): CodeIgniter\Debug\Toolbar\Collectors\History->setFiles('1700180419.463926', 20)
 4 SYSTEMPATH\Debug\Toolbar.php(476): CodeIgniter\Debug\Toolbar->format([...], 'html')
 5 APPPATH\Config\Events.php(47): CodeIgniter\Debug\Toolbar->respond()
 6 SYSTEMPATH\Events\Events.php(154): CodeIgniter\Events\Events::Config\{closure}()
 7 SYSTEMPATH\CodeIgniter.php(442): CodeIgniter\Events\Events::trigger('pre_system')
 8 SYSTEMPATH\CodeIgniter.php(361): CodeIgniter\CodeIgniter->handleRequest(null, Object(Config\Cache), false)
 9 FCPATH\index.php(79): CodeIgniter\CodeIgniter->run()
INFO - 2023-11-17 07:20:23 --> Session: Class initialized using 'CodeIgniter\Session\Handlers\DatabaseHandler' driver.
INFO - 2023-11-17 07:20:27 --> Session: Class initialized using 'CodeIgniter\Session\Handlers\DatabaseHandler' driver.
INFO - 2023-11-17 07:20:33 --> Session: Class initialized using 'CodeIgniter\Session\Handlers\DatabaseHandler' driver.
CRITICAL - 2023-11-17 07:20:33 --> include(connect.php): Failed to open stream: No such file or directory
in APPPATH\Views\detail-files.php on line 155.
 1 APPPATH\Views\detail-files.php(155): CodeIgniter\Debug\Exceptions->errorHandler(2, 'include(connect.php): Failed to open stream: No such file or directory', 'C:\\xampp8\\htdocs\\dokumentasi\\app\\Views\\detail-files.php', 155)
 2 APPPATH\Views\detail-files.php(155): include()
 3 SYSTEMPATH\View\View.php(228): include('C:\\xampp8\\htdocs\\dokumentasi\\app\\Views\\detail-files.php')
 4 SYSTEMPATH\View\View.php(231): CodeIgniter\View\View->CodeIgniter\View\{closure}()
 5 SYSTEMPATH\Common.php(1190): CodeIgniter\View\View->render('detail-files', [], true)
 6 APPPATH\Controllers\Files.php(80): view('detail-files', [...])
 7 SYSTEMPATH\CodeIgniter.php(942): App\Controllers\Files->detail('web-topup-games-end-games')
 8 SYSTEMPATH\CodeIgniter.php(502): CodeIgniter\CodeIgniter->runController(Object(App\Controllers\Files))
 9 SYSTEMPATH\CodeIgniter.php(361): CodeIgniter\CodeIgniter->handleRequest(null, Object(Config\Cache), false)
10 FCPATH\index.php(79): CodeIgniter\CodeIgniter->run()
INFO - 2023-11-17 07:25:48 --> Session: Class initialized using 'CodeIgniter\Session\Handlers\DatabaseHandler' driver.
CRITICAL - 2023-11-17 07:25:48 --> include(connect.php): Failed to open stream: No such file or directory
in APPPATH\Views\detail-files.php on line 183.
 1 APPPATH\Views\detail-files.php(183): CodeIgniter\Debug\Exceptions->errorHandler(2, 'include(connect.php): Failed to open stream: No such file or directory', 'C:\\xampp8\\htdocs\\dokumentasi\\app\\Views\\detail-files.php', 183)
 2 APPPATH\Views\detail-files.php(183): include()
 3 SYSTEMPATH\View\View.php(228): include('C:\\xampp8\\htdocs\\dokumentasi\\app\\Views\\detail-files.php')
 4 SYSTEMPATH\View\View.php(231): CodeIgniter\View\View->CodeIgniter\View\{closure}()
 5 SYSTEMPATH\Common.php(1190): CodeIgniter\View\View->render('detail-files', [], true)
 6 APPPATH\Controllers\Files.php(80): view('detail-files', [...])
 7 SYSTEMPATH\CodeIgniter.php(942): App\Controllers\Files->detail('web-topup-games-end-games')
 8 SYSTEMPATH\CodeIgniter.php(502): CodeIgniter\CodeIgniter->runController(Object(App\Controllers\Files))
 9 SYSTEMPATH\CodeIgniter.php(361): CodeIgniter\CodeIgniter->handleRequest(null, Object(Config\Cache), false)
10 FCPATH\index.php(79): CodeIgniter\CodeIgniter->run()
INFO - 2023-11-17 07:27:51 --> Session: Class initialized using 'CodeIgniter\Session\Handlers\DatabaseHandler' driver.
INFO - 2023-11-17 07:29:26 --> Session: Class initialized using 'CodeIgniter\Session\Handlers\DatabaseHandler' driver.
CRITICAL - 2023-11-17 07:29:26 --> include(connect.php): Failed to open stream: No such file or directory
in APPPATH\Views\detail-files.php on line 111.
 1 APPPATH\Views\detail-files.php(111): CodeIgniter\Debug\Exceptions->errorHandler(2, 'include(connect.php): Failed to open stream: No such file or directory', 'C:\\xampp8\\htdocs\\dokumentasi\\app\\Views\\detail-files.php', 111)
 2 APPPATH\Views\detail-files.php(111): include()
 3 SYSTEMPATH\View\View.php(228): include('C:\\xampp8\\htdocs\\dokumentasi\\app\\Views\\detail-files.php')
 4 SYSTEMPATH\View\View.php(231): CodeIgniter\View\View->CodeIgniter\View\{closure}()
 5 SYSTEMPATH\Common.php(1190): CodeIgniter\View\View->render('detail-files', [], true)
 6 APPPATH\Controllers\Files.php(80): view('detail-files', [...])
 7 SYSTEMPATH\CodeIgniter.php(942): App\Controllers\Files->detail('web-topup-games-end-games')
 8 SYSTEMPATH\CodeIgniter.php(502): CodeIgniter\CodeIgniter->runController(Object(App\Controllers\Files))
 9 SYSTEMPATH\CodeIgniter.php(361): CodeIgniter\CodeIgniter->handleRequest(null, Object(Config\Cache), false)
10 FCPATH\index.php(79): CodeIgniter\CodeIgniter->run()
INFO - 2023-11-17 07:31:00 --> Session: Class initialized using 'CodeIgniter\Session\Handlers\DatabaseHandler' driver.
CRITICAL - 2023-11-17 07:31:00 --> Unmatched '}'
in APPPATH\Views\detail-files.php on line 194.
 1 SYSTEMPATH\View\View.php(231): CodeIgniter\View\View->CodeIgniter\View\{closure}()
 2 SYSTEMPATH\Common.php(1190): CodeIgniter\View\View->render('detail-files', [], true)
 3 APPPATH\Controllers\Files.php(80): view('detail-files', [...])
 4 SYSTEMPATH\CodeIgniter.php(942): App\Controllers\Files->detail('web-topup-games-end-games')
 5 SYSTEMPATH\CodeIgniter.php(502): CodeIgniter\CodeIgniter->runController(Object(App\Controllers\Files))
 6 SYSTEMPATH\CodeIgniter.php(361): CodeIgniter\CodeIgniter->handleRequest(null, Object(Config\Cache), false)
 7 FCPATH\index.php(79): CodeIgniter\CodeIgniter->run()
INFO - 2023-11-17 07:31:13 --> Session: Class initialized using 'CodeIgniter\Session\Handlers\DatabaseHandler' driver.
CRITICAL - 2023-11-17 07:31:13 --> Undefined variable $adesc
in APPPATH\Views\detail-files.php on line 161.
 1 APPPATH\Views\detail-files.php(161): CodeIgniter\Debug\Exceptions->errorHandler(2, 'Undefined variable $adesc', 'C:\\xampp8\\htdocs\\dokumentasi\\app\\Views\\detail-files.php', 161)
 2 SYSTEMPATH\View\View.php(228): include('C:\\xampp8\\htdocs\\dokumentasi\\app\\Views\\detail-files.php')
 3 SYSTEMPATH\View\View.php(231): CodeIgniter\View\View->CodeIgniter\View\{closure}()
 4 SYSTEMPATH\Common.php(1190): CodeIgniter\View\View->render('detail-files', [], true)
 5 APPPATH\Controllers\Files.php(80): view('detail-files', [...])
 6 SYSTEMPATH\CodeIgniter.php(942): App\Controllers\Files->detail('web-topup-games-end-games')
 7 SYSTEMPATH\CodeIgniter.php(502): CodeIgniter\CodeIgniter->runController(Object(App\Controllers\Files))
 8 SYSTEMPATH\CodeIgniter.php(361): CodeIgniter\CodeIgniter->handleRequest(null, Object(Config\Cache), false)
 9 FCPATH\index.php(79): CodeIgniter\CodeIgniter->run()
INFO - 2023-11-17 07:33:04 --> Session: Class initialized using 'CodeIgniter\Session\Handlers\DatabaseHandler' driver.
CRITICAL - 2023-11-17 07:33:04 --> Undefined variable $date
in APPPATH\Views\detail-files.php on line 175.
 1 APPPATH\Views\detail-files.php(175): CodeIgniter\Debug\Exceptions->errorHandler(2, 'Undefined variable $date', 'C:\\xampp8\\htdocs\\dokumentasi\\app\\Views\\detail-files.php', 175)
 2 SYSTEMPATH\View\View.php(228): include('C:\\xampp8\\htdocs\\dokumentasi\\app\\Views\\detail-files.php')
 3 SYSTEMPATH\View\View.php(231): CodeIgniter\View\View->CodeIgniter\View\{closure}()
 4 SYSTEMPATH\Common.php(1190): CodeIgniter\View\View->render('detail-files', [], true)
 5 APPPATH\Controllers\Files.php(80): view('detail-files', [...])
 6 SYSTEMPATH\CodeIgniter.php(942): App\Controllers\Files->detail('web-topup-games-end-games')
 7 SYSTEMPATH\CodeIgniter.php(502): CodeIgniter\CodeIgniter->runController(Object(App\Controllers\Files))
 8 SYSTEMPATH\CodeIgniter.php(361): CodeIgniter\CodeIgniter->handleRequest(null, Object(Config\Cache), false)
 9 FCPATH\index.php(79): CodeIgniter\CodeIgniter->run()
INFO - 2023-11-17 07:33:28 --> Session: Class initialized using 'CodeIgniter\Session\Handlers\DatabaseHandler' driver.
INFO - 2023-11-17 07:34:04 --> Session: Class initialized using 'CodeIgniter\Session\Handlers\DatabaseHandler' driver.
INFO - 2023-11-17 07:34:56 --> Session: Class initialized using 'CodeIgniter\Session\Handlers\DatabaseHandler' driver.
CRITICAL - 2023-11-17 07:34:56 --> Undefined array key "fotografer"
in APPPATH\Views\detail-files.php on line 174.
 1 APPPATH\Views\detail-files.php(174): CodeIgniter\Debug\Exceptions->errorHandler(2, 'Undefined array key "fotografer"', 'C:\\xampp8\\htdocs\\dokumentasi\\app\\Views\\detail-files.php', 174)
 2 SYSTEMPATH\View\View.php(228): include('C:\\xampp8\\htdocs\\dokumentasi\\app\\Views\\detail-files.php')
 3 SYSTEMPATH\View\View.php(231): CodeIgniter\View\View->CodeIgniter\View\{closure}()
 4 SYSTEMPATH\Common.php(1190): CodeIgniter\View\View->render('detail-files', [], true)
 5 APPPATH\Controllers\Files.php(80): view('detail-files', [...])
 6 SYSTEMPATH\CodeIgniter.php(942): App\Controllers\Files->detail('web-topup-games-end-games')
 7 SYSTEMPATH\CodeIgniter.php(502): CodeIgniter\CodeIgniter->runController(Object(App\Controllers\Files))
 8 SYSTEMPATH\CodeIgniter.php(361): CodeIgniter\CodeIgniter->handleRequest(null, Object(Config\Cache), false)
 9 FCPATH\index.php(79): CodeIgniter\CodeIgniter->run()
INFO - 2023-11-17 07:36:45 --> Session: Class initialized using 'CodeIgniter\Session\Handlers\DatabaseHandler' driver.
CRITICAL - 2023-11-17 07:36:45 --> Undefined array key "produk_id"
in APPPATH\Controllers\Files.php on line 63.
 1 APPPATH\Controllers\Files.php(63): CodeIgniter\Debug\Exceptions->errorHandler(2, 'Undefined array key "produk_id"', 'C:\\xampp8\\htdocs\\dokumentasi\\app\\Controllers\\Files.php', 63)
 2 SYSTEMPATH\CodeIgniter.php(942): App\Controllers\Files->detail('web-topup-games-end-games')
 3 SYSTEMPATH\CodeIgniter.php(502): CodeIgniter\CodeIgniter->runController(Object(App\Controllers\Files))
 4 SYSTEMPATH\CodeIgniter.php(361): CodeIgniter\CodeIgniter->handleRequest(null, Object(Config\Cache), false)
 5 FCPATH\index.php(79): CodeIgniter\CodeIgniter->run()
INFO - 2023-11-17 07:37:42 --> Session: Class initialized using 'CodeIgniter\Session\Handlers\DatabaseHandler' driver.
INFO - 2023-11-17 07:39:47 --> Session: Class initialized using 'CodeIgniter\Session\Handlers\DatabaseHandler' driver.
INFO - 2023-11-17 07:41:05 --> Session: Class initialized using 'CodeIgniter\Session\Handlers\DatabaseHandler' driver.
INFO - 2023-11-17 07:41:32 --> Session: Class initialized using 'CodeIgniter\Session\Handlers\DatabaseHandler' driver.
INFO - 2023-11-17 07:41:55 --> Session: Class initialized using 'CodeIgniter\Session\Handlers\DatabaseHandler' driver.
CRITICAL - 2023-11-17 07:41:55 --> Undefined array key "produk_id"
in APPPATH\Views\files.php on line 157.
 1 APPPATH\Views\files.php(157): CodeIgniter\Debug\Exceptions->errorHandler(2, 'Undefined array key "produk_id"', 'C:\\xampp8\\htdocs\\dokumentasi\\app\\Views\\files.php', 157)
 2 SYSTEMPATH\View\View.php(228): include('C:\\xampp8\\htdocs\\dokumentasi\\app\\Views\\files.php')
 3 SYSTEMPATH\View\View.php(231): CodeIgniter\View\View->CodeIgniter\View\{closure}()
 4 SYSTEMPATH\Common.php(1190): CodeIgniter\View\View->render('files', [], true)
 5 APPPATH\Controllers\Files.php(47): view('files', [...])
 6 SYSTEMPATH\CodeIgniter.php(942): App\Controllers\Files->index()
 7 SYSTEMPATH\CodeIgniter.php(502): CodeIgniter\CodeIgniter->runController(Object(App\Controllers\Files))
 8 SYSTEMPATH\CodeIgniter.php(361): CodeIgniter\CodeIgniter->handleRequest(null, Object(Config\Cache), false)
 9 FCPATH\index.php(79): CodeIgniter\CodeIgniter->run()
INFO - 2023-11-17 07:42:40 --> Session: Class initialized using 'CodeIgniter\Session\Handlers\DatabaseHandler' driver.
