ERROR - 2024-01-04 13:48:02 --> Error connecting to the database: mysqli_sql_exception: Unknown database 'dokumentasi' in C:\xampp8\htdocs\dokumentasi_new\system\Database\MySQLi\Connection.php:185
Stack trace:
#0 C:\xampp8\htdocs\dokumentasi_new\system\Database\MySQLi\Connection.php(185): mysqli->real_connect('localhost', 'root', '', 'dokumentasi', 3306, '', 0)
#1 C:\xampp8\htdocs\dokumentasi_new\system\Database\BaseConnection.php(392): CodeIgniter\Database\MySQLi\Connection->connect(false)
#2 C:\xampp8\htdocs\dokumentasi_new\system\Session\Handlers\DatabaseHandler.php(98): CodeIgniter\Database\BaseConnection->initialize()
#3 [internal function]: CodeIgniter\Session\Handlers\DatabaseHandler->open('ci_sessions', 'ci_session')
#4 C:\xampp8\htdocs\dokumentasi_new\system\Session\Session.php(919): session_start()
#5 C:\xampp8\htdocs\dokumentasi_new\system\Session\Session.php(241): CodeIgniter\Session\Session->startSession()
#6 C:\xampp8\htdocs\dokumentasi_new\system\Config\Services.php(693): CodeIgniter\Session\Session->start()
#7 C:\xampp8\htdocs\dokumentasi_new\system\Config\BaseService.php(258): CodeIgniter\Config\Services::session(Object(Config\Session), false)
#8 C:\xampp8\htdocs\dokumentasi_new\system\Config\BaseService.php(199): CodeIgniter\Config\BaseService::__callStatic('session', Array)
#9 C:\xampp8\htdocs\dokumentasi_new\system\Config\Services.php(664): CodeIgniter\Config\BaseService::getSharedInstance('session', NULL)
#10 C:\xampp8\htdocs\dokumentasi_new\system\Config\BaseService.php(258): CodeIgniter\Config\Services::session()
#11 C:\xampp8\htdocs\dokumentasi_new\app\Controllers\Admin\Files.php(17): CodeIgniter\Config\BaseService::__callStatic('session', Array)
#12 C:\xampp8\htdocs\dokumentasi_new\system\CodeIgniter.php(914): App\Controllers\Admin\Files->__construct()
#13 C:\xampp8\htdocs\dokumentasi_new\system\CodeIgniter.php(493): CodeIgniter\CodeIgniter->createController()
#14 C:\xampp8\htdocs\dokumentasi_new\system\CodeIgniter.php(361): CodeIgniter\CodeIgniter->handleRequest(NULL, Object(Config\Cache), false)
#15 C:\xampp8\htdocs\dokumentasi_new\index.php(79): CodeIgniter\CodeIgniter->run()
#16 {main}

Next CodeIgniter\Database\Exceptions\DatabaseException: Unknown database 'dokumentasi' in C:\xampp8\htdocs\dokumentasi_new\system\Database\MySQLi\Connection.php:229
Stack trace:
#0 C:\xampp8\htdocs\dokumentasi_new\system\Database\BaseConnection.php(392): CodeIgniter\Database\MySQLi\Connection->connect(false)
#1 C:\xampp8\htdocs\dokumentasi_new\system\Session\Handlers\DatabaseHandler.php(98): CodeIgniter\Database\BaseConnection->initialize()
#2 [internal function]: CodeIgniter\Session\Handlers\DatabaseHandler->open('ci_sessions', 'ci_session')
#3 C:\xampp8\htdocs\dokumentasi_new\system\Session\Session.php(919): session_start()
#4 C:\xampp8\htdocs\dokumentasi_new\system\Session\Session.php(241): CodeIgniter\Session\Session->startSession()
#5 C:\xampp8\htdocs\dokumentasi_new\system\Config\Services.php(693): CodeIgniter\Session\Session->start()
#6 C:\xampp8\htdocs\dokumentasi_new\system\Config\BaseService.php(258): CodeIgniter\Config\Services::session(Object(Config\Session), false)
#7 C:\xampp8\htdocs\dokumentasi_new\system\Config\BaseService.php(199): CodeIgniter\Config\BaseService::__callStatic('session', Array)
#8 C:\xampp8\htdocs\dokumentasi_new\system\Config\Services.php(664): CodeIgniter\Config\BaseService::getSharedInstance('session', NULL)
#9 C:\xampp8\htdocs\dokumentasi_new\system\Config\BaseService.php(258): CodeIgniter\Config\Services::session()
#10 C:\xampp8\htdocs\dokumentasi_new\app\Controllers\Admin\Files.php(17): CodeIgniter\Config\BaseService::__callStatic('session', Array)
#11 C:\xampp8\htdocs\dokumentasi_new\system\CodeIgniter.php(914): App\Controllers\Admin\Files->__construct()
#12 C:\xampp8\htdocs\dokumentasi_new\system\CodeIgniter.php(493): CodeIgniter\CodeIgniter->createController()
#13 C:\xampp8\htdocs\dokumentasi_new\system\CodeIgniter.php(361): CodeIgniter\CodeIgniter->handleRequest(NULL, Object(Config\Cache), false)
#14 C:\xampp8\htdocs\dokumentasi_new\index.php(79): CodeIgniter\CodeIgniter->run()
#15 {main}
ERROR - 2024-01-04 13:48:02 --> Error connecting to the database: mysqli_sql_exception: Unknown database 'dokumentasi' in C:\xampp8\htdocs\dokumentasi_new\system\Database\MySQLi\Connection.php:185
Stack trace:
#0 C:\xampp8\htdocs\dokumentasi_new\system\Database\MySQLi\Connection.php(185): mysqli->real_connect('localhost', 'root', '', 'dokumentasi', 3306, '', 0)
#1 C:\xampp8\htdocs\dokumentasi_new\system\Database\BaseConnection.php(392): CodeIgniter\Database\MySQLi\Connection->connect(false)
#2 C:\xampp8\htdocs\dokumentasi_new\system\Session\Handlers\DatabaseHandler.php(98): CodeIgniter\Database\BaseConnection->initialize()
#3 [internal function]: CodeIgniter\Session\Handlers\DatabaseHandler->open('ci_sessions', 'ci_session')
#4 C:\xampp8\htdocs\dokumentasi_new\system\Session\Session.php(919): session_start()
#5 C:\xampp8\htdocs\dokumentasi_new\system\Session\Session.php(241): CodeIgniter\Session\Session->startSession()
#6 C:\xampp8\htdocs\dokumentasi_new\system\Config\Services.php(693): CodeIgniter\Session\Session->start()
#7 C:\xampp8\htdocs\dokumentasi_new\system\Config\BaseService.php(258): CodeIgniter\Config\Services::session(Object(Config\Session), false)
#8 C:\xampp8\htdocs\dokumentasi_new\system\Config\BaseService.php(199): CodeIgniter\Config\BaseService::__callStatic('session', Array)
#9 C:\xampp8\htdocs\dokumentasi_new\system\Config\Services.php(664): CodeIgniter\Config\BaseService::getSharedInstance('session', NULL)
#10 C:\xampp8\htdocs\dokumentasi_new\system\Config\BaseService.php(258): CodeIgniter\Config\Services::session()
#11 C:\xampp8\htdocs\dokumentasi_new\app\Controllers\Admin\Files.php(17): CodeIgniter\Config\BaseService::__callStatic('session', Array)
#12 C:\xampp8\htdocs\dokumentasi_new\system\CodeIgniter.php(914): App\Controllers\Admin\Files->__construct()
#13 C:\xampp8\htdocs\dokumentasi_new\system\CodeIgniter.php(493): CodeIgniter\CodeIgniter->createController()
#14 C:\xampp8\htdocs\dokumentasi_new\system\CodeIgniter.php(361): CodeIgniter\CodeIgniter->handleRequest(NULL, Object(Config\Cache), false)
#15 C:\xampp8\htdocs\dokumentasi_new\index.php(79): CodeIgniter\CodeIgniter->run()
#16 {main}

Next CodeIgniter\Database\Exceptions\DatabaseException: Unknown database 'dokumentasi' in C:\xampp8\htdocs\dokumentasi_new\system\Database\MySQLi\Connection.php:229
Stack trace:
#0 C:\xampp8\htdocs\dokumentasi_new\system\Database\BaseConnection.php(392): CodeIgniter\Database\MySQLi\Connection->connect(false)
#1 C:\xampp8\htdocs\dokumentasi_new\system\Session\Handlers\DatabaseHandler.php(98): CodeIgniter\Database\BaseConnection->initialize()
#2 [internal function]: CodeIgniter\Session\Handlers\DatabaseHandler->open('ci_sessions', 'ci_session')
#3 C:\xampp8\htdocs\dokumentasi_new\system\Session\Session.php(919): session_start()
#4 C:\xampp8\htdocs\dokumentasi_new\system\Session\Session.php(241): CodeIgniter\Session\Session->startSession()
#5 C:\xampp8\htdocs\dokumentasi_new\system\Config\Services.php(693): CodeIgniter\Session\Session->start()
#6 C:\xampp8\htdocs\dokumentasi_new\system\Config\BaseService.php(258): CodeIgniter\Config\Services::session(Object(Config\Session), false)
#7 C:\xampp8\htdocs\dokumentasi_new\system\Config\BaseService.php(199): CodeIgniter\Config\BaseService::__callStatic('session', Array)
#8 C:\xampp8\htdocs\dokumentasi_new\system\Config\Services.php(664): CodeIgniter\Config\BaseService::getSharedInstance('session', NULL)
#9 C:\xampp8\htdocs\dokumentasi_new\system\Config\BaseService.php(258): CodeIgniter\Config\Services::session()
#10 C:\xampp8\htdocs\dokumentasi_new\app\Controllers\Admin\Files.php(17): CodeIgniter\Config\BaseService::__callStatic('session', Array)
#11 C:\xampp8\htdocs\dokumentasi_new\system\CodeIgniter.php(914): App\Controllers\Admin\Files->__construct()
#12 C:\xampp8\htdocs\dokumentasi_new\system\CodeIgniter.php(493): CodeIgniter\CodeIgniter->createController()
#13 C:\xampp8\htdocs\dokumentasi_new\system\CodeIgniter.php(361): CodeIgniter\CodeIgniter->handleRequest(NULL, Object(Config\Cache), false)
#14 C:\xampp8\htdocs\dokumentasi_new\index.php(79): CodeIgniter\CodeIgniter->run()
#15 {main}
CRITICAL - 2024-01-04 13:48:02 --> Unable to connect to the database.
Main connection [MySQLi]: Unknown database 'dokumentasi'
in SYSTEMPATH\Database\BaseConnection.php on line 428.
 1 SYSTEMPATH\Session\Handlers\DatabaseHandler.php(98): CodeIgniter\Database\BaseConnection->initialize()
 2 [internal function]: CodeIgniter\Session\Handlers\DatabaseHandler->open('ci_sessions', 'ci_session')
 3 SYSTEMPATH\Session\Session.php(919): session_start()
 4 SYSTEMPATH\Session\Session.php(241): CodeIgniter\Session\Session->startSession()
 5 SYSTEMPATH\Config\Services.php(693): CodeIgniter\Session\Session->start()
 6 SYSTEMPATH\Config\BaseService.php(258): CodeIgniter\Config\Services::session(Object(Config\Session), false)
 7 SYSTEMPATH\Config\BaseService.php(199): CodeIgniter\Config\BaseService::__callStatic('session', [...])
 8 SYSTEMPATH\Config\Services.php(664): CodeIgniter\Config\BaseService::getSharedInstance('session', null)
 9 SYSTEMPATH\Config\BaseService.php(258): CodeIgniter\Config\Services::session()
10 APPPATH\Controllers\Admin\Files.php(17): CodeIgniter\Config\BaseService::__callStatic('session', [])
11 SYSTEMPATH\CodeIgniter.php(914): App\Controllers\Admin\Files->__construct()
12 SYSTEMPATH\CodeIgniter.php(493): CodeIgniter\CodeIgniter->createController()
13 SYSTEMPATH\CodeIgniter.php(361): CodeIgniter\CodeIgniter->handleRequest(null, Object(Config\Cache), false)
14 FCPATH\index.php(79): CodeIgniter\CodeIgniter->run()
CRITICAL - 2024-01-04 13:48:02 --> Unable to connect to the database.
Main connection [MySQLi]: Unknown database 'dokumentasi'
in SYSTEMPATH\Database\BaseConnection.php on line 428.
 1 SYSTEMPATH\Session\Handlers\DatabaseHandler.php(98): CodeIgniter\Database\BaseConnection->initialize()
 2 [internal function]: CodeIgniter\Session\Handlers\DatabaseHandler->open('ci_sessions', 'ci_session')
 3 SYSTEMPATH\Session\Session.php(919): session_start()
 4 SYSTEMPATH\Session\Session.php(241): CodeIgniter\Session\Session->startSession()
 5 SYSTEMPATH\Config\Services.php(693): CodeIgniter\Session\Session->start()
 6 SYSTEMPATH\Config\BaseService.php(258): CodeIgniter\Config\Services::session(Object(Config\Session), false)
 7 SYSTEMPATH\Config\BaseService.php(199): CodeIgniter\Config\BaseService::__callStatic('session', [...])
 8 SYSTEMPATH\Config\Services.php(664): CodeIgniter\Config\BaseService::getSharedInstance('session', null)
 9 SYSTEMPATH\Config\BaseService.php(258): CodeIgniter\Config\Services::session()
10 APPPATH\Controllers\Admin\Files.php(17): CodeIgniter\Config\BaseService::__callStatic('session', [])
11 SYSTEMPATH\CodeIgniter.php(914): App\Controllers\Admin\Files->__construct()
12 SYSTEMPATH\CodeIgniter.php(493): CodeIgniter\CodeIgniter->createController()
13 SYSTEMPATH\CodeIgniter.php(361): CodeIgniter\CodeIgniter->handleRequest(null, Object(Config\Cache), false)
14 FCPATH\index.php(79): CodeIgniter\CodeIgniter->run()
ERROR - 2024-01-04 13:48:26 --> Error connecting to the database: mysqli_sql_exception: Unknown database 'dokumentasi' in C:\xampp8\htdocs\dokumentasi_new\system\Database\MySQLi\Connection.php:185
Stack trace:
#0 C:\xampp8\htdocs\dokumentasi_new\system\Database\MySQLi\Connection.php(185): mysqli->real_connect('localhost', 'root', '', 'dokumentasi', 3306, '', 0)
#1 C:\xampp8\htdocs\dokumentasi_new\system\Database\BaseConnection.php(392): CodeIgniter\Database\MySQLi\Connection->connect(false)
#2 C:\xampp8\htdocs\dokumentasi_new\system\Session\Handlers\DatabaseHandler.php(98): CodeIgniter\Database\BaseConnection->initialize()
#3 [internal function]: CodeIgniter\Session\Handlers\DatabaseHandler->open('ci_sessions', 'ci_session')
#4 C:\xampp8\htdocs\dokumentasi_new\system\Session\Session.php(919): session_start()
#5 C:\xampp8\htdocs\dokumentasi_new\system\Session\Session.php(241): CodeIgniter\Session\Session->startSession()
#6 C:\xampp8\htdocs\dokumentasi_new\system\Config\Services.php(693): CodeIgniter\Session\Session->start()
#7 C:\xampp8\htdocs\dokumentasi_new\system\Config\BaseService.php(258): CodeIgniter\Config\Services::session(Object(Config\Session), false)
#8 C:\xampp8\htdocs\dokumentasi_new\system\Config\BaseService.php(199): CodeIgniter\Config\BaseService::__callStatic('session', Array)
#9 C:\xampp8\htdocs\dokumentasi_new\system\Config\Services.php(664): CodeIgniter\Config\BaseService::getSharedInstance('session', NULL)
#10 C:\xampp8\htdocs\dokumentasi_new\system\Config\BaseService.php(258): CodeIgniter\Config\Services::session()
#11 C:\xampp8\htdocs\dokumentasi_new\app\Controllers\Home.php(14): CodeIgniter\Config\BaseService::__callStatic('session', Array)
#12 C:\xampp8\htdocs\dokumentasi_new\system\CodeIgniter.php(914): App\Controllers\Home->__construct()
#13 C:\xampp8\htdocs\dokumentasi_new\system\CodeIgniter.php(493): CodeIgniter\CodeIgniter->createController()
#14 C:\xampp8\htdocs\dokumentasi_new\system\CodeIgniter.php(361): CodeIgniter\CodeIgniter->handleRequest(NULL, Object(Config\Cache), false)
#15 C:\xampp8\htdocs\dokumentasi_new\index.php(79): CodeIgniter\CodeIgniter->run()
#16 {main}

Next CodeIgniter\Database\Exceptions\DatabaseException: Unknown database 'dokumentasi' in C:\xampp8\htdocs\dokumentasi_new\system\Database\MySQLi\Connection.php:229
Stack trace:
#0 C:\xampp8\htdocs\dokumentasi_new\system\Database\BaseConnection.php(392): CodeIgniter\Database\MySQLi\Connection->connect(false)
#1 C:\xampp8\htdocs\dokumentasi_new\system\Session\Handlers\DatabaseHandler.php(98): CodeIgniter\Database\BaseConnection->initialize()
#2 [internal function]: CodeIgniter\Session\Handlers\DatabaseHandler->open('ci_sessions', 'ci_session')
#3 C:\xampp8\htdocs\dokumentasi_new\system\Session\Session.php(919): session_start()
#4 C:\xampp8\htdocs\dokumentasi_new\system\Session\Session.php(241): CodeIgniter\Session\Session->startSession()
#5 C:\xampp8\htdocs\dokumentasi_new\system\Config\Services.php(693): CodeIgniter\Session\Session->start()
#6 C:\xampp8\htdocs\dokumentasi_new\system\Config\BaseService.php(258): CodeIgniter\Config\Services::session(Object(Config\Session), false)
#7 C:\xampp8\htdocs\dokumentasi_new\system\Config\BaseService.php(199): CodeIgniter\Config\BaseService::__callStatic('session', Array)
#8 C:\xampp8\htdocs\dokumentasi_new\system\Config\Services.php(664): CodeIgniter\Config\BaseService::getSharedInstance('session', NULL)
#9 C:\xampp8\htdocs\dokumentasi_new\system\Config\BaseService.php(258): CodeIgniter\Config\Services::session()
#10 C:\xampp8\htdocs\dokumentasi_new\app\Controllers\Home.php(14): CodeIgniter\Config\BaseService::__callStatic('session', Array)
#11 C:\xampp8\htdocs\dokumentasi_new\system\CodeIgniter.php(914): App\Controllers\Home->__construct()
#12 C:\xampp8\htdocs\dokumentasi_new\system\CodeIgniter.php(493): CodeIgniter\CodeIgniter->createController()
#13 C:\xampp8\htdocs\dokumentasi_new\system\CodeIgniter.php(361): CodeIgniter\CodeIgniter->handleRequest(NULL, Object(Config\Cache), false)
#14 C:\xampp8\htdocs\dokumentasi_new\index.php(79): CodeIgniter\CodeIgniter->run()
#15 {main}
CRITICAL - 2024-01-04 13:48:26 --> Unable to connect to the database.
Main connection [MySQLi]: Unknown database 'dokumentasi'
in SYSTEMPATH\Database\BaseConnection.php on line 428.
 1 SYSTEMPATH\Session\Handlers\DatabaseHandler.php(98): CodeIgniter\Database\BaseConnection->initialize()
 2 [internal function]: CodeIgniter\Session\Handlers\DatabaseHandler->open('ci_sessions', 'ci_session')
 3 SYSTEMPATH\Session\Session.php(919): session_start()
 4 SYSTEMPATH\Session\Session.php(241): CodeIgniter\Session\Session->startSession()
 5 SYSTEMPATH\Config\Services.php(693): CodeIgniter\Session\Session->start()
 6 SYSTEMPATH\Config\BaseService.php(258): CodeIgniter\Config\Services::session(Object(Config\Session), false)
 7 SYSTEMPATH\Config\BaseService.php(199): CodeIgniter\Config\BaseService::__callStatic('session', [...])
 8 SYSTEMPATH\Config\Services.php(664): CodeIgniter\Config\BaseService::getSharedInstance('session', null)
 9 SYSTEMPATH\Config\BaseService.php(258): CodeIgniter\Config\Services::session()
10 APPPATH\Controllers\Home.php(14): CodeIgniter\Config\BaseService::__callStatic('session', [])
11 SYSTEMPATH\CodeIgniter.php(914): App\Controllers\Home->__construct()
12 SYSTEMPATH\CodeIgniter.php(493): CodeIgniter\CodeIgniter->createController()
13 SYSTEMPATH\CodeIgniter.php(361): CodeIgniter\CodeIgniter->handleRequest(null, Object(Config\Cache), false)
14 FCPATH\index.php(79): CodeIgniter\CodeIgniter->run()
ERROR - 2024-01-04 13:49:43 --> Error connecting to the database: mysqli_sql_exception: Unknown database 'dokumentasi' in C:\xampp8\htdocs\dokumentasi_new\system\Database\MySQLi\Connection.php:185
Stack trace:
#0 C:\xampp8\htdocs\dokumentasi_new\system\Database\MySQLi\Connection.php(185): mysqli->real_connect('localhost', 'root', '', 'dokumentasi', 3306, '', 0)
#1 C:\xampp8\htdocs\dokumentasi_new\system\Database\BaseConnection.php(392): CodeIgniter\Database\MySQLi\Connection->connect(false)
#2 C:\xampp8\htdocs\dokumentasi_new\system\Session\Handlers\DatabaseHandler.php(98): CodeIgniter\Database\BaseConnection->initialize()
#3 [internal function]: CodeIgniter\Session\Handlers\DatabaseHandler->open('ci_sessions', 'ci_session')
#4 C:\xampp8\htdocs\dokumentasi_new\system\Session\Session.php(919): session_start()
#5 C:\xampp8\htdocs\dokumentasi_new\system\Session\Session.php(241): CodeIgniter\Session\Session->startSession()
#6 C:\xampp8\htdocs\dokumentasi_new\system\Config\Services.php(693): CodeIgniter\Session\Session->start()
#7 C:\xampp8\htdocs\dokumentasi_new\system\Config\BaseService.php(258): CodeIgniter\Config\Services::session(Object(Config\Session), false)
#8 C:\xampp8\htdocs\dokumentasi_new\system\Config\BaseService.php(199): CodeIgniter\Config\BaseService::__callStatic('session', Array)
#9 C:\xampp8\htdocs\dokumentasi_new\system\Config\Services.php(664): CodeIgniter\Config\BaseService::getSharedInstance('session', NULL)
#10 C:\xampp8\htdocs\dokumentasi_new\system\Config\BaseService.php(258): CodeIgniter\Config\Services::session()
#11 C:\xampp8\htdocs\dokumentasi_new\app\Controllers\Home.php(14): CodeIgniter\Config\BaseService::__callStatic('session', Array)
#12 C:\xampp8\htdocs\dokumentasi_new\system\CodeIgniter.php(914): App\Controllers\Home->__construct()
#13 C:\xampp8\htdocs\dokumentasi_new\system\CodeIgniter.php(493): CodeIgniter\CodeIgniter->createController()
#14 C:\xampp8\htdocs\dokumentasi_new\system\CodeIgniter.php(361): CodeIgniter\CodeIgniter->handleRequest(NULL, Object(Config\Cache), false)
#15 C:\xampp8\htdocs\dokumentasi_new\index.php(79): CodeIgniter\CodeIgniter->run()
#16 {main}

Next CodeIgniter\Database\Exceptions\DatabaseException: Unknown database 'dokumentasi' in C:\xampp8\htdocs\dokumentasi_new\system\Database\MySQLi\Connection.php:229
Stack trace:
#0 C:\xampp8\htdocs\dokumentasi_new\system\Database\BaseConnection.php(392): CodeIgniter\Database\MySQLi\Connection->connect(false)
#1 C:\xampp8\htdocs\dokumentasi_new\system\Session\Handlers\DatabaseHandler.php(98): CodeIgniter\Database\BaseConnection->initialize()
#2 [internal function]: CodeIgniter\Session\Handlers\DatabaseHandler->open('ci_sessions', 'ci_session')
#3 C:\xampp8\htdocs\dokumentasi_new\system\Session\Session.php(919): session_start()
#4 C:\xampp8\htdocs\dokumentasi_new\system\Session\Session.php(241): CodeIgniter\Session\Session->startSession()
#5 C:\xampp8\htdocs\dokumentasi_new\system\Config\Services.php(693): CodeIgniter\Session\Session->start()
#6 C:\xampp8\htdocs\dokumentasi_new\system\Config\BaseService.php(258): CodeIgniter\Config\Services::session(Object(Config\Session), false)
#7 C:\xampp8\htdocs\dokumentasi_new\system\Config\BaseService.php(199): CodeIgniter\Config\BaseService::__callStatic('session', Array)
#8 C:\xampp8\htdocs\dokumentasi_new\system\Config\Services.php(664): CodeIgniter\Config\BaseService::getSharedInstance('session', NULL)
#9 C:\xampp8\htdocs\dokumentasi_new\system\Config\BaseService.php(258): CodeIgniter\Config\Services::session()
#10 C:\xampp8\htdocs\dokumentasi_new\app\Controllers\Home.php(14): CodeIgniter\Config\BaseService::__callStatic('session', Array)
#11 C:\xampp8\htdocs\dokumentasi_new\system\CodeIgniter.php(914): App\Controllers\Home->__construct()
#12 C:\xampp8\htdocs\dokumentasi_new\system\CodeIgniter.php(493): CodeIgniter\CodeIgniter->createController()
#13 C:\xampp8\htdocs\dokumentasi_new\system\CodeIgniter.php(361): CodeIgniter\CodeIgniter->handleRequest(NULL, Object(Config\Cache), false)
#14 C:\xampp8\htdocs\dokumentasi_new\index.php(79): CodeIgniter\CodeIgniter->run()
#15 {main}
CRITICAL - 2024-01-04 13:49:43 --> Unable to connect to the database.
Main connection [MySQLi]: Unknown database 'dokumentasi'
in SYSTEMPATH\Database\BaseConnection.php on line 428.
 1 SYSTEMPATH\Session\Handlers\DatabaseHandler.php(98): CodeIgniter\Database\BaseConnection->initialize()
 2 [internal function]: CodeIgniter\Session\Handlers\DatabaseHandler->open('ci_sessions', 'ci_session')
 3 SYSTEMPATH\Session\Session.php(919): session_start()
 4 SYSTEMPATH\Session\Session.php(241): CodeIgniter\Session\Session->startSession()
 5 SYSTEMPATH\Config\Services.php(693): CodeIgniter\Session\Session->start()
 6 SYSTEMPATH\Config\BaseService.php(258): CodeIgniter\Config\Services::session(Object(Config\Session), false)
 7 SYSTEMPATH\Config\BaseService.php(199): CodeIgniter\Config\BaseService::__callStatic('session', [...])
 8 SYSTEMPATH\Config\Services.php(664): CodeIgniter\Config\BaseService::getSharedInstance('session', null)
 9 SYSTEMPATH\Config\BaseService.php(258): CodeIgniter\Config\Services::session()
10 APPPATH\Controllers\Home.php(14): CodeIgniter\Config\BaseService::__callStatic('session', [])
11 SYSTEMPATH\CodeIgniter.php(914): App\Controllers\Home->__construct()
12 SYSTEMPATH\CodeIgniter.php(493): CodeIgniter\CodeIgniter->createController()
13 SYSTEMPATH\CodeIgniter.php(361): CodeIgniter\CodeIgniter->handleRequest(null, Object(Config\Cache), false)
14 FCPATH\index.php(79): CodeIgniter\CodeIgniter->run()
ERROR - 2024-01-04 13:50:02 --> Error connecting to the database: mysqli_sql_exception: Unknown database 'dokumentasi' in C:\xampp8\htdocs\dokumentasi_new\system\Database\MySQLi\Connection.php:185
Stack trace:
#0 C:\xampp8\htdocs\dokumentasi_new\system\Database\MySQLi\Connection.php(185): mysqli->real_connect('localhost', 'root', '', 'dokumentasi', 3306, '', 0)
#1 C:\xampp8\htdocs\dokumentasi_new\system\Database\BaseConnection.php(392): CodeIgniter\Database\MySQLi\Connection->connect(false)
#2 C:\xampp8\htdocs\dokumentasi_new\system\Session\Handlers\DatabaseHandler.php(98): CodeIgniter\Database\BaseConnection->initialize()
#3 [internal function]: CodeIgniter\Session\Handlers\DatabaseHandler->open('ci_sessions', 'ci_session')
#4 C:\xampp8\htdocs\dokumentasi_new\system\Session\Session.php(919): session_start()
#5 C:\xampp8\htdocs\dokumentasi_new\system\Session\Session.php(241): CodeIgniter\Session\Session->startSession()
#6 C:\xampp8\htdocs\dokumentasi_new\system\Config\Services.php(693): CodeIgniter\Session\Session->start()
#7 C:\xampp8\htdocs\dokumentasi_new\system\Config\BaseService.php(258): CodeIgniter\Config\Services::session(Object(Config\Session), false)
#8 C:\xampp8\htdocs\dokumentasi_new\system\Config\BaseService.php(199): CodeIgniter\Config\BaseService::__callStatic('session', Array)
#9 C:\xampp8\htdocs\dokumentasi_new\system\Config\Services.php(664): CodeIgniter\Config\BaseService::getSharedInstance('session', NULL)
#10 C:\xampp8\htdocs\dokumentasi_new\system\Config\BaseService.php(258): CodeIgniter\Config\Services::session()
#11 C:\xampp8\htdocs\dokumentasi_new\app\Controllers\Admin\Files.php(17): CodeIgniter\Config\BaseService::__callStatic('session', Array)
#12 C:\xampp8\htdocs\dokumentasi_new\system\CodeIgniter.php(914): App\Controllers\Admin\Files->__construct()
#13 C:\xampp8\htdocs\dokumentasi_new\system\CodeIgniter.php(493): CodeIgniter\CodeIgniter->createController()
#14 C:\xampp8\htdocs\dokumentasi_new\system\CodeIgniter.php(361): CodeIgniter\CodeIgniter->handleRequest(NULL, Object(Config\Cache), false)
#15 C:\xampp8\htdocs\dokumentasi_new\index.php(79): CodeIgniter\CodeIgniter->run()
#16 {main}

Next CodeIgniter\Database\Exceptions\DatabaseException: Unknown database 'dokumentasi' in C:\xampp8\htdocs\dokumentasi_new\system\Database\MySQLi\Connection.php:229
Stack trace:
#0 C:\xampp8\htdocs\dokumentasi_new\system\Database\BaseConnection.php(392): CodeIgniter\Database\MySQLi\Connection->connect(false)
#1 C:\xampp8\htdocs\dokumentasi_new\system\Session\Handlers\DatabaseHandler.php(98): CodeIgniter\Database\BaseConnection->initialize()
#2 [internal function]: CodeIgniter\Session\Handlers\DatabaseHandler->open('ci_sessions', 'ci_session')
#3 C:\xampp8\htdocs\dokumentasi_new\system\Session\Session.php(919): session_start()
#4 C:\xampp8\htdocs\dokumentasi_new\system\Session\Session.php(241): CodeIgniter\Session\Session->startSession()
#5 C:\xampp8\htdocs\dokumentasi_new\system\Config\Services.php(693): CodeIgniter\Session\Session->start()
#6 C:\xampp8\htdocs\dokumentasi_new\system\Config\BaseService.php(258): CodeIgniter\Config\Services::session(Object(Config\Session), false)
#7 C:\xampp8\htdocs\dokumentasi_new\system\Config\BaseService.php(199): CodeIgniter\Config\BaseService::__callStatic('session', Array)
#8 C:\xampp8\htdocs\dokumentasi_new\system\Config\Services.php(664): CodeIgniter\Config\BaseService::getSharedInstance('session', NULL)
#9 C:\xampp8\htdocs\dokumentasi_new\system\Config\BaseService.php(258): CodeIgniter\Config\Services::session()
#10 C:\xampp8\htdocs\dokumentasi_new\app\Controllers\Admin\Files.php(17): CodeIgniter\Config\BaseService::__callStatic('session', Array)
#11 C:\xampp8\htdocs\dokumentasi_new\system\CodeIgniter.php(914): App\Controllers\Admin\Files->__construct()
#12 C:\xampp8\htdocs\dokumentasi_new\system\CodeIgniter.php(493): CodeIgniter\CodeIgniter->createController()
#13 C:\xampp8\htdocs\dokumentasi_new\system\CodeIgniter.php(361): CodeIgniter\CodeIgniter->handleRequest(NULL, Object(Config\Cache), false)
#14 C:\xampp8\htdocs\dokumentasi_new\index.php(79): CodeIgniter\CodeIgniter->run()
#15 {main}
CRITICAL - 2024-01-04 13:50:02 --> Unable to connect to the database.
Main connection [MySQLi]: Unknown database 'dokumentasi'
in SYSTEMPATH\Database\BaseConnection.php on line 428.
 1 SYSTEMPATH\Session\Handlers\DatabaseHandler.php(98): CodeIgniter\Database\BaseConnection->initialize()
 2 [internal function]: CodeIgniter\Session\Handlers\DatabaseHandler->open('ci_sessions', 'ci_session')
 3 SYSTEMPATH\Session\Session.php(919): session_start()
 4 SYSTEMPATH\Session\Session.php(241): CodeIgniter\Session\Session->startSession()
 5 SYSTEMPATH\Config\Services.php(693): CodeIgniter\Session\Session->start()
 6 SYSTEMPATH\Config\BaseService.php(258): CodeIgniter\Config\Services::session(Object(Config\Session), false)
 7 SYSTEMPATH\Config\BaseService.php(199): CodeIgniter\Config\BaseService::__callStatic('session', [...])
 8 SYSTEMPATH\Config\Services.php(664): CodeIgniter\Config\BaseService::getSharedInstance('session', null)
 9 SYSTEMPATH\Config\BaseService.php(258): CodeIgniter\Config\Services::session()
10 APPPATH\Controllers\Admin\Files.php(17): CodeIgniter\Config\BaseService::__callStatic('session', [])
11 SYSTEMPATH\CodeIgniter.php(914): App\Controllers\Admin\Files->__construct()
12 SYSTEMPATH\CodeIgniter.php(493): CodeIgniter\CodeIgniter->createController()
13 SYSTEMPATH\CodeIgniter.php(361): CodeIgniter\CodeIgniter->handleRequest(null, Object(Config\Cache), false)
14 FCPATH\index.php(79): CodeIgniter\CodeIgniter->run()
ERROR - 2024-01-04 13:50:03 --> Error connecting to the database: mysqli_sql_exception: Unknown database 'dokumentasi' in C:\xampp8\htdocs\dokumentasi_new\system\Database\MySQLi\Connection.php:185
Stack trace:
#0 C:\xampp8\htdocs\dokumentasi_new\system\Database\MySQLi\Connection.php(185): mysqli->real_connect('localhost', 'root', '', 'dokumentasi', 3306, '', 0)
#1 C:\xampp8\htdocs\dokumentasi_new\system\Database\BaseConnection.php(392): CodeIgniter\Database\MySQLi\Connection->connect(false)
#2 C:\xampp8\htdocs\dokumentasi_new\system\Session\Handlers\DatabaseHandler.php(98): CodeIgniter\Database\BaseConnection->initialize()
#3 [internal function]: CodeIgniter\Session\Handlers\DatabaseHandler->open('ci_sessions', 'ci_session')
#4 C:\xampp8\htdocs\dokumentasi_new\system\Session\Session.php(919): session_start()
#5 C:\xampp8\htdocs\dokumentasi_new\system\Session\Session.php(241): CodeIgniter\Session\Session->startSession()
#6 C:\xampp8\htdocs\dokumentasi_new\system\Config\Services.php(693): CodeIgniter\Session\Session->start()
#7 C:\xampp8\htdocs\dokumentasi_new\system\Config\BaseService.php(258): CodeIgniter\Config\Services::session(Object(Config\Session), false)
#8 C:\xampp8\htdocs\dokumentasi_new\system\Config\BaseService.php(199): CodeIgniter\Config\BaseService::__callStatic('session', Array)
#9 C:\xampp8\htdocs\dokumentasi_new\system\Config\Services.php(664): CodeIgniter\Config\BaseService::getSharedInstance('session', NULL)
#10 C:\xampp8\htdocs\dokumentasi_new\system\Config\BaseService.php(258): CodeIgniter\Config\Services::session()
#11 C:\xampp8\htdocs\dokumentasi_new\app\Controllers\Admin\Files.php(17): CodeIgniter\Config\BaseService::__callStatic('session', Array)
#12 C:\xampp8\htdocs\dokumentasi_new\system\CodeIgniter.php(914): App\Controllers\Admin\Files->__construct()
#13 C:\xampp8\htdocs\dokumentasi_new\system\CodeIgniter.php(493): CodeIgniter\CodeIgniter->createController()
#14 C:\xampp8\htdocs\dokumentasi_new\system\CodeIgniter.php(361): CodeIgniter\CodeIgniter->handleRequest(NULL, Object(Config\Cache), false)
#15 C:\xampp8\htdocs\dokumentasi_new\index.php(79): CodeIgniter\CodeIgniter->run()
#16 {main}

Next CodeIgniter\Database\Exceptions\DatabaseException: Unknown database 'dokumentasi' in C:\xampp8\htdocs\dokumentasi_new\system\Database\MySQLi\Connection.php:229
Stack trace:
#0 C:\xampp8\htdocs\dokumentasi_new\system\Database\BaseConnection.php(392): CodeIgniter\Database\MySQLi\Connection->connect(false)
#1 C:\xampp8\htdocs\dokumentasi_new\system\Session\Handlers\DatabaseHandler.php(98): CodeIgniter\Database\BaseConnection->initialize()
#2 [internal function]: CodeIgniter\Session\Handlers\DatabaseHandler->open('ci_sessions', 'ci_session')
#3 C:\xampp8\htdocs\dokumentasi_new\system\Session\Session.php(919): session_start()
#4 C:\xampp8\htdocs\dokumentasi_new\system\Session\Session.php(241): CodeIgniter\Session\Session->startSession()
#5 C:\xampp8\htdocs\dokumentasi_new\system\Config\Services.php(693): CodeIgniter\Session\Session->start()
#6 C:\xampp8\htdocs\dokumentasi_new\system\Config\BaseService.php(258): CodeIgniter\Config\Services::session(Object(Config\Session), false)
#7 C:\xampp8\htdocs\dokumentasi_new\system\Config\BaseService.php(199): CodeIgniter\Config\BaseService::__callStatic('session', Array)
#8 C:\xampp8\htdocs\dokumentasi_new\system\Config\Services.php(664): CodeIgniter\Config\BaseService::getSharedInstance('session', NULL)
#9 C:\xampp8\htdocs\dokumentasi_new\system\Config\BaseService.php(258): CodeIgniter\Config\Services::session()
#10 C:\xampp8\htdocs\dokumentasi_new\app\Controllers\Admin\Files.php(17): CodeIgniter\Config\BaseService::__callStatic('session', Array)
#11 C:\xampp8\htdocs\dokumentasi_new\system\CodeIgniter.php(914): App\Controllers\Admin\Files->__construct()
#12 C:\xampp8\htdocs\dokumentasi_new\system\CodeIgniter.php(493): CodeIgniter\CodeIgniter->createController()
#13 C:\xampp8\htdocs\dokumentasi_new\system\CodeIgniter.php(361): CodeIgniter\CodeIgniter->handleRequest(NULL, Object(Config\Cache), false)
#14 C:\xampp8\htdocs\dokumentasi_new\index.php(79): CodeIgniter\CodeIgniter->run()
#15 {main}
CRITICAL - 2024-01-04 13:50:03 --> Unable to connect to the database.
Main connection [MySQLi]: Unknown database 'dokumentasi'
in SYSTEMPATH\Database\BaseConnection.php on line 428.
 1 SYSTEMPATH\Session\Handlers\DatabaseHandler.php(98): CodeIgniter\Database\BaseConnection->initialize()
 2 [internal function]: CodeIgniter\Session\Handlers\DatabaseHandler->open('ci_sessions', 'ci_session')
 3 SYSTEMPATH\Session\Session.php(919): session_start()
 4 SYSTEMPATH\Session\Session.php(241): CodeIgniter\Session\Session->startSession()
 5 SYSTEMPATH\Config\Services.php(693): CodeIgniter\Session\Session->start()
 6 SYSTEMPATH\Config\BaseService.php(258): CodeIgniter\Config\Services::session(Object(Config\Session), false)
 7 SYSTEMPATH\Config\BaseService.php(199): CodeIgniter\Config\BaseService::__callStatic('session', [...])
 8 SYSTEMPATH\Config\Services.php(664): CodeIgniter\Config\BaseService::getSharedInstance('session', null)
 9 SYSTEMPATH\Config\BaseService.php(258): CodeIgniter\Config\Services::session()
10 APPPATH\Controllers\Admin\Files.php(17): CodeIgniter\Config\BaseService::__callStatic('session', [])
11 SYSTEMPATH\CodeIgniter.php(914): App\Controllers\Admin\Files->__construct()
12 SYSTEMPATH\CodeIgniter.php(493): CodeIgniter\CodeIgniter->createController()
13 SYSTEMPATH\CodeIgniter.php(361): CodeIgniter\CodeIgniter->handleRequest(null, Object(Config\Cache), false)
14 FCPATH\index.php(79): CodeIgniter\CodeIgniter->run()
ERROR - 2024-01-04 13:50:50 --> Error connecting to the database: mysqli_sql_exception: Unknown database 'dokumentasi' in C:\xampp8\htdocs\dokumentasi_new\system\Database\MySQLi\Connection.php:185
Stack trace:
#0 C:\xampp8\htdocs\dokumentasi_new\system\Database\MySQLi\Connection.php(185): mysqli->real_connect('localhost', 'root', '', 'dokumentasi', 3306, '', 0)
#1 C:\xampp8\htdocs\dokumentasi_new\system\Database\BaseConnection.php(392): CodeIgniter\Database\MySQLi\Connection->connect(false)
#2 C:\xampp8\htdocs\dokumentasi_new\system\Session\Handlers\DatabaseHandler.php(98): CodeIgniter\Database\BaseConnection->initialize()
#3 [internal function]: CodeIgniter\Session\Handlers\DatabaseHandler->open('ci_sessions', 'ci_session')
#4 C:\xampp8\htdocs\dokumentasi_new\system\Session\Session.php(919): session_start()
#5 C:\xampp8\htdocs\dokumentasi_new\system\Session\Session.php(241): CodeIgniter\Session\Session->startSession()
#6 C:\xampp8\htdocs\dokumentasi_new\system\Config\Services.php(693): CodeIgniter\Session\Session->start()
#7 C:\xampp8\htdocs\dokumentasi_new\system\Config\BaseService.php(258): CodeIgniter\Config\Services::session(Object(Config\Session), false)
#8 C:\xampp8\htdocs\dokumentasi_new\system\Config\BaseService.php(199): CodeIgniter\Config\BaseService::__callStatic('session', Array)
#9 C:\xampp8\htdocs\dokumentasi_new\system\Config\Services.php(664): CodeIgniter\Config\BaseService::getSharedInstance('session', NULL)
#10 C:\xampp8\htdocs\dokumentasi_new\system\Config\BaseService.php(258): CodeIgniter\Config\Services::session()
#11 C:\xampp8\htdocs\dokumentasi_new\app\Controllers\Admin\Files.php(17): CodeIgniter\Config\BaseService::__callStatic('session', Array)
#12 C:\xampp8\htdocs\dokumentasi_new\system\CodeIgniter.php(914): App\Controllers\Admin\Files->__construct()
#13 C:\xampp8\htdocs\dokumentasi_new\system\CodeIgniter.php(493): CodeIgniter\CodeIgniter->createController()
#14 C:\xampp8\htdocs\dokumentasi_new\system\CodeIgniter.php(361): CodeIgniter\CodeIgniter->handleRequest(NULL, Object(Config\Cache), false)
#15 C:\xampp8\htdocs\dokumentasi_new\index.php(79): CodeIgniter\CodeIgniter->run()
#16 {main}

Next CodeIgniter\Database\Exceptions\DatabaseException: Unknown database 'dokumentasi' in C:\xampp8\htdocs\dokumentasi_new\system\Database\MySQLi\Connection.php:229
Stack trace:
#0 C:\xampp8\htdocs\dokumentasi_new\system\Database\BaseConnection.php(392): CodeIgniter\Database\MySQLi\Connection->connect(false)
#1 C:\xampp8\htdocs\dokumentasi_new\system\Session\Handlers\DatabaseHandler.php(98): CodeIgniter\Database\BaseConnection->initialize()
#2 [internal function]: CodeIgniter\Session\Handlers\DatabaseHandler->open('ci_sessions', 'ci_session')
#3 C:\xampp8\htdocs\dokumentasi_new\system\Session\Session.php(919): session_start()
#4 C:\xampp8\htdocs\dokumentasi_new\system\Session\Session.php(241): CodeIgniter\Session\Session->startSession()
#5 C:\xampp8\htdocs\dokumentasi_new\system\Config\Services.php(693): CodeIgniter\Session\Session->start()
#6 C:\xampp8\htdocs\dokumentasi_new\system\Config\BaseService.php(258): CodeIgniter\Config\Services::session(Object(Config\Session), false)
#7 C:\xampp8\htdocs\dokumentasi_new\system\Config\BaseService.php(199): CodeIgniter\Config\BaseService::__callStatic('session', Array)
#8 C:\xampp8\htdocs\dokumentasi_new\system\Config\Services.php(664): CodeIgniter\Config\BaseService::getSharedInstance('session', NULL)
#9 C:\xampp8\htdocs\dokumentasi_new\system\Config\BaseService.php(258): CodeIgniter\Config\Services::session()
#10 C:\xampp8\htdocs\dokumentasi_new\app\Controllers\Admin\Files.php(17): CodeIgniter\Config\BaseService::__callStatic('session', Array)
#11 C:\xampp8\htdocs\dokumentasi_new\system\CodeIgniter.php(914): App\Controllers\Admin\Files->__construct()
#12 C:\xampp8\htdocs\dokumentasi_new\system\CodeIgniter.php(493): CodeIgniter\CodeIgniter->createController()
#13 C:\xampp8\htdocs\dokumentasi_new\system\CodeIgniter.php(361): CodeIgniter\CodeIgniter->handleRequest(NULL, Object(Config\Cache), false)
#14 C:\xampp8\htdocs\dokumentasi_new\index.php(79): CodeIgniter\CodeIgniter->run()
#15 {main}
CRITICAL - 2024-01-04 13:50:50 --> Unable to connect to the database.
Main connection [MySQLi]: Unknown database 'dokumentasi'
in SYSTEMPATH\Database\BaseConnection.php on line 428.
 1 SYSTEMPATH\Session\Handlers\DatabaseHandler.php(98): CodeIgniter\Database\BaseConnection->initialize()
 2 [internal function]: CodeIgniter\Session\Handlers\DatabaseHandler->open('ci_sessions', 'ci_session')
 3 SYSTEMPATH\Session\Session.php(919): session_start()
 4 SYSTEMPATH\Session\Session.php(241): CodeIgniter\Session\Session->startSession()
 5 SYSTEMPATH\Config\Services.php(693): CodeIgniter\Session\Session->start()
 6 SYSTEMPATH\Config\BaseService.php(258): CodeIgniter\Config\Services::session(Object(Config\Session), false)
 7 SYSTEMPATH\Config\BaseService.php(199): CodeIgniter\Config\BaseService::__callStatic('session', [...])
 8 SYSTEMPATH\Config\Services.php(664): CodeIgniter\Config\BaseService::getSharedInstance('session', null)
 9 SYSTEMPATH\Config\BaseService.php(258): CodeIgniter\Config\Services::session()
10 APPPATH\Controllers\Admin\Files.php(17): CodeIgniter\Config\BaseService::__callStatic('session', [])
11 SYSTEMPATH\CodeIgniter.php(914): App\Controllers\Admin\Files->__construct()
12 SYSTEMPATH\CodeIgniter.php(493): CodeIgniter\CodeIgniter->createController()
13 SYSTEMPATH\CodeIgniter.php(361): CodeIgniter\CodeIgniter->handleRequest(null, Object(Config\Cache), false)
14 FCPATH\index.php(79): CodeIgniter\CodeIgniter->run()
ERROR - 2024-01-04 13:50:56 --> Error connecting to the database: mysqli_sql_exception: Unknown database 'dokumentasi' in C:\xampp8\htdocs\dokumentasi_new\system\Database\MySQLi\Connection.php:185
Stack trace:
#0 C:\xampp8\htdocs\dokumentasi_new\system\Database\MySQLi\Connection.php(185): mysqli->real_connect('localhost', 'root', '', 'dokumentasi', 3306, '', 0)
#1 C:\xampp8\htdocs\dokumentasi_new\system\Database\BaseConnection.php(392): CodeIgniter\Database\MySQLi\Connection->connect(false)
#2 C:\xampp8\htdocs\dokumentasi_new\system\Session\Handlers\DatabaseHandler.php(98): CodeIgniter\Database\BaseConnection->initialize()
#3 [internal function]: CodeIgniter\Session\Handlers\DatabaseHandler->open('ci_sessions', 'ci_session')
#4 C:\xampp8\htdocs\dokumentasi_new\system\Session\Session.php(919): session_start()
#5 C:\xampp8\htdocs\dokumentasi_new\system\Session\Session.php(241): CodeIgniter\Session\Session->startSession()
#6 C:\xampp8\htdocs\dokumentasi_new\system\Config\Services.php(693): CodeIgniter\Session\Session->start()
#7 C:\xampp8\htdocs\dokumentasi_new\system\Config\BaseService.php(258): CodeIgniter\Config\Services::session(Object(Config\Session), false)
#8 C:\xampp8\htdocs\dokumentasi_new\system\Config\BaseService.php(199): CodeIgniter\Config\BaseService::__callStatic('session', Array)
#9 C:\xampp8\htdocs\dokumentasi_new\system\Config\Services.php(664): CodeIgniter\Config\BaseService::getSharedInstance('session', NULL)
#10 C:\xampp8\htdocs\dokumentasi_new\system\Config\BaseService.php(258): CodeIgniter\Config\Services::session()
#11 C:\xampp8\htdocs\dokumentasi_new\app\Controllers\Home.php(14): CodeIgniter\Config\BaseService::__callStatic('session', Array)
#12 C:\xampp8\htdocs\dokumentasi_new\system\CodeIgniter.php(914): App\Controllers\Home->__construct()
#13 C:\xampp8\htdocs\dokumentasi_new\system\CodeIgniter.php(493): CodeIgniter\CodeIgniter->createController()
#14 C:\xampp8\htdocs\dokumentasi_new\system\CodeIgniter.php(361): CodeIgniter\CodeIgniter->handleRequest(NULL, Object(Config\Cache), false)
#15 C:\xampp8\htdocs\dokumentasi_new\index.php(79): CodeIgniter\CodeIgniter->run()
#16 {main}

Next CodeIgniter\Database\Exceptions\DatabaseException: Unknown database 'dokumentasi' in C:\xampp8\htdocs\dokumentasi_new\system\Database\MySQLi\Connection.php:229
Stack trace:
#0 C:\xampp8\htdocs\dokumentasi_new\system\Database\BaseConnection.php(392): CodeIgniter\Database\MySQLi\Connection->connect(false)
#1 C:\xampp8\htdocs\dokumentasi_new\system\Session\Handlers\DatabaseHandler.php(98): CodeIgniter\Database\BaseConnection->initialize()
#2 [internal function]: CodeIgniter\Session\Handlers\DatabaseHandler->open('ci_sessions', 'ci_session')
#3 C:\xampp8\htdocs\dokumentasi_new\system\Session\Session.php(919): session_start()
#4 C:\xampp8\htdocs\dokumentasi_new\system\Session\Session.php(241): CodeIgniter\Session\Session->startSession()
#5 C:\xampp8\htdocs\dokumentasi_new\system\Config\Services.php(693): CodeIgniter\Session\Session->start()
#6 C:\xampp8\htdocs\dokumentasi_new\system\Config\BaseService.php(258): CodeIgniter\Config\Services::session(Object(Config\Session), false)
#7 C:\xampp8\htdocs\dokumentasi_new\system\Config\BaseService.php(199): CodeIgniter\Config\BaseService::__callStatic('session', Array)
#8 C:\xampp8\htdocs\dokumentasi_new\system\Config\Services.php(664): CodeIgniter\Config\BaseService::getSharedInstance('session', NULL)
#9 C:\xampp8\htdocs\dokumentasi_new\system\Config\BaseService.php(258): CodeIgniter\Config\Services::session()
#10 C:\xampp8\htdocs\dokumentasi_new\app\Controllers\Home.php(14): CodeIgniter\Config\BaseService::__callStatic('session', Array)
#11 C:\xampp8\htdocs\dokumentasi_new\system\CodeIgniter.php(914): App\Controllers\Home->__construct()
#12 C:\xampp8\htdocs\dokumentasi_new\system\CodeIgniter.php(493): CodeIgniter\CodeIgniter->createController()
#13 C:\xampp8\htdocs\dokumentasi_new\system\CodeIgniter.php(361): CodeIgniter\CodeIgniter->handleRequest(NULL, Object(Config\Cache), false)
#14 C:\xampp8\htdocs\dokumentasi_new\index.php(79): CodeIgniter\CodeIgniter->run()
#15 {main}
CRITICAL - 2024-01-04 13:50:56 --> Unable to connect to the database.
Main connection [MySQLi]: Unknown database 'dokumentasi'
in SYSTEMPATH\Database\BaseConnection.php on line 428.
 1 SYSTEMPATH\Session\Handlers\DatabaseHandler.php(98): CodeIgniter\Database\BaseConnection->initialize()
 2 [internal function]: CodeIgniter\Session\Handlers\DatabaseHandler->open('ci_sessions', 'ci_session')
 3 SYSTEMPATH\Session\Session.php(919): session_start()
 4 SYSTEMPATH\Session\Session.php(241): CodeIgniter\Session\Session->startSession()
 5 SYSTEMPATH\Config\Services.php(693): CodeIgniter\Session\Session->start()
 6 SYSTEMPATH\Config\BaseService.php(258): CodeIgniter\Config\Services::session(Object(Config\Session), false)
 7 SYSTEMPATH\Config\BaseService.php(199): CodeIgniter\Config\BaseService::__callStatic('session', [...])
 8 SYSTEMPATH\Config\Services.php(664): CodeIgniter\Config\BaseService::getSharedInstance('session', null)
 9 SYSTEMPATH\Config\BaseService.php(258): CodeIgniter\Config\Services::session()
10 APPPATH\Controllers\Home.php(14): CodeIgniter\Config\BaseService::__callStatic('session', [])
11 SYSTEMPATH\CodeIgniter.php(914): App\Controllers\Home->__construct()
12 SYSTEMPATH\CodeIgniter.php(493): CodeIgniter\CodeIgniter->createController()
13 SYSTEMPATH\CodeIgniter.php(361): CodeIgniter\CodeIgniter->handleRequest(null, Object(Config\Cache), false)
14 FCPATH\index.php(79): CodeIgniter\CodeIgniter->run()
