CRITICAL - 2023-11-13 04:04:45 --> Undefined variable $whatsappTarget
in APPPATH/Controllers/Orders.php on line 182.
 1 APPPATH/Controllers/Orders.php(182): CodeIgniter\Debug\Exceptions->errorHandler(2, 'Undefined variable $whatsappTarget', '/storage/emulated/0/htdocs/web-product/app/Controllers/Orders.php', 182)
 2 SYSTEMPATH/CodeIgniter.php(942): App\Controllers\Orders->konfirmasiOrder()
 3 SYSTEMPATH/CodeIgniter.php(502): CodeIgniter\CodeIgniter->runController(Object(App\Controllers\Orders))
 4 SYSTEMPATH/CodeIgniter.php(361): CodeIgniter\CodeIgniter->handleRequest(null, Object(Config\Cache), false)
 5 FCPATH/index.php(79): CodeIgniter\CodeIgniter->run()
CRITICAL - 2023-11-13 04:11:33 --> Cannot use object of type stdClass as array
in APPPATH/Controllers/Admin/Orders.php on line 59.
 1 SYSTEMPATH/CodeIgniter.php(942): App\Controllers\admin\Orders->editOrder('13')
 2 SYSTEMPATH/CodeIgniter.php(502): CodeIgniter\CodeIgniter->runController(Object(App\Controllers\admin\Orders))
 3 SYSTEMPATH/CodeIgniter.php(361): CodeIgniter\CodeIgniter->handleRequest(null, Object(Config\Cache), false)
 4 FCPATH/index.php(79): CodeIgniter\CodeIgniter->run()
CRITICAL - 2023-11-13 05:08:15 --> Attempt to read property "no_whatsapp" on array
in APPPATH/Controllers/Orders.php on line 29.
 1 APPPATH/Controllers/Orders.php(29): CodeIgniter\Debug\Exceptions->errorHandler(2, 'Attempt to read property "no_whatsapp" on array', '/storage/emulated/0/htdocs/web-product/app/Controllers/Orders.php', 29)
 2 SYSTEMPATH/CodeIgniter.php(942): App\Controllers\Orders->index()
 3 SYSTEMPATH/CodeIgniter.php(502): CodeIgniter\CodeIgniter->runController(Object(App\Controllers\Orders))
 4 SYSTEMPATH/CodeIgniter.php(361): CodeIgniter\CodeIgniter->handleRequest(null, Object(Config\Cache), false)
 5 FCPATH/index.php(79): CodeIgniter\CodeIgniter->run()
CRITICAL - 2023-11-13 05:18:09 --> Undefined variable $settings
in APPPATH/Controllers/Orders.php on line 182.
 1 APPPATH/Controllers/Orders.php(182): CodeIgniter\Debug\Exceptions->errorHandler(2, 'Undefined variable $settings', '/storage/emulated/0/htdocs/web-product/app/Controllers/Orders.php', 182)
 2 SYSTEMPATH/CodeIgniter.php(942): App\Controllers\Orders->konfirmasiOrder()
 3 SYSTEMPATH/CodeIgniter.php(502): CodeIgniter\CodeIgniter->runController(Object(App\Controllers\Orders))
 4 SYSTEMPATH/CodeIgniter.php(361): CodeIgniter\CodeIgniter->handleRequest(null, Object(Config\Cache), false)
 5 FCPATH/index.php(79): CodeIgniter\CodeIgniter->run()
CRITICAL - 2023-11-13 16:33:26 --> Undefined variable $row
in APPPATH/Views/admin/produk/create.php on line 60.
 1 APPPATH/Views/admin/produk/create.php(60): CodeIgniter\Debug\Exceptions->errorHandler(2, 'Undefined variable $row', '/storage/emulated/0/htdocs/web-product/app/Views/admin/produk/create.php', 60)
 2 SYSTEMPATH/View/View.php(228): include('/storage/emulated/0/htdocs/web-product/app/Views/admin/produk/create.php')
 3 SYSTEMPATH/View/View.php(231): CodeIgniter\View\View->CodeIgniter\View\{closure}()
 4 SYSTEMPATH/Common.php(1190): CodeIgniter\View\View->render('admin/produk/create', [], true)
 5 APPPATH/Controllers/Admin/Produk.php(43): view('admin/produk/create')
 6 SYSTEMPATH/CodeIgniter.php(942): App\Controllers\Admin\Produk->create()
 7 SYSTEMPATH/CodeIgniter.php(502): CodeIgniter\CodeIgniter->runController(Object(App\Controllers\Admin\Produk))
 8 SYSTEMPATH/CodeIgniter.php(361): CodeIgniter\CodeIgniter->handleRequest(null, Object(Config\Cache), false)
 9 FCPATH/index.php(79): CodeIgniter\CodeIgniter->run()
CRITICAL - 2023-11-13 17:41:12 --> Call to a member function isValid() on array
in APPPATH/Controllers/Admin/Produk.php on line 142.
 1 SYSTEMPATH/CodeIgniter.php(942): App\Controllers\Admin\Produk->update('14')
 2 SYSTEMPATH/CodeIgniter.php(502): CodeIgniter\CodeIgniter->runController(Object(App\Controllers\Admin\Produk))
 3 SYSTEMPATH/CodeIgniter.php(361): CodeIgniter\CodeIgniter->handleRequest(null, Object(Config\Cache), false)
 4 FCPATH/index.php(79): CodeIgniter\CodeIgniter->run()
CRITICAL - 2023-11-13 17:49:56 --> Call to a member function isValid() on array
in APPPATH/Controllers/Admin/Produk.php on line 143.
 1 SYSTEMPATH/CodeIgniter.php(942): App\Controllers\Admin\Produk->update('14')
 2 SYSTEMPATH/CodeIgniter.php(502): CodeIgniter\CodeIgniter->runController(Object(App\Controllers\Admin\Produk))
 3 SYSTEMPATH/CodeIgniter.php(361): CodeIgniter\CodeIgniter->handleRequest(null, Object(Config\Cache), false)
 4 FCPATH/index.php(79): CodeIgniter\CodeIgniter->run()
CRITICAL - 2023-11-13 17:51:41 --> Call to a member function isValid() on array
in APPPATH/Controllers/Admin/Produk.php on line 143.
 1 SYSTEMPATH/CodeIgniter.php(942): App\Controllers\Admin\Produk->update('14')
 2 SYSTEMPATH/CodeIgniter.php(502): CodeIgniter\CodeIgniter->runController(Object(App\Controllers\Admin\Produk))
 3 SYSTEMPATH/CodeIgniter.php(361): CodeIgniter\CodeIgniter->handleRequest(null, Object(Config\Cache), false)
 4 FCPATH/index.php(79): CodeIgniter\CodeIgniter->run()
CRITICAL - 2023-11-13 17:59:06 --> Call to a member function isValid() on array
in APPPATH/Controllers/Admin/Produk.php on line 142.
 1 SYSTEMPATH/CodeIgniter.php(942): App\Controllers\Admin\Produk->update('14')
 2 SYSTEMPATH/CodeIgniter.php(502): CodeIgniter\CodeIgniter->runController(Object(App\Controllers\Admin\Produk))
 3 SYSTEMPATH/CodeIgniter.php(361): CodeIgniter\CodeIgniter->handleRequest(null, Object(Config\Cache), false)
 4 FCPATH/index.php(79): CodeIgniter\CodeIgniter->run()
ERROR - 2023-11-13 21:45:16 --> Error connecting to the database: mysqli_sql_exception: Access denied for user 'root'@'localhost' (using password: NO) in /home/mentari3/appku.xosgames.com/system/Database/MySQLi/Connection.php:185
Stack trace:
#0 /home/mentari3/appku.xosgames.com/system/Database/MySQLi/Connection.php(185): mysqli->real_connect('localhost', 'root', '', 'p_digital', 3306, '', 0)
#1 /home/mentari3/appku.xosgames.com/system/Database/BaseConnection.php(392): CodeIgniter\Database\MySQLi\Connection->connect(false)
#2 /home/mentari3/appku.xosgames.com/system/Session/Handlers/DatabaseHandler.php(98): CodeIgniter\Database\BaseConnection->initialize()
#3 [internal function]: CodeIgniter\Session\Handlers\DatabaseHandler->open('ci_sessions', 'ci_session')
#4 /home/mentari3/appku.xosgames.com/system/Session/Session.php(919): session_start()
#5 /home/mentari3/appku.xosgames.com/system/Session/Session.php(241): CodeIgniter\Session\Session->startSession()
#6 /home/mentari3/appku.xosgames.com/system/Config/Services.php(693): CodeIgniter\Session\Session->start()
#7 /home/mentari3/appku.xosgames.com/system/Config/BaseService.php(258): CodeIgniter\Config\Services::session(Object(Config\Session), false)
#8 /home/mentari3/appku.xosgames.com/system/Config/BaseService.php(199): CodeIgniter\Config\BaseService::__callStatic('session', Array)
#9 /home/mentari3/appku.xosgames.com/system/Config/Services.php(664): CodeIgniter\Config\BaseService::getSharedInstance('session', NULL)
#10 /home/mentari3/appku.xosgames.com/system/Config/BaseService.php(258): CodeIgniter\Config\Services::session()
#11 /home/mentari3/appku.xosgames.com/app/Controllers/Home.php(14): CodeIgniter\Config\BaseService::__callStatic('session', Array)
#12 /home/mentari3/appku.xosgames.com/system/CodeIgniter.php(914): App\Controllers\Home->__construct()
#13 /home/mentari3/appku.xosgames.com/system/CodeIgniter.php(493): CodeIgniter\CodeIgniter->createController()
#14 /home/mentari3/appku.xosgames.com/system/CodeIgniter.php(361): CodeIgniter\CodeIgniter->handleRequest(NULL, Object(Config\Cache), false)
#15 /home/mentari3/appku.xosgames.com/index.php(79): CodeIgniter\CodeIgniter->run()
#16 {main}

Next CodeIgniter\Database\Exceptions\DatabaseException: Access denied for user '****'@'localhost' (using password: NO) in /home/mentari3/appku.xosgames.com/system/Database/MySQLi/Connection.php:229
Stack trace:
#0 /home/mentari3/appku.xosgames.com/system/Database/BaseConnection.php(392): CodeIgniter\Database\MySQLi\Connection->connect(false)
#1 /home/mentari3/appku.xosgames.com/system/Session/Handlers/DatabaseHandler.php(98): CodeIgniter\Database\BaseConnection->initialize()
#2 [internal function]: CodeIgniter\Session\Handlers\DatabaseHandler->open('ci_sessions', 'ci_session')
#3 /home/mentari3/appku.xosgames.com/system/Session/Session.php(919): session_start()
#4 /home/mentari3/appku.xosgames.com/system/Session/Session.php(241): CodeIgniter\Session\Session->startSession()
#5 /home/mentari3/appku.xosgames.com/system/Config/Services.php(693): CodeIgniter\Session\Session->start()
#6 /home/mentari3/appku.xosgames.com/system/Config/BaseService.php(258): CodeIgniter\Config\Services::session(Object(Config\Session), false)
#7 /home/mentari3/appku.xosgames.com/system/Config/BaseService.php(199): CodeIgniter\Config\BaseService::__callStatic('session', Array)
#8 /home/mentari3/appku.xosgames.com/system/Config/Services.php(664): CodeIgniter\Config\BaseService::getSharedInstance('session', NULL)
#9 /home/mentari3/appku.xosgames.com/system/Config/BaseService.php(258): CodeIgniter\Config\Services::session()
#10 /home/mentari3/appku.xosgames.com/app/Controllers/Home.php(14): CodeIgniter\Config\BaseService::__callStatic('session', Array)
#11 /home/mentari3/appku.xosgames.com/system/CodeIgniter.php(914): App\Controllers\Home->__construct()
#12 /home/mentari3/appku.xosgames.com/system/CodeIgniter.php(493): CodeIgniter\CodeIgniter->createController()
#13 /home/mentari3/appku.xosgames.com/system/CodeIgniter.php(361): CodeIgniter\CodeIgniter->handleRequest(NULL, Object(Config\Cache), false)
#14 /home/mentari3/appku.xosgames.com/index.php(79): CodeIgniter\CodeIgniter->run()
#15 {main}
CRITICAL - 2023-11-13 21:45:16 --> Unable to connect to the database.
Main connection [MySQLi]: Access denied for user '****'@'localhost' (using password: NO)
in SYSTEMPATH/Database/BaseConnection.php on line 428.
 1 SYSTEMPATH/Session/Handlers/DatabaseHandler.php(98): CodeIgniter\Database\BaseConnection->initialize()
 2 [internal function]: CodeIgniter\Session\Handlers\DatabaseHandler->open('ci_sessions', 'ci_session')
 3 SYSTEMPATH/Session/Session.php(919): session_start()
 4 SYSTEMPATH/Session/Session.php(241): CodeIgniter\Session\Session->startSession()
 5 SYSTEMPATH/Config/Services.php(693): CodeIgniter\Session\Session->start()
 6 SYSTEMPATH/Config/BaseService.php(258): CodeIgniter\Config\Services::session(Object(Config\Session), false)
 7 SYSTEMPATH/Config/BaseService.php(199): CodeIgniter\Config\BaseService::__callStatic('session', [...])
 8 SYSTEMPATH/Config/Services.php(664): CodeIgniter\Config\BaseService::getSharedInstance('session', null)
 9 SYSTEMPATH/Config/BaseService.php(258): CodeIgniter\Config\Services::session()
10 APPPATH/Controllers/Home.php(14): CodeIgniter\Config\BaseService::__callStatic('session', [])
11 SYSTEMPATH/CodeIgniter.php(914): App\Controllers\Home->__construct()
12 SYSTEMPATH/CodeIgniter.php(493): CodeIgniter\CodeIgniter->createController()
13 SYSTEMPATH/CodeIgniter.php(361): CodeIgniter\CodeIgniter->handleRequest(null, Object(Config\Cache), false)
14 FCPATH/index.php(79): CodeIgniter\CodeIgniter->run()
ERROR - 2023-11-13 21:45:27 --> Error connecting to the database: mysqli_sql_exception: Access denied for user 'root'@'localhost' (using password: NO) in /home/mentari3/appku.xosgames.com/system/Database/MySQLi/Connection.php:185
Stack trace:
#0 /home/mentari3/appku.xosgames.com/system/Database/MySQLi/Connection.php(185): mysqli->real_connect('localhost', 'root', '', 'p_digital', 3306, '', 0)
#1 /home/mentari3/appku.xosgames.com/system/Database/BaseConnection.php(392): CodeIgniter\Database\MySQLi\Connection->connect(false)
#2 /home/mentari3/appku.xosgames.com/system/Session/Handlers/DatabaseHandler.php(98): CodeIgniter\Database\BaseConnection->initialize()
#3 [internal function]: CodeIgniter\Session\Handlers\DatabaseHandler->open('ci_sessions', 'ci_session')
#4 /home/mentari3/appku.xosgames.com/system/Session/Session.php(919): session_start()
#5 /home/mentari3/appku.xosgames.com/system/Session/Session.php(241): CodeIgniter\Session\Session->startSession()
#6 /home/mentari3/appku.xosgames.com/system/Config/Services.php(693): CodeIgniter\Session\Session->start()
#7 /home/mentari3/appku.xosgames.com/system/Config/BaseService.php(258): CodeIgniter\Config\Services::session(Object(Config\Session), false)
#8 /home/mentari3/appku.xosgames.com/system/Config/BaseService.php(199): CodeIgniter\Config\BaseService::__callStatic('session', Array)
#9 /home/mentari3/appku.xosgames.com/system/Config/Services.php(664): CodeIgniter\Config\BaseService::getSharedInstance('session', NULL)
#10 /home/mentari3/appku.xosgames.com/system/Config/BaseService.php(258): CodeIgniter\Config\Services::session()
#11 /home/mentari3/appku.xosgames.com/app/Controllers/Home.php(14): CodeIgniter\Config\BaseService::__callStatic('session', Array)
#12 /home/mentari3/appku.xosgames.com/system/CodeIgniter.php(914): App\Controllers\Home->__construct()
#13 /home/mentari3/appku.xosgames.com/system/CodeIgniter.php(493): CodeIgniter\CodeIgniter->createController()
#14 /home/mentari3/appku.xosgames.com/system/CodeIgniter.php(361): CodeIgniter\CodeIgniter->handleRequest(NULL, Object(Config\Cache), false)
#15 /home/mentari3/appku.xosgames.com/index.php(79): CodeIgniter\CodeIgniter->run()
#16 {main}

Next CodeIgniter\Database\Exceptions\DatabaseException: Access denied for user '****'@'localhost' (using password: NO) in /home/mentari3/appku.xosgames.com/system/Database/MySQLi/Connection.php:229
Stack trace:
#0 /home/mentari3/appku.xosgames.com/system/Database/BaseConnection.php(392): CodeIgniter\Database\MySQLi\Connection->connect(false)
#1 /home/mentari3/appku.xosgames.com/system/Session/Handlers/DatabaseHandler.php(98): CodeIgniter\Database\BaseConnection->initialize()
#2 [internal function]: CodeIgniter\Session\Handlers\DatabaseHandler->open('ci_sessions', 'ci_session')
#3 /home/mentari3/appku.xosgames.com/system/Session/Session.php(919): session_start()
#4 /home/mentari3/appku.xosgames.com/system/Session/Session.php(241): CodeIgniter\Session\Session->startSession()
#5 /home/mentari3/appku.xosgames.com/system/Config/Services.php(693): CodeIgniter\Session\Session->start()
#6 /home/mentari3/appku.xosgames.com/system/Config/BaseService.php(258): CodeIgniter\Config\Services::session(Object(Config\Session), false)
#7 /home/mentari3/appku.xosgames.com/system/Config/BaseService.php(199): CodeIgniter\Config\BaseService::__callStatic('session', Array)
#8 /home/mentari3/appku.xosgames.com/system/Config/Services.php(664): CodeIgniter\Config\BaseService::getSharedInstance('session', NULL)
#9 /home/mentari3/appku.xosgames.com/system/Config/BaseService.php(258): CodeIgniter\Config\Services::session()
#10 /home/mentari3/appku.xosgames.com/app/Controllers/Home.php(14): CodeIgniter\Config\BaseService::__callStatic('session', Array)
#11 /home/mentari3/appku.xosgames.com/system/CodeIgniter.php(914): App\Controllers\Home->__construct()
#12 /home/mentari3/appku.xosgames.com/system/CodeIgniter.php(493): CodeIgniter\CodeIgniter->createController()
#13 /home/mentari3/appku.xosgames.com/system/CodeIgniter.php(361): CodeIgniter\CodeIgniter->handleRequest(NULL, Object(Config\Cache), false)
#14 /home/mentari3/appku.xosgames.com/index.php(79): CodeIgniter\CodeIgniter->run()
#15 {main}
CRITICAL - 2023-11-13 21:45:27 --> Unable to connect to the database.
Main connection [MySQLi]: Access denied for user '****'@'localhost' (using password: NO)
in SYSTEMPATH/Database/BaseConnection.php on line 428.
 1 SYSTEMPATH/Session/Handlers/DatabaseHandler.php(98): CodeIgniter\Database\BaseConnection->initialize()
 2 [internal function]: CodeIgniter\Session\Handlers\DatabaseHandler->open('ci_sessions', 'ci_session')
 3 SYSTEMPATH/Session/Session.php(919): session_start()
 4 SYSTEMPATH/Session/Session.php(241): CodeIgniter\Session\Session->startSession()
 5 SYSTEMPATH/Config/Services.php(693): CodeIgniter\Session\Session->start()
 6 SYSTEMPATH/Config/BaseService.php(258): CodeIgniter\Config\Services::session(Object(Config\Session), false)
 7 SYSTEMPATH/Config/BaseService.php(199): CodeIgniter\Config\BaseService::__callStatic('session', [...])
 8 SYSTEMPATH/Config/Services.php(664): CodeIgniter\Config\BaseService::getSharedInstance('session', null)
 9 SYSTEMPATH/Config/BaseService.php(258): CodeIgniter\Config\Services::session()
10 APPPATH/Controllers/Home.php(14): CodeIgniter\Config\BaseService::__callStatic('session', [])
11 SYSTEMPATH/CodeIgniter.php(914): App\Controllers\Home->__construct()
12 SYSTEMPATH/CodeIgniter.php(493): CodeIgniter\CodeIgniter->createController()
13 SYSTEMPATH/CodeIgniter.php(361): CodeIgniter\CodeIgniter->handleRequest(null, Object(Config\Cache), false)
14 FCPATH/index.php(79): CodeIgniter\CodeIgniter->run()
