CRITICAL - 2023-11-05 06:38:30 --> Too few arguments to function App\Controllers\Services::update(), 0 passed in /storage/emulated/0/htdocs/web-otp/system/CodeIgniter.php on line 942 and exactly 1 expected
in APPPATH/Controllers/Services.php on line 26.
 1 SYSTEMPATH/CodeIgniter.php(942): App\Controllers\Services->update()
 2 SYSTEMPATH/CodeIgniter.php(502): CodeIgniter\CodeIgniter->runController(Object(App\Controllers\Services))
 3 SYSTEMPATH/CodeIgniter.php(361): CodeIgniter\CodeIgniter->handleRequest(null, Object(Config\Cache), false)
 4 FCPATH/index.php(79): CodeIgniter\CodeIgniter->run()
CRITICAL - 2023-11-05 07:27:29 --> Call to undefined function method_field()
in APPPATH/Views/admin/services.php on line 114.
 1 SYSTEMPATH/View/View.php(228): include()
 2 SYSTEMPATH/View/View.php(231): CodeIgniter\View\View->CodeIgniter\View\{closure}()
 3 SYSTEMPATH/Common.php(1190): CodeIgniter\View\View->render('admin/services', [], true)
 4 APPPATH/Controllers/Services.php(23): view('admin/services', [...])
 5 SYSTEMPATH/CodeIgniter.php(942): App\Controllers\Services->index()
 6 SYSTEMPATH/CodeIgniter.php(502): CodeIgniter\CodeIgniter->runController(Object(App\Controllers\Services))
 7 SYSTEMPATH/CodeIgniter.php(361): CodeIgniter\CodeIgniter->handleRequest(null, Object(Config\Cache), false)
 8 FCPATH/index.php(79): CodeIgniter\CodeIgniter->run()
CRITICAL - 2023-11-05 08:14:09 --> Undefined array key "service_id"
in APPPATH/Views/admin/orders.php on line 38.
 1 APPPATH/Views/admin/orders.php(38): CodeIgniter\Debug\Exceptions->errorHandler(2, 'Undefined array key "service_id"', '/storage/emulated/0/htdocs/web-otp/app/Views/admin/orders.php', 38)
 2 SYSTEMPATH/View/View.php(228): include('/storage/emulated/0/htdocs/web-otp/app/Views/admin/orders.php')
 3 SYSTEMPATH/View/View.php(231): CodeIgniter\View\View->CodeIgniter\View\{closure}()
 4 SYSTEMPATH/Common.php(1190): CodeIgniter\View\View->render('admin/orders', [], true)
 5 APPPATH/Controllers/OrdersAdmin.php(23): view('admin/orders', [...])
 6 SYSTEMPATH/CodeIgniter.php(942): App\Controllers\OrdersAdmin->index()
 7 SYSTEMPATH/CodeIgniter.php(502): CodeIgniter\CodeIgniter->runController(Object(App\Controllers\OrdersAdmin))
 8 SYSTEMPATH/CodeIgniter.php(361): CodeIgniter\CodeIgniter->handleRequest(null, Object(Config\Cache), false)
 9 FCPATH/index.php(79): CodeIgniter\CodeIgniter->run()
CRITICAL - 2023-11-05 08:17:08 --> Undefined variable $web_title
in APPPATH/Views/template.php on line 6.
 1 APPPATH/Views/template.php(6): CodeIgniter\Debug\Exceptions->errorHandler(2, 'Undefined variable $web_title', '/storage/emulated/0/htdocs/web-otp/app/Views/template.php', 6)
 2 SYSTEMPATH/View/View.php(228): include('/storage/emulated/0/htdocs/web-otp/app/Views/template.php')
 3 SYSTEMPATH/View/View.php(231): CodeIgniter\View\View->CodeIgniter\View\{closure}()
 4 SYSTEMPATH/View/View.php(244): CodeIgniter\View\View->render('template', [], true)
 5 SYSTEMPATH/Common.php(1190): CodeIgniter\View\View->render('admin/orders', [], true)
 6 APPPATH/Controllers/OrdersAdmin.php(23): view('admin/orders', [...])
 7 SYSTEMPATH/CodeIgniter.php(942): App\Controllers\OrdersAdmin->index()
 8 SYSTEMPATH/CodeIgniter.php(502): CodeIgniter\CodeIgniter->runController(Object(App\Controllers\OrdersAdmin))
 9 SYSTEMPATH/CodeIgniter.php(361): CodeIgniter\CodeIgniter->handleRequest(null, Object(Config\Cache), false)
10 FCPATH/index.php(79): CodeIgniter\CodeIgniter->run()
