CRITICAL - 2024-02-16 07:31:49 --> Call to undefined method CodeIgniter\Database\MySQLi\Builder::paginate()
in APPPATH\Models\GalleryModel.php on line 32.
 1 APPPATH\Controllers\Admin\GalleryController.php(16): App\Models\GalleryModel->getAllGalleriesWithPagination(10)
 2 SYSTEMPATH\CodeIgniter.php(942): App\Controllers\Admin\GalleryController->index()
 3 SYSTEMPATH\CodeIgniter.php(502): CodeIgniter\CodeIgniter->runController(Object(App\Controllers\Admin\GalleryController))
 4 SYSTEMPATH\CodeIgniter.php(361): CodeIgniter\CodeIgniter->handleRequest(null, Object(Config\Cache), false)
 5 FCPATH\index.php(79): CodeIgniter\CodeIgniter->run()
CRITICAL - 2024-02-16 07:41:25 --> Call to undefined method CodeIgniter\Database\MySQLi\Builder::paginate()
in APPPATH\Models\GalleryModel.php on line 41.
 1 APPPATH\Controllers\Admin\GalleryController.php(18): App\Models\GalleryModel->getAllGalleriesWithPagination(10, Object(CodeIgniter\HTTP\IncomingRequest))
 2 SYSTEMPATH\CodeIgniter.php(942): App\Controllers\Admin\GalleryController->index()
 3 SYSTEMPATH\CodeIgniter.php(502): CodeIgniter\CodeIgniter->runController(Object(App\Controllers\Admin\GalleryController))
 4 SYSTEMPATH\CodeIgniter.php(361): CodeIgniter\CodeIgniter->handleRequest(null, Object(Config\Cache), false)
 5 FCPATH\index.php(79): CodeIgniter\CodeIgniter->run()
CRITICAL - 2024-02-16 07:45:49 --> Undefined array key "pager"
in APPPATH\Controllers\Admin\GalleryController.php on line 21.
 1 APPPATH\Controllers\Admin\GalleryController.php(21): CodeIgniter\Debug\Exceptions->errorHandler(2, 'Undefined array key "pager"', 'D:\\laragon\\www\\supri\\app\\Controllers\\Admin\\GalleryController.php', 21)
 2 SYSTEMPATH\CodeIgniter.php(942): App\Controllers\Admin\GalleryController->index()
 3 SYSTEMPATH\CodeIgniter.php(502): CodeIgniter\CodeIgniter->runController(Object(App\Controllers\Admin\GalleryController))
 4 SYSTEMPATH\CodeIgniter.php(361): CodeIgniter\CodeIgniter->handleRequest(null, Object(Config\Cache), false)
 5 FCPATH\index.php(79): CodeIgniter\CodeIgniter->run()
CRITICAL - 2024-02-16 07:45:58 --> Attempt to read property "pager" on array
in APPPATH\Controllers\Admin\GalleryController.php on line 21.
 1 APPPATH\Controllers\Admin\GalleryController.php(21): CodeIgniter\Debug\Exceptions->errorHandler(2, 'Attempt to read property "pager" on array', 'D:\\laragon\\www\\supri\\app\\Controllers\\Admin\\GalleryController.php', 21)
 2 SYSTEMPATH\CodeIgniter.php(942): App\Controllers\Admin\GalleryController->index()
 3 SYSTEMPATH\CodeIgniter.php(502): CodeIgniter\CodeIgniter->runController(Object(App\Controllers\Admin\GalleryController))
 4 SYSTEMPATH\CodeIgniter.php(361): CodeIgniter\CodeIgniter->handleRequest(null, Object(Config\Cache), false)
 5 FCPATH\index.php(79): CodeIgniter\CodeIgniter->run()
CRITICAL - 2024-02-16 07:45:59 --> Attempt to read property "pager" on array
in APPPATH\Controllers\Admin\GalleryController.php on line 21.
 1 APPPATH\Controllers\Admin\GalleryController.php(21): CodeIgniter\Debug\Exceptions->errorHandler(2, 'Attempt to read property "pager" on array', 'D:\\laragon\\www\\supri\\app\\Controllers\\Admin\\GalleryController.php', 21)
 2 SYSTEMPATH\CodeIgniter.php(942): App\Controllers\Admin\GalleryController->index()
 3 SYSTEMPATH\CodeIgniter.php(502): CodeIgniter\CodeIgniter->runController(Object(App\Controllers\Admin\GalleryController))
 4 SYSTEMPATH\CodeIgniter.php(361): CodeIgniter\CodeIgniter->handleRequest(null, Object(Config\Cache), false)
 5 FCPATH\index.php(79): CodeIgniter\CodeIgniter->run()
CRITICAL - 2024-02-16 07:45:59 --> Attempt to read property "pager" on array
in APPPATH\Controllers\Admin\GalleryController.php on line 21.
 1 APPPATH\Controllers\Admin\GalleryController.php(21): CodeIgniter\Debug\Exceptions->errorHandler(2, 'Attempt to read property "pager" on array', 'D:\\laragon\\www\\supri\\app\\Controllers\\Admin\\GalleryController.php', 21)
 2 SYSTEMPATH\CodeIgniter.php(942): App\Controllers\Admin\GalleryController->index()
 3 SYSTEMPATH\CodeIgniter.php(502): CodeIgniter\CodeIgniter->runController(Object(App\Controllers\Admin\GalleryController))
 4 SYSTEMPATH\CodeIgniter.php(361): CodeIgniter\CodeIgniter->handleRequest(null, Object(Config\Cache), false)
 5 FCPATH\index.php(79): CodeIgniter\CodeIgniter->run()
CRITICAL - 2024-02-16 07:49:47 --> CodeIgniter\Pager\Pager::makeLinks(): Argument #1 ($page) must be of type int, string given, called in D:\laragon\www\supri\app\Controllers\Admin\GalleryController.php on line 24
in SYSTEMPATH\Pager\Pager.php on line 106.
 1 APPPATH\Controllers\Admin\GalleryController.php(24): CodeIgniter\Pager\Pager->makeLinks('', 10, 2, 'default')
 2 SYSTEMPATH\CodeIgniter.php(942): App\Controllers\Admin\GalleryController->index()
 3 SYSTEMPATH\CodeIgniter.php(502): CodeIgniter\CodeIgniter->runController(Object(App\Controllers\Admin\GalleryController))
 4 SYSTEMPATH\CodeIgniter.php(361): CodeIgniter\CodeIgniter->handleRequest(null, Object(Config\Cache), false)
 5 FCPATH\index.php(79): CodeIgniter\CodeIgniter->run()
CRITICAL - 2024-02-16 07:49:48 --> CodeIgniter\Pager\Pager::makeLinks(): Argument #1 ($page) must be of type int, string given, called in D:\laragon\www\supri\app\Controllers\Admin\GalleryController.php on line 24
in SYSTEMPATH\Pager\Pager.php on line 106.
 1 APPPATH\Controllers\Admin\GalleryController.php(24): CodeIgniter\Pager\Pager->makeLinks('', 10, 2, 'default')
 2 SYSTEMPATH\CodeIgniter.php(942): App\Controllers\Admin\GalleryController->index()
 3 SYSTEMPATH\CodeIgniter.php(502): CodeIgniter\CodeIgniter->runController(Object(App\Controllers\Admin\GalleryController))
 4 SYSTEMPATH\CodeIgniter.php(361): CodeIgniter\CodeIgniter->handleRequest(null, Object(Config\Cache), false)
 5 FCPATH\index.php(79): CodeIgniter\CodeIgniter->run()
CRITICAL - 2024-02-16 07:50:13 --> "default" is not a valid Pager template.
in SYSTEMPATH\Pager\Pager.php on line 122.
 1 SYSTEMPATH\Pager\Pager.php(122): CodeIgniter\Pager\Exceptions\PagerException::forInvalidTemplate('default')
 2 SYSTEMPATH\Pager\Pager.php(112): CodeIgniter\Pager\Pager->displayLinks('default', 'default')
 3 APPPATH\Controllers\Admin\GalleryController.php(25): CodeIgniter\Pager\Pager->makeLinks(0, 10, 2, 'default')
 4 SYSTEMPATH\CodeIgniter.php(942): App\Controllers\Admin\GalleryController->index()
 5 SYSTEMPATH\CodeIgniter.php(502): CodeIgniter\CodeIgniter->runController(Object(App\Controllers\Admin\GalleryController))
 6 SYSTEMPATH\CodeIgniter.php(361): CodeIgniter\CodeIgniter->handleRequest(null, Object(Config\Cache), false)
 7 FCPATH\index.php(79): CodeIgniter\CodeIgniter->run()
ERROR - 2024-02-16 07:52:34 --> mysqli_sql_exception: Column 'date_create' in order clause is ambiguous in D:\laragon\www\supri\system\Database\MySQLi\Connection.php:306
Stack trace:
#0 D:\laragon\www\supri\system\Database\MySQLi\Connection.php(306): mysqli->query('SELECT *\nFROM `...', 0)
#1 D:\laragon\www\supri\system\Database\BaseConnection.php(693): CodeIgniter\Database\MySQLi\Connection->execute('SELECT *\nFROM `...')
#2 D:\laragon\www\supri\system\Database\BaseConnection.php(607): CodeIgniter\Database\BaseConnection->simpleQuery('SELECT *\nFROM `...')
#3 D:\laragon\www\supri\system\Database\BaseBuilder.php(1615): CodeIgniter\Database\BaseConnection->query('SELECT *\nFROM `...', Array, false)
#4 D:\laragon\www\supri\app\Models\GalleryModel.php(39): CodeIgniter\Database\BaseBuilder->get(10, 0)
#5 D:\laragon\www\supri\app\Controllers\Admin\GalleryController.php(18): App\Models\GalleryModel->getWithRelations(10)
#6 D:\laragon\www\supri\system\CodeIgniter.php(942): App\Controllers\Admin\GalleryController->index()
#7 D:\laragon\www\supri\system\CodeIgniter.php(502): CodeIgniter\CodeIgniter->runController(Object(App\Controllers\Admin\GalleryController))
#8 D:\laragon\www\supri\system\CodeIgniter.php(361): CodeIgniter\CodeIgniter->handleRequest(NULL, Object(Config\Cache), false)
#9 D:\laragon\www\supri\public\index.php(79): CodeIgniter\CodeIgniter->run()
#10 {main}
CRITICAL - 2024-02-16 07:52:34 --> Column 'date_create' in order clause is ambiguous
in SYSTEMPATH\Database\BaseConnection.php on line 647.
 1 SYSTEMPATH\Database\BaseBuilder.php(1615): CodeIgniter\Database\BaseConnection->query('SELECT *
FROM `gallery`
JOIN `user` ON `user`.`id` = `gallery`.`user_id`
JOIN `mst_kategori` ON `mst_kategori`.`id` = `gallery`.`kategori_id`
ORDER BY `date_create` DESC
 LIMIT 10', [], false)
 2 APPPATH\Models\GalleryModel.php(39): CodeIgniter\Database\BaseBuilder->get(10, 0)
 3 APPPATH\Controllers\Admin\GalleryController.php(18): App\Models\GalleryModel->getWithRelations(10)
 4 SYSTEMPATH\CodeIgniter.php(942): App\Controllers\Admin\GalleryController->index()
 5 SYSTEMPATH\CodeIgniter.php(502): CodeIgniter\CodeIgniter->runController(Object(App\Controllers\Admin\GalleryController))
 6 SYSTEMPATH\CodeIgniter.php(361): CodeIgniter\CodeIgniter->handleRequest(null, Object(Config\Cache), false)
 7 FCPATH\index.php(79): CodeIgniter\CodeIgniter->run()
CRITICAL - 2024-02-16 07:52:46 --> Undefined array key "nama"
in APPPATH\Views\admin\gallery\index.php on line 32.
 1 APPPATH\Views\admin\gallery\index.php(32): CodeIgniter\Debug\Exceptions->errorHandler(2, 'Undefined array key "nama"', 'D:\\laragon\\www\\supri\\app\\Views\\admin\\gallery\\index.php', 32)
 2 SYSTEMPATH\View\View.php(228): include('D:\\laragon\\www\\supri\\app\\Views\\admin\\gallery\\index.php')
 3 SYSTEMPATH\View\View.php(231): CodeIgniter\View\View->CodeIgniter\View\{closure}()
 4 SYSTEMPATH\Common.php(1190): CodeIgniter\View\View->render('admin/gallery/index', [], true)
 5 APPPATH\Controllers\Admin\GalleryController.php(27): view('admin/gallery/index', [...])
 6 SYSTEMPATH\CodeIgniter.php(942): App\Controllers\Admin\GalleryController->index()
 7 SYSTEMPATH\CodeIgniter.php(502): CodeIgniter\CodeIgniter->runController(Object(App\Controllers\Admin\GalleryController))
 8 SYSTEMPATH\CodeIgniter.php(361): CodeIgniter\CodeIgniter->handleRequest(null, Object(Config\Cache), false)
 9 FCPATH\index.php(79): CodeIgniter\CodeIgniter->run()
ERROR - 2024-02-16 07:53:45 --> mysqli_sql_exception: Unknown column 'mst_katergori.nama' in 'field list' in D:\laragon\www\supri\system\Database\MySQLi\Connection.php:306
Stack trace:
#0 D:\laragon\www\supri\system\Database\MySQLi\Connection.php(306): mysqli->query('SELECT `gallery...', 0)
#1 D:\laragon\www\supri\system\Database\BaseConnection.php(693): CodeIgniter\Database\MySQLi\Connection->execute('SELECT `gallery...')
#2 D:\laragon\www\supri\system\Database\BaseConnection.php(607): CodeIgniter\Database\BaseConnection->simpleQuery('SELECT `gallery...')
#3 D:\laragon\www\supri\system\Database\BaseBuilder.php(1615): CodeIgniter\Database\BaseConnection->query('SELECT `gallery...', Array, false)
#4 D:\laragon\www\supri\app\Models\GalleryModel.php(41): CodeIgniter\Database\BaseBuilder->get(10, 0)
#5 D:\laragon\www\supri\app\Controllers\Admin\GalleryController.php(18): App\Models\GalleryModel->getWithRelations(10)
#6 D:\laragon\www\supri\system\CodeIgniter.php(942): App\Controllers\Admin\GalleryController->index()
#7 D:\laragon\www\supri\system\CodeIgniter.php(502): CodeIgniter\CodeIgniter->runController(Object(App\Controllers\Admin\GalleryController))
#8 D:\laragon\www\supri\system\CodeIgniter.php(361): CodeIgniter\CodeIgniter->handleRequest(NULL, Object(Config\Cache), false)
#9 D:\laragon\www\supri\public\index.php(79): CodeIgniter\CodeIgniter->run()
#10 {main}
CRITICAL - 2024-02-16 07:53:45 --> Unknown column 'mst_katergori.nama' in 'field list'
in SYSTEMPATH\Database\BaseConnection.php on line 647.
 1 SYSTEMPATH\Database\BaseBuilder.php(1615): CodeIgniter\Database\BaseConnection->query('SELECT `gallery`.*, `user`.`username` as `username`, `mst_katergori`.`nama` as `nama_kategori`
FROM `gallery`
JOIN `user` ON `user`.`id` = `gallery`.`user_id`
JOIN `mst_kategori` ON `mst_kategori`.`id` = `gallery`.`kategori_id`
ORDER BY `gallery`.`date_create` DESC
 LIMIT 10', [], false)
 2 APPPATH\Models\GalleryModel.php(41): CodeIgniter\Database\BaseBuilder->get(10, 0)
 3 APPPATH\Controllers\Admin\GalleryController.php(18): App\Models\GalleryModel->getWithRelations(10)
 4 SYSTEMPATH\CodeIgniter.php(942): App\Controllers\Admin\GalleryController->index()
 5 SYSTEMPATH\CodeIgniter.php(502): CodeIgniter\CodeIgniter->runController(Object(App\Controllers\Admin\GalleryController))
 6 SYSTEMPATH\CodeIgniter.php(361): CodeIgniter\CodeIgniter->handleRequest(null, Object(Config\Cache), false)
 7 FCPATH\index.php(79): CodeIgniter\CodeIgniter->run()
ERROR - 2024-02-16 07:54:03 --> mysqli_sql_exception: Unknown column 'mst_katergori.nama' in 'field list' in D:\laragon\www\supri\system\Database\MySQLi\Connection.php:306
Stack trace:
#0 D:\laragon\www\supri\system\Database\MySQLi\Connection.php(306): mysqli->query('SELECT `gallery...', 0)
#1 D:\laragon\www\supri\system\Database\BaseConnection.php(693): CodeIgniter\Database\MySQLi\Connection->execute('SELECT `gallery...')
#2 D:\laragon\www\supri\system\Database\BaseConnection.php(607): CodeIgniter\Database\BaseConnection->simpleQuery('SELECT `gallery...')
#3 D:\laragon\www\supri\system\Database\BaseBuilder.php(1615): CodeIgniter\Database\BaseConnection->query('SELECT `gallery...', Array, false)
#4 D:\laragon\www\supri\app\Models\GalleryModel.php(41): CodeIgniter\Database\BaseBuilder->get(10, 0)
#5 D:\laragon\www\supri\app\Controllers\Admin\GalleryController.php(18): App\Models\GalleryModel->getWithRelations(10)
#6 D:\laragon\www\supri\system\CodeIgniter.php(942): App\Controllers\Admin\GalleryController->index()
#7 D:\laragon\www\supri\system\CodeIgniter.php(502): CodeIgniter\CodeIgniter->runController(Object(App\Controllers\Admin\GalleryController))
#8 D:\laragon\www\supri\system\CodeIgniter.php(361): CodeIgniter\CodeIgniter->handleRequest(NULL, Object(Config\Cache), false)
#9 D:\laragon\www\supri\public\index.php(79): CodeIgniter\CodeIgniter->run()
#10 {main}
CRITICAL - 2024-02-16 07:54:03 --> Unknown column 'mst_katergori.nama' in 'field list'
in SYSTEMPATH\Database\BaseConnection.php on line 647.
 1 SYSTEMPATH\Database\BaseBuilder.php(1615): CodeIgniter\Database\BaseConnection->query('SELECT `gallery`.*, `user`.`username` as `username`, `mst_katergori`.`nama` as `nama_kategori`
FROM `gallery`
JOIN `user` ON `user`.`id` = `gallery`.`user_id`
JOIN `mst_kategori` ON `mst_kategori`.`id` = `gallery`.`kategori_id`
ORDER BY `gallery`.`date_create` DESC
 LIMIT 10', [], false)
 2 APPPATH\Models\GalleryModel.php(41): CodeIgniter\Database\BaseBuilder->get(10, 0)
 3 APPPATH\Controllers\Admin\GalleryController.php(18): App\Models\GalleryModel->getWithRelations(10)
 4 SYSTEMPATH\CodeIgniter.php(942): App\Controllers\Admin\GalleryController->index()
 5 SYSTEMPATH\CodeIgniter.php(502): CodeIgniter\CodeIgniter->runController(Object(App\Controllers\Admin\GalleryController))
 6 SYSTEMPATH\CodeIgniter.php(361): CodeIgniter\CodeIgniter->handleRequest(null, Object(Config\Cache), false)
 7 FCPATH\index.php(79): CodeIgniter\CodeIgniter->run()
ERROR - 2024-02-16 07:54:28 --> mysqli_sql_exception: Unknown column 'mst_katergori.nama' in 'field list' in D:\laragon\www\supri\system\Database\MySQLi\Connection.php:306
Stack trace:
#0 D:\laragon\www\supri\system\Database\MySQLi\Connection.php(306): mysqli->query('SELECT `gallery...', 0)
#1 D:\laragon\www\supri\system\Database\BaseConnection.php(693): CodeIgniter\Database\MySQLi\Connection->execute('SELECT `gallery...')
#2 D:\laragon\www\supri\system\Database\BaseConnection.php(607): CodeIgniter\Database\BaseConnection->simpleQuery('SELECT `gallery...')
#3 D:\laragon\www\supri\system\Database\BaseBuilder.php(1615): CodeIgniter\Database\BaseConnection->query('SELECT `gallery...', Array, false)
#4 D:\laragon\www\supri\app\Models\GalleryModel.php(41): CodeIgniter\Database\BaseBuilder->get(10, 0)
#5 D:\laragon\www\supri\app\Controllers\Admin\GalleryController.php(18): App\Models\GalleryModel->getWithRelations(10)
#6 D:\laragon\www\supri\system\CodeIgniter.php(942): App\Controllers\Admin\GalleryController->index()
#7 D:\laragon\www\supri\system\CodeIgniter.php(502): CodeIgniter\CodeIgniter->runController(Object(App\Controllers\Admin\GalleryController))
#8 D:\laragon\www\supri\system\CodeIgniter.php(361): CodeIgniter\CodeIgniter->handleRequest(NULL, Object(Config\Cache), false)
#9 D:\laragon\www\supri\public\index.php(79): CodeIgniter\CodeIgniter->run()
#10 {main}
CRITICAL - 2024-02-16 07:54:28 --> Unknown column 'mst_katergori.nama' in 'field list'
in SYSTEMPATH\Database\BaseConnection.php on line 647.
 1 SYSTEMPATH\Database\BaseBuilder.php(1615): CodeIgniter\Database\BaseConnection->query('SELECT `gallery`.*, `user`.`username` as `username`, `mst_katergori`.`nama` as `nama_kategori`
FROM `gallery`
JOIN `user` ON `user`.`id` = `gallery`.`user_id`
JOIN `mst_kategori` ON `mst_kategori`.`id` = `gallery`.`kategori_id`
ORDER BY `gallery`.`date_create` DESC
 LIMIT 10', [], false)
 2 APPPATH\Models\GalleryModel.php(41): CodeIgniter\Database\BaseBuilder->get(10, 0)
 3 APPPATH\Controllers\Admin\GalleryController.php(18): App\Models\GalleryModel->getWithRelations(10)
 4 SYSTEMPATH\CodeIgniter.php(942): App\Controllers\Admin\GalleryController->index()
 5 SYSTEMPATH\CodeIgniter.php(502): CodeIgniter\CodeIgniter->runController(Object(App\Controllers\Admin\GalleryController))
 6 SYSTEMPATH\CodeIgniter.php(361): CodeIgniter\CodeIgniter->handleRequest(null, Object(Config\Cache), false)
 7 FCPATH\index.php(79): CodeIgniter\CodeIgniter->run()
CRITICAL - 2024-02-16 07:54:37 --> Undefined array key "nama"
in APPPATH\Views\admin\gallery\index.php on line 32.
 1 APPPATH\Views\admin\gallery\index.php(32): CodeIgniter\Debug\Exceptions->errorHandler(2, 'Undefined array key "nama"', 'D:\\laragon\\www\\supri\\app\\Views\\admin\\gallery\\index.php', 32)
 2 SYSTEMPATH\View\View.php(228): include('D:\\laragon\\www\\supri\\app\\Views\\admin\\gallery\\index.php')
 3 SYSTEMPATH\View\View.php(231): CodeIgniter\View\View->CodeIgniter\View\{closure}()
 4 SYSTEMPATH\Common.php(1190): CodeIgniter\View\View->render('admin/gallery/index', [], true)
 5 APPPATH\Controllers\Admin\GalleryController.php(27): view('admin/gallery/index', [...])
 6 SYSTEMPATH\CodeIgniter.php(942): App\Controllers\Admin\GalleryController->index()
 7 SYSTEMPATH\CodeIgniter.php(502): CodeIgniter\CodeIgniter->runController(Object(App\Controllers\Admin\GalleryController))
 8 SYSTEMPATH\CodeIgniter.php(361): CodeIgniter\CodeIgniter->handleRequest(null, Object(Config\Cache), false)
 9 FCPATH\index.php(79): CodeIgniter\CodeIgniter->run()
CRITICAL - 2024-02-16 07:54:44 --> Undefined array key "nama"
in APPPATH\Views\admin\gallery\index.php on line 32.
 1 APPPATH\Views\admin\gallery\index.php(32): CodeIgniter\Debug\Exceptions->errorHandler(2, 'Undefined array key "nama"', 'D:\\laragon\\www\\supri\\app\\Views\\admin\\gallery\\index.php', 32)
 2 SYSTEMPATH\View\View.php(228): include('D:\\laragon\\www\\supri\\app\\Views\\admin\\gallery\\index.php')
 3 SYSTEMPATH\View\View.php(231): CodeIgniter\View\View->CodeIgniter\View\{closure}()
 4 SYSTEMPATH\Common.php(1190): CodeIgniter\View\View->render('admin/gallery/index', [], true)
 5 APPPATH\Controllers\Admin\GalleryController.php(27): view('admin/gallery/index', [...])
 6 SYSTEMPATH\CodeIgniter.php(942): App\Controllers\Admin\GalleryController->index()
 7 SYSTEMPATH\CodeIgniter.php(502): CodeIgniter\CodeIgniter->runController(Object(App\Controllers\Admin\GalleryController))
 8 SYSTEMPATH\CodeIgniter.php(361): CodeIgniter\CodeIgniter->handleRequest(null, Object(Config\Cache), false)
 9 FCPATH\index.php(79): CodeIgniter\CodeIgniter->run()
CRITICAL - 2024-02-16 07:55:20 --> Attempt to read property "nama" on array
in APPPATH\Views\admin\gallery\index.php on line 32.
 1 APPPATH\Views\admin\gallery\index.php(32): CodeIgniter\Debug\Exceptions->errorHandler(2, 'Attempt to read property "nama" on array', 'D:\\laragon\\www\\supri\\app\\Views\\admin\\gallery\\index.php', 32)
 2 SYSTEMPATH\View\View.php(228): include('D:\\laragon\\www\\supri\\app\\Views\\admin\\gallery\\index.php')
 3 SYSTEMPATH\View\View.php(231): CodeIgniter\View\View->CodeIgniter\View\{closure}()
 4 SYSTEMPATH\Common.php(1190): CodeIgniter\View\View->render('admin/gallery/index', [], true)
 5 APPPATH\Controllers\Admin\GalleryController.php(27): view('admin/gallery/index', [...])
 6 SYSTEMPATH\CodeIgniter.php(942): App\Controllers\Admin\GalleryController->index()
 7 SYSTEMPATH\CodeIgniter.php(502): CodeIgniter\CodeIgniter->runController(Object(App\Controllers\Admin\GalleryController))
 8 SYSTEMPATH\CodeIgniter.php(361): CodeIgniter\CodeIgniter->handleRequest(null, Object(Config\Cache), false)
 9 FCPATH\index.php(79): CodeIgniter\CodeIgniter->run()
CRITICAL - 2024-02-16 07:55:25 --> Undefined array key "nama"
in APPPATH\Views\admin\gallery\index.php on line 32.
 1 APPPATH\Views\admin\gallery\index.php(32): CodeIgniter\Debug\Exceptions->errorHandler(2, 'Undefined array key "nama"', 'D:\\laragon\\www\\supri\\app\\Views\\admin\\gallery\\index.php', 32)
 2 SYSTEMPATH\View\View.php(228): include('D:\\laragon\\www\\supri\\app\\Views\\admin\\gallery\\index.php')
 3 SYSTEMPATH\View\View.php(231): CodeIgniter\View\View->CodeIgniter\View\{closure}()
 4 SYSTEMPATH\Common.php(1190): CodeIgniter\View\View->render('admin/gallery/index', [], true)
 5 APPPATH\Controllers\Admin\GalleryController.php(27): view('admin/gallery/index', [...])
 6 SYSTEMPATH\CodeIgniter.php(942): App\Controllers\Admin\GalleryController->index()
 7 SYSTEMPATH\CodeIgniter.php(502): CodeIgniter\CodeIgniter->runController(Object(App\Controllers\Admin\GalleryController))
 8 SYSTEMPATH\CodeIgniter.php(361): CodeIgniter\CodeIgniter->handleRequest(null, Object(Config\Cache), false)
 9 FCPATH\index.php(79): CodeIgniter\CodeIgniter->run()
CRITICAL - 2024-02-16 07:55:26 --> Undefined array key "nama"
in APPPATH\Views\admin\gallery\index.php on line 32.
 1 APPPATH\Views\admin\gallery\index.php(32): CodeIgniter\Debug\Exceptions->errorHandler(2, 'Undefined array key "nama"', 'D:\\laragon\\www\\supri\\app\\Views\\admin\\gallery\\index.php', 32)
 2 SYSTEMPATH\View\View.php(228): include('D:\\laragon\\www\\supri\\app\\Views\\admin\\gallery\\index.php')
 3 SYSTEMPATH\View\View.php(231): CodeIgniter\View\View->CodeIgniter\View\{closure}()
 4 SYSTEMPATH\Common.php(1190): CodeIgniter\View\View->render('admin/gallery/index', [], true)
 5 APPPATH\Controllers\Admin\GalleryController.php(27): view('admin/gallery/index', [...])
 6 SYSTEMPATH\CodeIgniter.php(942): App\Controllers\Admin\GalleryController->index()
 7 SYSTEMPATH\CodeIgniter.php(502): CodeIgniter\CodeIgniter->runController(Object(App\Controllers\Admin\GalleryController))
 8 SYSTEMPATH\CodeIgniter.php(361): CodeIgniter\CodeIgniter->handleRequest(null, Object(Config\Cache), false)
 9 FCPATH\index.php(79): CodeIgniter\CodeIgniter->run()
CRITICAL - 2024-02-16 07:55:29 --> Array to string conversion
in APPPATH\Views\admin\gallery\index.php on line 32.
 1 APPPATH\Views\admin\gallery\index.php(32): CodeIgniter\Debug\Exceptions->errorHandler(2, 'Array to string conversion', 'D:\\laragon\\www\\supri\\app\\Views\\admin\\gallery\\index.php', 32)
 2 SYSTEMPATH\View\View.php(228): include('D:\\laragon\\www\\supri\\app\\Views\\admin\\gallery\\index.php')
 3 SYSTEMPATH\View\View.php(231): CodeIgniter\View\View->CodeIgniter\View\{closure}()
 4 SYSTEMPATH\Common.php(1190): CodeIgniter\View\View->render('admin/gallery/index', [], true)
 5 APPPATH\Controllers\Admin\GalleryController.php(27): view('admin/gallery/index', [...])
 6 SYSTEMPATH\CodeIgniter.php(942): App\Controllers\Admin\GalleryController->index()
 7 SYSTEMPATH\CodeIgniter.php(502): CodeIgniter\CodeIgniter->runController(Object(App\Controllers\Admin\GalleryController))
 8 SYSTEMPATH\CodeIgniter.php(361): CodeIgniter\CodeIgniter->handleRequest(null, Object(Config\Cache), false)
 9 FCPATH\index.php(79): CodeIgniter\CodeIgniter->run()
CRITICAL - 2024-02-16 07:55:46 --> Array to string conversion
in APPPATH\Views\admin\gallery\index.php on line 32.
 1 APPPATH\Views\admin\gallery\index.php(32): CodeIgniter\Debug\Exceptions->errorHandler(2, 'Array to string conversion', 'D:\\laragon\\www\\supri\\app\\Views\\admin\\gallery\\index.php', 32)
 2 SYSTEMPATH\View\View.php(228): include('D:\\laragon\\www\\supri\\app\\Views\\admin\\gallery\\index.php')
 3 SYSTEMPATH\View\View.php(231): CodeIgniter\View\View->CodeIgniter\View\{closure}()
 4 SYSTEMPATH\Common.php(1190): CodeIgniter\View\View->render('admin/gallery/index', [], true)
 5 APPPATH\Controllers\Admin\GalleryController.php(29): view('admin/gallery/index', [...])
 6 SYSTEMPATH\CodeIgniter.php(942): App\Controllers\Admin\GalleryController->index()
 7 SYSTEMPATH\CodeIgniter.php(502): CodeIgniter\CodeIgniter->runController(Object(App\Controllers\Admin\GalleryController))
 8 SYSTEMPATH\CodeIgniter.php(361): CodeIgniter\CodeIgniter->handleRequest(null, Object(Config\Cache), false)
 9 FCPATH\index.php(79): CodeIgniter\CodeIgniter->run()
CRITICAL - 2024-02-16 07:56:09 --> Array to string conversion
in APPPATH\Views\admin\gallery\index.php on line 32.
 1 APPPATH\Views\admin\gallery\index.php(32): CodeIgniter\Debug\Exceptions->errorHandler(2, 'Array to string conversion', 'D:\\laragon\\www\\supri\\app\\Views\\admin\\gallery\\index.php', 32)
 2 SYSTEMPATH\View\View.php(228): include('D:\\laragon\\www\\supri\\app\\Views\\admin\\gallery\\index.php')
 3 SYSTEMPATH\View\View.php(231): CodeIgniter\View\View->CodeIgniter\View\{closure}()
 4 SYSTEMPATH\Common.php(1190): CodeIgniter\View\View->render('admin/gallery/index', [], true)
 5 APPPATH\Controllers\Admin\GalleryController.php(29): view('admin/gallery/index', [...])
 6 SYSTEMPATH\CodeIgniter.php(942): App\Controllers\Admin\GalleryController->index()
 7 SYSTEMPATH\CodeIgniter.php(502): CodeIgniter\CodeIgniter->runController(Object(App\Controllers\Admin\GalleryController))
 8 SYSTEMPATH\CodeIgniter.php(361): CodeIgniter\CodeIgniter->handleRequest(null, Object(Config\Cache), false)
 9 FCPATH\index.php(79): CodeIgniter\CodeIgniter->run()
CRITICAL - 2024-02-16 07:56:13 --> Undefined array key "nama"
in APPPATH\Views\admin\gallery\index.php on line 32.
 1 APPPATH\Views\admin\gallery\index.php(32): CodeIgniter\Debug\Exceptions->errorHandler(2, 'Undefined array key "nama"', 'D:\\laragon\\www\\supri\\app\\Views\\admin\\gallery\\index.php', 32)
 2 SYSTEMPATH\View\View.php(228): include('D:\\laragon\\www\\supri\\app\\Views\\admin\\gallery\\index.php')
 3 SYSTEMPATH\View\View.php(231): CodeIgniter\View\View->CodeIgniter\View\{closure}()
 4 SYSTEMPATH\Common.php(1190): CodeIgniter\View\View->render('admin/gallery/index', [], true)
 5 APPPATH\Controllers\Admin\GalleryController.php(29): view('admin/gallery/index', [...])
 6 SYSTEMPATH\CodeIgniter.php(942): App\Controllers\Admin\GalleryController->index()
 7 SYSTEMPATH\CodeIgniter.php(502): CodeIgniter\CodeIgniter->runController(Object(App\Controllers\Admin\GalleryController))
 8 SYSTEMPATH\CodeIgniter.php(361): CodeIgniter\CodeIgniter->handleRequest(null, Object(Config\Cache), false)
 9 FCPATH\index.php(79): CodeIgniter\CodeIgniter->run()
CRITICAL - 2024-02-16 07:56:17 --> Attempt to read property "nama" on array
in APPPATH\Views\admin\gallery\index.php on line 32.
 1 APPPATH\Views\admin\gallery\index.php(32): CodeIgniter\Debug\Exceptions->errorHandler(2, 'Attempt to read property "nama" on array', 'D:\\laragon\\www\\supri\\app\\Views\\admin\\gallery\\index.php', 32)
 2 SYSTEMPATH\View\View.php(228): include('D:\\laragon\\www\\supri\\app\\Views\\admin\\gallery\\index.php')
 3 SYSTEMPATH\View\View.php(231): CodeIgniter\View\View->CodeIgniter\View\{closure}()
 4 SYSTEMPATH\Common.php(1190): CodeIgniter\View\View->render('admin/gallery/index', [], true)
 5 APPPATH\Controllers\Admin\GalleryController.php(29): view('admin/gallery/index', [...])
 6 SYSTEMPATH\CodeIgniter.php(942): App\Controllers\Admin\GalleryController->index()
 7 SYSTEMPATH\CodeIgniter.php(502): CodeIgniter\CodeIgniter->runController(Object(App\Controllers\Admin\GalleryController))
 8 SYSTEMPATH\CodeIgniter.php(361): CodeIgniter\CodeIgniter->handleRequest(null, Object(Config\Cache), false)
 9 FCPATH\index.php(79): CodeIgniter\CodeIgniter->run()
CRITICAL - 2024-02-16 07:56:24 --> Array to string conversion
in APPPATH\Views\admin\gallery\index.php on line 32.
 1 APPPATH\Views\admin\gallery\index.php(32): CodeIgniter\Debug\Exceptions->errorHandler(2, 'Array to string conversion', 'D:\\laragon\\www\\supri\\app\\Views\\admin\\gallery\\index.php', 32)
 2 SYSTEMPATH\View\View.php(228): include('D:\\laragon\\www\\supri\\app\\Views\\admin\\gallery\\index.php')
 3 SYSTEMPATH\View\View.php(231): CodeIgniter\View\View->CodeIgniter\View\{closure}()
 4 SYSTEMPATH\Common.php(1190): CodeIgniter\View\View->render('admin/gallery/index', [], true)
 5 APPPATH\Controllers\Admin\GalleryController.php(29): view('admin/gallery/index', [...])
 6 SYSTEMPATH\CodeIgniter.php(942): App\Controllers\Admin\GalleryController->index()
 7 SYSTEMPATH\CodeIgniter.php(502): CodeIgniter\CodeIgniter->runController(Object(App\Controllers\Admin\GalleryController))
 8 SYSTEMPATH\CodeIgniter.php(361): CodeIgniter\CodeIgniter->handleRequest(null, Object(Config\Cache), false)
 9 FCPATH\index.php(79): CodeIgniter\CodeIgniter->run()
CRITICAL - 2024-02-16 07:58:03 --> Undefined array key "nama"
in APPPATH\Views\admin\gallery\index.php on line 32.
 1 APPPATH\Views\admin\gallery\index.php(32): CodeIgniter\Debug\Exceptions->errorHandler(2, 'Undefined array key "nama"', 'D:\\laragon\\www\\supri\\app\\Views\\admin\\gallery\\index.php', 32)
 2 SYSTEMPATH\View\View.php(228): include('D:\\laragon\\www\\supri\\app\\Views\\admin\\gallery\\index.php')
 3 SYSTEMPATH\View\View.php(231): CodeIgniter\View\View->CodeIgniter\View\{closure}()
 4 SYSTEMPATH\Common.php(1190): CodeIgniter\View\View->render('admin/gallery/index', [], true)
 5 APPPATH\Controllers\Admin\GalleryController.php(29): view('admin/gallery/index', [...])
 6 SYSTEMPATH\CodeIgniter.php(942): App\Controllers\Admin\GalleryController->index()
 7 SYSTEMPATH\CodeIgniter.php(502): CodeIgniter\CodeIgniter->runController(Object(App\Controllers\Admin\GalleryController))
 8 SYSTEMPATH\CodeIgniter.php(361): CodeIgniter\CodeIgniter->handleRequest(null, Object(Config\Cache), false)
 9 FCPATH\index.php(79): CodeIgniter\CodeIgniter->run()
CRITICAL - 2024-02-16 07:58:30 --> Undefined array key "deskripsi"
in APPPATH\Views\admin\gallery\index.php on line 33.
 1 APPPATH\Views\admin\gallery\index.php(33): CodeIgniter\Debug\Exceptions->errorHandler(2, 'Undefined array key "deskripsi"', 'D:\\laragon\\www\\supri\\app\\Views\\admin\\gallery\\index.php', 33)
 2 SYSTEMPATH\View\View.php(228): include('D:\\laragon\\www\\supri\\app\\Views\\admin\\gallery\\index.php')
 3 SYSTEMPATH\View\View.php(231): CodeIgniter\View\View->CodeIgniter\View\{closure}()
 4 SYSTEMPATH\Common.php(1190): CodeIgniter\View\View->render('admin/gallery/index', [], true)
 5 APPPATH\Controllers\Admin\GalleryController.php(29): view('admin/gallery/index', [...])
 6 SYSTEMPATH\CodeIgniter.php(942): App\Controllers\Admin\GalleryController->index()
 7 SYSTEMPATH\CodeIgniter.php(502): CodeIgniter\CodeIgniter->runController(Object(App\Controllers\Admin\GalleryController))
 8 SYSTEMPATH\CodeIgniter.php(361): CodeIgniter\CodeIgniter->handleRequest(null, Object(Config\Cache), false)
 9 FCPATH\index.php(79): CodeIgniter\CodeIgniter->run()
CRITICAL - 2024-02-16 07:58:31 --> Undefined array key "deskripsi"
in APPPATH\Views\admin\gallery\index.php on line 33.
 1 APPPATH\Views\admin\gallery\index.php(33): CodeIgniter\Debug\Exceptions->errorHandler(2, 'Undefined array key "deskripsi"', 'D:\\laragon\\www\\supri\\app\\Views\\admin\\gallery\\index.php', 33)
 2 SYSTEMPATH\View\View.php(228): include('D:\\laragon\\www\\supri\\app\\Views\\admin\\gallery\\index.php')
 3 SYSTEMPATH\View\View.php(231): CodeIgniter\View\View->CodeIgniter\View\{closure}()
 4 SYSTEMPATH\Common.php(1190): CodeIgniter\View\View->render('admin/gallery/index', [], true)
 5 APPPATH\Controllers\Admin\GalleryController.php(29): view('admin/gallery/index', [...])
 6 SYSTEMPATH\CodeIgniter.php(942): App\Controllers\Admin\GalleryController->index()
 7 SYSTEMPATH\CodeIgniter.php(502): CodeIgniter\CodeIgniter->runController(Object(App\Controllers\Admin\GalleryController))
 8 SYSTEMPATH\CodeIgniter.php(361): CodeIgniter\CodeIgniter->handleRequest(null, Object(Config\Cache), false)
 9 FCPATH\index.php(79): CodeIgniter\CodeIgniter->run()
CRITICAL - 2024-02-16 07:58:32 --> Undefined array key "deskripsi"
in APPPATH\Views\admin\gallery\index.php on line 33.
 1 APPPATH\Views\admin\gallery\index.php(33): CodeIgniter\Debug\Exceptions->errorHandler(2, 'Undefined array key "deskripsi"', 'D:\\laragon\\www\\supri\\app\\Views\\admin\\gallery\\index.php', 33)
 2 SYSTEMPATH\View\View.php(228): include('D:\\laragon\\www\\supri\\app\\Views\\admin\\gallery\\index.php')
 3 SYSTEMPATH\View\View.php(231): CodeIgniter\View\View->CodeIgniter\View\{closure}()
 4 SYSTEMPATH\Common.php(1190): CodeIgniter\View\View->render('admin/gallery/index', [], true)
 5 APPPATH\Controllers\Admin\GalleryController.php(29): view('admin/gallery/index', [...])
 6 SYSTEMPATH\CodeIgniter.php(942): App\Controllers\Admin\GalleryController->index()
 7 SYSTEMPATH\CodeIgniter.php(502): CodeIgniter\CodeIgniter->runController(Object(App\Controllers\Admin\GalleryController))
 8 SYSTEMPATH\CodeIgniter.php(361): CodeIgniter\CodeIgniter->handleRequest(null, Object(Config\Cache), false)
 9 FCPATH\index.php(79): CodeIgniter\CodeIgniter->run()
CRITICAL - 2024-02-16 07:58:35 --> Undefined array key "id"
in APPPATH\Views\admin\gallery\index.php on line 35.
 1 APPPATH\Views\admin\gallery\index.php(35): CodeIgniter\Debug\Exceptions->errorHandler(2, 'Undefined array key "id"', 'D:\\laragon\\www\\supri\\app\\Views\\admin\\gallery\\index.php', 35)
 2 SYSTEMPATH\View\View.php(228): include('D:\\laragon\\www\\supri\\app\\Views\\admin\\gallery\\index.php')
 3 SYSTEMPATH\View\View.php(231): CodeIgniter\View\View->CodeIgniter\View\{closure}()
 4 SYSTEMPATH\Common.php(1190): CodeIgniter\View\View->render('admin/gallery/index', [], true)
 5 APPPATH\Controllers\Admin\GalleryController.php(29): view('admin/gallery/index', [...])
 6 SYSTEMPATH\CodeIgniter.php(942): App\Controllers\Admin\GalleryController->index()
 7 SYSTEMPATH\CodeIgniter.php(502): CodeIgniter\CodeIgniter->runController(Object(App\Controllers\Admin\GalleryController))
 8 SYSTEMPATH\CodeIgniter.php(361): CodeIgniter\CodeIgniter->handleRequest(null, Object(Config\Cache), false)
 9 FCPATH\index.php(79): CodeIgniter\CodeIgniter->run()
CRITICAL - 2024-02-16 07:58:47 --> Cannot use object of type CodeIgniter\Database\MySQLi\Result as array
in APPPATH\Views\admin\gallery\index.php on line 32.
 1 SYSTEMPATH\View\View.php(228): include()
 2 SYSTEMPATH\View\View.php(231): CodeIgniter\View\View->CodeIgniter\View\{closure}()
 3 SYSTEMPATH\Common.php(1190): CodeIgniter\View\View->render('admin/gallery/index', [], true)
 4 APPPATH\Controllers\Admin\GalleryController.php(29): view('admin/gallery/index', [...])
 5 SYSTEMPATH\CodeIgniter.php(942): App\Controllers\Admin\GalleryController->index()
 6 SYSTEMPATH\CodeIgniter.php(502): CodeIgniter\CodeIgniter->runController(Object(App\Controllers\Admin\GalleryController))
 7 SYSTEMPATH\CodeIgniter.php(361): CodeIgniter\CodeIgniter->handleRequest(null, Object(Config\Cache), false)
 8 FCPATH\index.php(79): CodeIgniter\CodeIgniter->run()
CRITICAL - 2024-02-16 07:58:55 --> Undefined array key "id"
in APPPATH\Views\admin\gallery\index.php on line 35.
 1 APPPATH\Views\admin\gallery\index.php(35): CodeIgniter\Debug\Exceptions->errorHandler(2, 'Undefined array key "id"', 'D:\\laragon\\www\\supri\\app\\Views\\admin\\gallery\\index.php', 35)
 2 SYSTEMPATH\View\View.php(228): include('D:\\laragon\\www\\supri\\app\\Views\\admin\\gallery\\index.php')
 3 SYSTEMPATH\View\View.php(231): CodeIgniter\View\View->CodeIgniter\View\{closure}()
 4 SYSTEMPATH\Common.php(1190): CodeIgniter\View\View->render('admin/gallery/index', [], true)
 5 APPPATH\Controllers\Admin\GalleryController.php(29): view('admin/gallery/index', [...])
 6 SYSTEMPATH\CodeIgniter.php(942): App\Controllers\Admin\GalleryController->index()
 7 SYSTEMPATH\CodeIgniter.php(502): CodeIgniter\CodeIgniter->runController(Object(App\Controllers\Admin\GalleryController))
 8 SYSTEMPATH\CodeIgniter.php(361): CodeIgniter\CodeIgniter->handleRequest(null, Object(Config\Cache), false)
 9 FCPATH\index.php(79): CodeIgniter\CodeIgniter->run()
CRITICAL - 2024-02-16 08:00:07 --> Attempt to read property "nama" on array
in APPPATH\Controllers\Admin\GalleryController.php on line 27.
 1 APPPATH\Controllers\Admin\GalleryController.php(27): CodeIgniter\Debug\Exceptions->errorHandler(2, 'Attempt to read property "nama" on array', 'D:\\laragon\\www\\supri\\app\\Controllers\\Admin\\GalleryController.php', 27)
 2 SYSTEMPATH\CodeIgniter.php(942): App\Controllers\Admin\GalleryController->index()
 3 SYSTEMPATH\CodeIgniter.php(502): CodeIgniter\CodeIgniter->runController(Object(App\Controllers\Admin\GalleryController))
 4 SYSTEMPATH\CodeIgniter.php(361): CodeIgniter\CodeIgniter->handleRequest(null, Object(Config\Cache), false)
 5 FCPATH\index.php(79): CodeIgniter\CodeIgniter->run()
CRITICAL - 2024-02-16 08:00:21 --> Attempt to read property "id" on array
in APPPATH\Controllers\Admin\GalleryController.php on line 27.
 1 APPPATH\Controllers\Admin\GalleryController.php(27): CodeIgniter\Debug\Exceptions->errorHandler(2, 'Attempt to read property "id" on array', 'D:\\laragon\\www\\supri\\app\\Controllers\\Admin\\GalleryController.php', 27)
 2 SYSTEMPATH\CodeIgniter.php(942): App\Controllers\Admin\GalleryController->index()
 3 SYSTEMPATH\CodeIgniter.php(502): CodeIgniter\CodeIgniter->runController(Object(App\Controllers\Admin\GalleryController))
 4 SYSTEMPATH\CodeIgniter.php(361): CodeIgniter\CodeIgniter->handleRequest(null, Object(Config\Cache), false)
 5 FCPATH\index.php(79): CodeIgniter\CodeIgniter->run()
CRITICAL - 2024-02-16 08:00:25 --> Undefined array key "id"
in APPPATH\Controllers\Admin\GalleryController.php on line 27.
 1 APPPATH\Controllers\Admin\GalleryController.php(27): CodeIgniter\Debug\Exceptions->errorHandler(2, 'Undefined array key "id"', 'D:\\laragon\\www\\supri\\app\\Controllers\\Admin\\GalleryController.php', 27)
 2 SYSTEMPATH\CodeIgniter.php(942): App\Controllers\Admin\GalleryController->index()
 3 SYSTEMPATH\CodeIgniter.php(502): CodeIgniter\CodeIgniter->runController(Object(App\Controllers\Admin\GalleryController))
 4 SYSTEMPATH\CodeIgniter.php(361): CodeIgniter\CodeIgniter->handleRequest(null, Object(Config\Cache), false)
 5 FCPATH\index.php(79): CodeIgniter\CodeIgniter->run()
CRITICAL - 2024-02-16 08:00:36 --> Undefined array key "id"
in APPPATH\Views\admin\gallery\index.php on line 35.
 1 APPPATH\Views\admin\gallery\index.php(35): CodeIgniter\Debug\Exceptions->errorHandler(2, 'Undefined array key "id"', 'D:\\laragon\\www\\supri\\app\\Views\\admin\\gallery\\index.php', 35)
 2 SYSTEMPATH\View\View.php(228): include('D:\\laragon\\www\\supri\\app\\Views\\admin\\gallery\\index.php')
 3 SYSTEMPATH\View\View.php(231): CodeIgniter\View\View->CodeIgniter\View\{closure}()
 4 SYSTEMPATH\Common.php(1190): CodeIgniter\View\View->render('admin/gallery/index', [], true)
 5 APPPATH\Controllers\Admin\GalleryController.php(28): view('admin/gallery/index', [...])
 6 SYSTEMPATH\CodeIgniter.php(942): App\Controllers\Admin\GalleryController->index()
 7 SYSTEMPATH\CodeIgniter.php(502): CodeIgniter\CodeIgniter->runController(Object(App\Controllers\Admin\GalleryController))
 8 SYSTEMPATH\CodeIgniter.php(361): CodeIgniter\CodeIgniter->handleRequest(null, Object(Config\Cache), false)
 9 FCPATH\index.php(79): CodeIgniter\CodeIgniter->run()
CRITICAL - 2024-02-16 08:00:48 --> Undefined array key "nama"
in APPPATH\Views\admin\gallery\index.php on line 32.
 1 APPPATH\Views\admin\gallery\index.php(32): CodeIgniter\Debug\Exceptions->errorHandler(2, 'Undefined array key "nama"', 'D:\\laragon\\www\\supri\\app\\Views\\admin\\gallery\\index.php', 32)
 2 SYSTEMPATH\View\View.php(228): include('D:\\laragon\\www\\supri\\app\\Views\\admin\\gallery\\index.php')
 3 SYSTEMPATH\View\View.php(231): CodeIgniter\View\View->CodeIgniter\View\{closure}()
 4 SYSTEMPATH\Common.php(1190): CodeIgniter\View\View->render('admin/gallery/index', [], true)
 5 APPPATH\Controllers\Admin\GalleryController.php(28): view('admin/gallery/index', [...])
 6 SYSTEMPATH\CodeIgniter.php(942): App\Controllers\Admin\GalleryController->index()
 7 SYSTEMPATH\CodeIgniter.php(502): CodeIgniter\CodeIgniter->runController(Object(App\Controllers\Admin\GalleryController))
 8 SYSTEMPATH\CodeIgniter.php(361): CodeIgniter\CodeIgniter->handleRequest(null, Object(Config\Cache), false)
 9 FCPATH\index.php(79): CodeIgniter\CodeIgniter->run()
CRITICAL - 2024-02-16 08:00:54 --> Attempt to read property "nama" on array
in APPPATH\Views\admin\gallery\index.php on line 32.
 1 APPPATH\Views\admin\gallery\index.php(32): CodeIgniter\Debug\Exceptions->errorHandler(2, 'Attempt to read property "nama" on array', 'D:\\laragon\\www\\supri\\app\\Views\\admin\\gallery\\index.php', 32)
 2 SYSTEMPATH\View\View.php(228): include('D:\\laragon\\www\\supri\\app\\Views\\admin\\gallery\\index.php')
 3 SYSTEMPATH\View\View.php(231): CodeIgniter\View\View->CodeIgniter\View\{closure}()
 4 SYSTEMPATH\Common.php(1190): CodeIgniter\View\View->render('admin/gallery/index', [], true)
 5 APPPATH\Controllers\Admin\GalleryController.php(28): view('admin/gallery/index', [...])
 6 SYSTEMPATH\CodeIgniter.php(942): App\Controllers\Admin\GalleryController->index()
 7 SYSTEMPATH\CodeIgniter.php(502): CodeIgniter\CodeIgniter->runController(Object(App\Controllers\Admin\GalleryController))
 8 SYSTEMPATH\CodeIgniter.php(361): CodeIgniter\CodeIgniter->handleRequest(null, Object(Config\Cache), false)
 9 FCPATH\index.php(79): CodeIgniter\CodeIgniter->run()
CRITICAL - 2024-02-16 08:01:00 --> Array to string conversion
in APPPATH\Views\admin\gallery\index.php on line 32.
 1 APPPATH\Views\admin\gallery\index.php(32): CodeIgniter\Debug\Exceptions->errorHandler(2, 'Array to string conversion', 'D:\\laragon\\www\\supri\\app\\Views\\admin\\gallery\\index.php', 32)
 2 SYSTEMPATH\View\View.php(228): include('D:\\laragon\\www\\supri\\app\\Views\\admin\\gallery\\index.php')
 3 SYSTEMPATH\View\View.php(231): CodeIgniter\View\View->CodeIgniter\View\{closure}()
 4 SYSTEMPATH\Common.php(1190): CodeIgniter\View\View->render('admin/gallery/index', [], true)
 5 APPPATH\Controllers\Admin\GalleryController.php(28): view('admin/gallery/index', [...])
 6 SYSTEMPATH\CodeIgniter.php(942): App\Controllers\Admin\GalleryController->index()
 7 SYSTEMPATH\CodeIgniter.php(502): CodeIgniter\CodeIgniter->runController(Object(App\Controllers\Admin\GalleryController))
 8 SYSTEMPATH\CodeIgniter.php(361): CodeIgniter\CodeIgniter->handleRequest(null, Object(Config\Cache), false)
 9 FCPATH\index.php(79): CodeIgniter\CodeIgniter->run()
CRITICAL - 2024-02-16 08:01:45 --> Object of class stdClass could not be converted to string
in APPPATH\Views\admin\gallery\index.php on line 32.
 1 SYSTEMPATH\View\View.php(228): include()
 2 SYSTEMPATH\View\View.php(231): CodeIgniter\View\View->CodeIgniter\View\{closure}()
 3 SYSTEMPATH\Common.php(1190): CodeIgniter\View\View->render('admin/gallery/index', [], true)
 4 APPPATH\Controllers\Admin\GalleryController.php(28): view('admin/gallery/index', [...])
 5 SYSTEMPATH\CodeIgniter.php(942): App\Controllers\Admin\GalleryController->index()
 6 SYSTEMPATH\CodeIgniter.php(502): CodeIgniter\CodeIgniter->runController(Object(App\Controllers\Admin\GalleryController))
 7 SYSTEMPATH\CodeIgniter.php(361): CodeIgniter\CodeIgniter->handleRequest(null, Object(Config\Cache), false)
 8 FCPATH\index.php(79): CodeIgniter\CodeIgniter->run()
CRITICAL - 2024-02-16 08:01:50 --> Cannot use object of type stdClass as array
in APPPATH\Views\admin\gallery\index.php on line 33.
 1 SYSTEMPATH\View\View.php(228): include()
 2 SYSTEMPATH\View\View.php(231): CodeIgniter\View\View->CodeIgniter\View\{closure}()
 3 SYSTEMPATH\Common.php(1190): CodeIgniter\View\View->render('admin/gallery/index', [], true)
 4 APPPATH\Controllers\Admin\GalleryController.php(28): view('admin/gallery/index', [...])
 5 SYSTEMPATH\CodeIgniter.php(942): App\Controllers\Admin\GalleryController->index()
 6 SYSTEMPATH\CodeIgniter.php(502): CodeIgniter\CodeIgniter->runController(Object(App\Controllers\Admin\GalleryController))
 7 SYSTEMPATH\CodeIgniter.php(361): CodeIgniter\CodeIgniter->handleRequest(null, Object(Config\Cache), false)
 8 FCPATH\index.php(79): CodeIgniter\CodeIgniter->run()
CRITICAL - 2024-02-16 08:02:10 --> Cannot use object of type stdClass as array
in APPPATH\Views\admin\gallery\index.php on line 35.
 1 SYSTEMPATH\View\View.php(228): include()
 2 SYSTEMPATH\View\View.php(231): CodeIgniter\View\View->CodeIgniter\View\{closure}()
 3 SYSTEMPATH\Common.php(1190): CodeIgniter\View\View->render('admin/gallery/index', [], true)
 4 APPPATH\Controllers\Admin\GalleryController.php(28): view('admin/gallery/index', [...])
 5 SYSTEMPATH\CodeIgniter.php(942): App\Controllers\Admin\GalleryController->index()
 6 SYSTEMPATH\CodeIgniter.php(502): CodeIgniter\CodeIgniter->runController(Object(App\Controllers\Admin\GalleryController))
 7 SYSTEMPATH\CodeIgniter.php(361): CodeIgniter\CodeIgniter->handleRequest(null, Object(Config\Cache), false)
 8 FCPATH\index.php(79): CodeIgniter\CodeIgniter->run()
CRITICAL - 2024-02-16 08:02:11 --> Cannot use object of type stdClass as array
in APPPATH\Views\admin\gallery\index.php on line 35.
 1 SYSTEMPATH\View\View.php(228): include()
 2 SYSTEMPATH\View\View.php(231): CodeIgniter\View\View->CodeIgniter\View\{closure}()
 3 SYSTEMPATH\Common.php(1190): CodeIgniter\View\View->render('admin/gallery/index', [], true)
 4 APPPATH\Controllers\Admin\GalleryController.php(28): view('admin/gallery/index', [...])
 5 SYSTEMPATH\CodeIgniter.php(942): App\Controllers\Admin\GalleryController->index()
 6 SYSTEMPATH\CodeIgniter.php(502): CodeIgniter\CodeIgniter->runController(Object(App\Controllers\Admin\GalleryController))
 7 SYSTEMPATH\CodeIgniter.php(361): CodeIgniter\CodeIgniter->handleRequest(null, Object(Config\Cache), false)
 8 FCPATH\index.php(79): CodeIgniter\CodeIgniter->run()
CRITICAL - 2024-02-16 08:02:20 --> Call to a member function links() on array
in APPPATH\Views\admin\gallery\index.php on line 48.
 1 SYSTEMPATH\View\View.php(228): include()
 2 SYSTEMPATH\View\View.php(231): CodeIgniter\View\View->CodeIgniter\View\{closure}()
 3 SYSTEMPATH\Common.php(1190): CodeIgniter\View\View->render('admin/gallery/index', [], true)
 4 APPPATH\Controllers\Admin\GalleryController.php(28): view('admin/gallery/index', [...])
 5 SYSTEMPATH\CodeIgniter.php(942): App\Controllers\Admin\GalleryController->index()
 6 SYSTEMPATH\CodeIgniter.php(502): CodeIgniter\CodeIgniter->runController(Object(App\Controllers\Admin\GalleryController))
 7 SYSTEMPATH\CodeIgniter.php(361): CodeIgniter\CodeIgniter->handleRequest(null, Object(Config\Cache), false)
 8 FCPATH\index.php(79): CodeIgniter\CodeIgniter->run()
