INFO - 2023-11-21 05:53:28 --> Session: Class initialized using 'CodeIgniter\Session\Handlers\DatabaseHandler' driver.
INFO - 2023-11-21 05:53:31 --> Session: Class initialized using 'CodeIgniter\Session\Handlers\DatabaseHandler' driver.
INFO - 2023-11-21 05:53:59 --> Session: Class initialized using 'CodeIgniter\Session\Handlers\DatabaseHandler' driver.
INFO - 2023-11-21 05:53:59 --> Session: Class initialized using 'CodeIgniter\Session\Handlers\DatabaseHandler' driver.
WARNING - 2023-11-21 05:54:00 --> [DEPRECATED] number_format(): Passing null to parameter #1 ($num) of type float is deprecated in APPPATH\Views\admin\index.php on line 59.
 1 APPPATH\Views\admin\index.php(59): number_format(null, 0, ',', '.')
 2 SYSTEMPATH\View\View.php(228): include('C:\\xampp8\\htdocs\\dokumentasi_new\\app\\Views\\admin\\index.php')
 3 SYSTEMPATH\View\View.php(231): CodeIgniter\View\View->CodeIgniter\View\{closure}()
 4 SYSTEMPATH\Common.php(1190): CodeIgniter\View\View->render('admin/index', [], true)
 5 APPPATH\Controllers\Admin\Admin.php(55): view('admin/index', [...])
 6 SYSTEMPATH\CodeIgniter.php(942): App\Controllers\Admin\Admin->index()
 7 SYSTEMPATH\CodeIgniter.php(502): CodeIgniter\CodeIgniter->runController(Object(App\Controllers\Admin\Admin))
 8 SYSTEMPATH\CodeIgniter.php(361): CodeIgniter\CodeIgniter->handleRequest(null, Object(Config\Cache), false)
 9 FCPATH\index.php(79): CodeIgniter\CodeIgniter->run()
INFO - 2023-11-21 05:54:06 --> Session: Class initialized using 'CodeIgniter\Session\Handlers\DatabaseHandler' driver.
INFO - 2023-11-21 05:54:14 --> Session: Class initialized using 'CodeIgniter\Session\Handlers\DatabaseHandler' driver.
INFO - 2023-11-21 05:55:28 --> Session: Class initialized using 'CodeIgniter\Session\Handlers\DatabaseHandler' driver.
INFO - 2023-11-21 05:55:54 --> Session: Class initialized using 'CodeIgniter\Session\Handlers\DatabaseHandler' driver.
INFO - 2023-11-21 05:56:57 --> Session: Class initialized using 'CodeIgniter\Session\Handlers\DatabaseHandler' driver.
INFO - 2023-11-21 05:57:19 --> Session: Class initialized using 'CodeIgniter\Session\Handlers\DatabaseHandler' driver.
INFO - 2023-11-21 05:57:55 --> Session: Class initialized using 'CodeIgniter\Session\Handlers\DatabaseHandler' driver.
INFO - 2023-11-21 05:58:35 --> Session: Class initialized using 'CodeIgniter\Session\Handlers\DatabaseHandler' driver.
INFO - 2023-11-21 05:59:43 --> Session: Class initialized using 'CodeIgniter\Session\Handlers\DatabaseHandler' driver.
INFO - 2023-11-21 06:05:36 --> Session: Class initialized using 'CodeIgniter\Session\Handlers\DatabaseHandler' driver.
INFO - 2023-11-21 06:06:25 --> Session: Class initialized using 'CodeIgniter\Session\Handlers\DatabaseHandler' driver.
INFO - 2023-11-21 06:07:15 --> Session: Class initialized using 'CodeIgniter\Session\Handlers\DatabaseHandler' driver.
INFO - 2023-11-21 06:07:23 --> Session: Class initialized using 'CodeIgniter\Session\Handlers\DatabaseHandler' driver.
INFO - 2023-11-21 06:10:32 --> Session: Class initialized using 'CodeIgniter\Session\Handlers\DatabaseHandler' driver.
INFO - 2023-11-21 06:15:05 --> Session: Class initialized using 'CodeIgniter\Session\Handlers\DatabaseHandler' driver.
INFO - 2023-11-21 06:18:42 --> Session: Class initialized using 'CodeIgniter\Session\Handlers\DatabaseHandler' driver.
INFO - 2023-11-21 06:20:20 --> Session: Class initialized using 'CodeIgniter\Session\Handlers\DatabaseHandler' driver.
CRITICAL - 2023-11-21 06:20:20 --> Undefined variable $web_logo
in APPPATH\Views\template_admin.php on line 128.
 1 APPPATH\Views\template_admin.php(128): CodeIgniter\Debug\Exceptions->errorHandler(2, 'Undefined variable $web_logo', 'C:\\xampp8\\htdocs\\dokumentasi_new\\app\\Views\\template_admin.php', 128)
 2 SYSTEMPATH\View\View.php(228): include('C:\\xampp8\\htdocs\\dokumentasi_new\\app\\Views\\template_admin.php')
 3 SYSTEMPATH\View\View.php(231): CodeIgniter\View\View->CodeIgniter\View\{closure}()
 4 SYSTEMPATH\View\View.php(244): CodeIgniter\View\View->render('template_admin', [], true)
 5 SYSTEMPATH\Common.php(1190): CodeIgniter\View\View->render('admin/user/index', [], true)
 6 APPPATH\Controllers\Admin\User.php(38): view('admin/user/index', [...])
 7 SYSTEMPATH\CodeIgniter.php(942): App\Controllers\Admin\User->index()
 8 SYSTEMPATH\CodeIgniter.php(502): CodeIgniter\CodeIgniter->runController(Object(App\Controllers\Admin\User))
 9 SYSTEMPATH\CodeIgniter.php(361): CodeIgniter\CodeIgniter->handleRequest(null, Object(Config\Cache), false)
10 FCPATH\index.php(79): CodeIgniter\CodeIgniter->run()
INFO - 2023-11-21 06:21:49 --> Session: Class initialized using 'CodeIgniter\Session\Handlers\DatabaseHandler' driver.
CRITICAL - 2023-11-21 06:21:49 --> Undefined variable $web_logo
in APPPATH\Views\template_admin.php on line 128.
 1 APPPATH\Views\template_admin.php(128): CodeIgniter\Debug\Exceptions->errorHandler(2, 'Undefined variable $web_logo', 'C:\\xampp8\\htdocs\\dokumentasi_new\\app\\Views\\template_admin.php', 128)
 2 SYSTEMPATH\View\View.php(228): include('C:\\xampp8\\htdocs\\dokumentasi_new\\app\\Views\\template_admin.php')
 3 SYSTEMPATH\View\View.php(231): CodeIgniter\View\View->CodeIgniter\View\{closure}()
 4 SYSTEMPATH\View\View.php(244): CodeIgniter\View\View->render('template_admin', [], true)
 5 SYSTEMPATH\Common.php(1190): CodeIgniter\View\View->render('admin/user/index', [], true)
 6 APPPATH\Controllers\Admin\User.php(38): view('admin/user/index', [...])
 7 SYSTEMPATH\CodeIgniter.php(942): App\Controllers\Admin\User->index()
 8 SYSTEMPATH\CodeIgniter.php(502): CodeIgniter\CodeIgniter->runController(Object(App\Controllers\Admin\User))
 9 SYSTEMPATH\CodeIgniter.php(361): CodeIgniter\CodeIgniter->handleRequest(null, Object(Config\Cache), false)
10 FCPATH\index.php(79): CodeIgniter\CodeIgniter->run()
INFO - 2023-11-21 06:22:09 --> Session: Class initialized using 'CodeIgniter\Session\Handlers\DatabaseHandler' driver.
CRITICAL - 2023-11-21 06:22:09 --> Undefined variable $web_logo
in APPPATH\Views\template_admin.php on line 128.
 1 APPPATH\Views\template_admin.php(128): CodeIgniter\Debug\Exceptions->errorHandler(2, 'Undefined variable $web_logo', 'C:\\xampp8\\htdocs\\dokumentasi_new\\app\\Views\\template_admin.php', 128)
 2 SYSTEMPATH\View\View.php(228): include('C:\\xampp8\\htdocs\\dokumentasi_new\\app\\Views\\template_admin.php')
 3 SYSTEMPATH\View\View.php(231): CodeIgniter\View\View->CodeIgniter\View\{closure}()
 4 SYSTEMPATH\View\View.php(244): CodeIgniter\View\View->render('template_admin', [], true)
 5 SYSTEMPATH\Common.php(1190): CodeIgniter\View\View->render('admin/setings', [], true)
 6 APPPATH\Controllers\Admin\SettingsWeb.php(31): view('admin/setings', [...])
 7 SYSTEMPATH\CodeIgniter.php(942): App\Controllers\Admin\SettingsWeb->index()
 8 SYSTEMPATH\CodeIgniter.php(502): CodeIgniter\CodeIgniter->runController(Object(App\Controllers\Admin\SettingsWeb))
 9 SYSTEMPATH\CodeIgniter.php(361): CodeIgniter\CodeIgniter->handleRequest(null, Object(Config\Cache), false)
10 FCPATH\index.php(79): CodeIgniter\CodeIgniter->run()
INFO - 2023-11-21 06:22:11 --> Session: Class initialized using 'CodeIgniter\Session\Handlers\DatabaseHandler' driver.
CRITICAL - 2023-11-21 06:22:11 --> Undefined variable $web_logo
in APPPATH\Views\template_admin.php on line 128.
 1 APPPATH\Views\template_admin.php(128): CodeIgniter\Debug\Exceptions->errorHandler(2, 'Undefined variable $web_logo', 'C:\\xampp8\\htdocs\\dokumentasi_new\\app\\Views\\template_admin.php', 128)
 2 SYSTEMPATH\View\View.php(228): include('C:\\xampp8\\htdocs\\dokumentasi_new\\app\\Views\\template_admin.php')
 3 SYSTEMPATH\View\View.php(231): CodeIgniter\View\View->CodeIgniter\View\{closure}()
 4 SYSTEMPATH\View\View.php(244): CodeIgniter\View\View->render('template_admin', [], true)
 5 SYSTEMPATH\Common.php(1190): CodeIgniter\View\View->render('admin/files/index', [], true)
 6 APPPATH\Controllers\Admin\Files.php(42): view('admin/files/index', [...])
 7 SYSTEMPATH\CodeIgniter.php(942): App\Controllers\Admin\Files->index()
 8 SYSTEMPATH\CodeIgniter.php(502): CodeIgniter\CodeIgniter->runController(Object(App\Controllers\Admin\Files))
 9 SYSTEMPATH\CodeIgniter.php(361): CodeIgniter\CodeIgniter->handleRequest(null, Object(Config\Cache), false)
10 FCPATH\index.php(79): CodeIgniter\CodeIgniter->run()
INFO - 2023-11-21 06:22:12 --> Session: Class initialized using 'CodeIgniter\Session\Handlers\DatabaseHandler' driver.
CRITICAL - 2023-11-21 06:22:12 --> Undefined variable $web_logo
in APPPATH\Views\template_admin.php on line 128.
 1 APPPATH\Views\template_admin.php(128): CodeIgniter\Debug\Exceptions->errorHandler(2, 'Undefined variable $web_logo', 'C:\\xampp8\\htdocs\\dokumentasi_new\\app\\Views\\template_admin.php', 128)
 2 SYSTEMPATH\View\View.php(228): include('C:\\xampp8\\htdocs\\dokumentasi_new\\app\\Views\\template_admin.php')
 3 SYSTEMPATH\View\View.php(231): CodeIgniter\View\View->CodeIgniter\View\{closure}()
 4 SYSTEMPATH\View\View.php(244): CodeIgniter\View\View->render('template_admin', [], true)
 5 SYSTEMPATH\Common.php(1190): CodeIgniter\View\View->render('admin/produk/index', [], true)
 6 APPPATH\Controllers\Admin\Produk.php(42): view('admin/produk/index', [...])
 7 SYSTEMPATH\CodeIgniter.php(942): App\Controllers\Admin\Produk->index()
 8 SYSTEMPATH\CodeIgniter.php(502): CodeIgniter\CodeIgniter->runController(Object(App\Controllers\Admin\Produk))
 9 SYSTEMPATH\CodeIgniter.php(361): CodeIgniter\CodeIgniter->handleRequest(null, Object(Config\Cache), false)
10 FCPATH\index.php(79): CodeIgniter\CodeIgniter->run()
INFO - 2023-11-21 06:22:13 --> Session: Class initialized using 'CodeIgniter\Session\Handlers\DatabaseHandler' driver.
CRITICAL - 2023-11-21 06:22:13 --> Undefined variable $web_logo
in APPPATH\Views\template_admin.php on line 128.
 1 APPPATH\Views\template_admin.php(128): CodeIgniter\Debug\Exceptions->errorHandler(2, 'Undefined variable $web_logo', 'C:\\xampp8\\htdocs\\dokumentasi_new\\app\\Views\\template_admin.php', 128)
 2 SYSTEMPATH\View\View.php(228): include('C:\\xampp8\\htdocs\\dokumentasi_new\\app\\Views\\template_admin.php')
 3 SYSTEMPATH\View\View.php(231): CodeIgniter\View\View->CodeIgniter\View\{closure}()
 4 SYSTEMPATH\View\View.php(244): CodeIgniter\View\View->render('template_admin', [], true)
 5 SYSTEMPATH\Common.php(1190): CodeIgniter\View\View->render('admin/files/create', [], true)
 6 APPPATH\Controllers\Admin\Files.php(47): view('admin/files/create')
 7 SYSTEMPATH\CodeIgniter.php(942): App\Controllers\Admin\Files->create()
 8 SYSTEMPATH\CodeIgniter.php(502): CodeIgniter\CodeIgniter->runController(Object(App\Controllers\Admin\Files))
 9 SYSTEMPATH\CodeIgniter.php(361): CodeIgniter\CodeIgniter->handleRequest(null, Object(Config\Cache), false)
10 FCPATH\index.php(79): CodeIgniter\CodeIgniter->run()
INFO - 2023-11-21 06:22:14 --> Session: Class initialized using 'CodeIgniter\Session\Handlers\DatabaseHandler' driver.
CRITICAL - 2023-11-21 06:22:14 --> Undefined variable $web_logo
in APPPATH\Views\template_admin.php on line 128.
 1 APPPATH\Views\template_admin.php(128): CodeIgniter\Debug\Exceptions->errorHandler(2, 'Undefined variable $web_logo', 'C:\\xampp8\\htdocs\\dokumentasi_new\\app\\Views\\template_admin.php', 128)
 2 SYSTEMPATH\View\View.php(228): include('C:\\xampp8\\htdocs\\dokumentasi_new\\app\\Views\\template_admin.php')
 3 SYSTEMPATH\View\View.php(231): CodeIgniter\View\View->CodeIgniter\View\{closure}()
 4 SYSTEMPATH\View\View.php(244): CodeIgniter\View\View->render('template_admin', [], true)
 5 SYSTEMPATH\Common.php(1190): CodeIgniter\View\View->render('admin/files/index', [], true)
 6 APPPATH\Controllers\Admin\Files.php(42): view('admin/files/index', [...])
 7 SYSTEMPATH\CodeIgniter.php(942): App\Controllers\Admin\Files->index()
 8 SYSTEMPATH\CodeIgniter.php(502): CodeIgniter\CodeIgniter->runController(Object(App\Controllers\Admin\Files))
 9 SYSTEMPATH\CodeIgniter.php(361): CodeIgniter\CodeIgniter->handleRequest(null, Object(Config\Cache), false)
10 FCPATH\index.php(79): CodeIgniter\CodeIgniter->run()
INFO - 2023-11-21 06:22:16 --> Session: Class initialized using 'CodeIgniter\Session\Handlers\DatabaseHandler' driver.
INFO - 2023-11-21 06:23:11 --> Session: Class initialized using 'CodeIgniter\Session\Handlers\DatabaseHandler' driver.
INFO - 2023-11-21 06:23:35 --> Session: Class initialized using 'CodeIgniter\Session\Handlers\DatabaseHandler' driver.
INFO - 2023-11-21 07:23:22 --> Session: Class initialized using 'CodeIgniter\Session\Handlers\DatabaseHandler' driver.
INFO - 2023-11-21 07:24:34 --> Session: Class initialized using 'CodeIgniter\Session\Handlers\DatabaseHandler' driver.
INFO - 2023-11-21 07:25:33 --> Session: Class initialized using 'CodeIgniter\Session\Handlers\DatabaseHandler' driver.
INFO - 2023-11-21 07:29:28 --> Session: Class initialized using 'CodeIgniter\Session\Handlers\DatabaseHandler' driver.
INFO - 2023-11-21 07:29:29 --> Session: Class initialized using 'CodeIgniter\Session\Handlers\DatabaseHandler' driver.
INFO - 2023-11-21 07:31:23 --> Session: Class initialized using 'CodeIgniter\Session\Handlers\DatabaseHandler' driver.
INFO - 2023-11-21 07:32:04 --> Session: Class initialized using 'CodeIgniter\Session\Handlers\DatabaseHandler' driver.
INFO - 2023-11-21 07:32:16 --> Session: Class initialized using 'CodeIgniter\Session\Handlers\DatabaseHandler' driver.
INFO - 2023-11-21 07:32:39 --> Session: Class initialized using 'CodeIgniter\Session\Handlers\DatabaseHandler' driver.
INFO - 2023-11-21 07:33:12 --> Session: Class initialized using 'CodeIgniter\Session\Handlers\DatabaseHandler' driver.
INFO - 2023-11-21 07:33:41 --> Session: Class initialized using 'CodeIgniter\Session\Handlers\DatabaseHandler' driver.
INFO - 2023-11-21 07:34:04 --> Session: Class initialized using 'CodeIgniter\Session\Handlers\DatabaseHandler' driver.
INFO - 2023-11-21 07:34:18 --> Session: Class initialized using 'CodeIgniter\Session\Handlers\DatabaseHandler' driver.
INFO - 2023-11-21 07:34:31 --> Session: Class initialized using 'CodeIgniter\Session\Handlers\DatabaseHandler' driver.
INFO - 2023-11-21 07:34:55 --> Session: Class initialized using 'CodeIgniter\Session\Handlers\DatabaseHandler' driver.
INFO - 2023-11-21 07:35:08 --> Session: Class initialized using 'CodeIgniter\Session\Handlers\DatabaseHandler' driver.
INFO - 2023-11-21 07:35:08 --> Session: Class initialized using 'CodeIgniter\Session\Handlers\DatabaseHandler' driver.
INFO - 2023-11-21 07:35:17 --> Session: Class initialized using 'CodeIgniter\Session\Handlers\DatabaseHandler' driver.
INFO - 2023-11-21 07:35:17 --> Session: Class initialized using 'CodeIgniter\Session\Handlers\DatabaseHandler' driver.
INFO - 2023-11-21 07:36:26 --> Session: Class initialized using 'CodeIgniter\Session\Handlers\DatabaseHandler' driver.
CRITICAL - 2023-11-21 07:36:26 --> Undefined variable $web_icon
in APPPATH\Views\template_admin.php on line 11.
 1 APPPATH\Views\template_admin.php(11): CodeIgniter\Debug\Exceptions->errorHandler(2, 'Undefined variable $web_icon', 'C:\\xampp8\\htdocs\\dokumentasi_new\\app\\Views\\template_admin.php', 11)
 2 SYSTEMPATH\View\View.php(228): include('C:\\xampp8\\htdocs\\dokumentasi_new\\app\\Views\\template_admin.php')
 3 SYSTEMPATH\View\View.php(231): CodeIgniter\View\View->CodeIgniter\View\{closure}()
 4 SYSTEMPATH\View\View.php(244): CodeIgniter\View\View->render('template_admin', [], true)
 5 SYSTEMPATH\Common.php(1190): CodeIgniter\View\View->render('admin/files/index', [], true)
 6 APPPATH\Controllers\Admin\Files.php(42): view('admin/files/index', [...])
 7 SYSTEMPATH\CodeIgniter.php(942): App\Controllers\Admin\Files->index()
 8 SYSTEMPATH\CodeIgniter.php(502): CodeIgniter\CodeIgniter->runController(Object(App\Controllers\Admin\Files))
 9 SYSTEMPATH\CodeIgniter.php(361): CodeIgniter\CodeIgniter->handleRequest(null, Object(Config\Cache), false)
10 FCPATH\index.php(79): CodeIgniter\CodeIgniter->run()
INFO - 2023-11-21 07:44:52 --> Session: Class initialized using 'CodeIgniter\Session\Handlers\DatabaseHandler' driver.
INFO - 2023-11-21 07:44:57 --> Session: Class initialized using 'CodeIgniter\Session\Handlers\DatabaseHandler' driver.
INFO - 2023-11-21 07:48:16 --> Session: Class initialized using 'CodeIgniter\Session\Handlers\DatabaseHandler' driver.
INFO - 2023-11-21 07:56:18 --> Session: Class initialized using 'CodeIgniter\Session\Handlers\DatabaseHandler' driver.
INFO - 2023-11-21 07:56:27 --> Session: Class initialized using 'CodeIgniter\Session\Handlers\DatabaseHandler' driver.
INFO - 2023-11-21 07:56:40 --> Session: Class initialized using 'CodeIgniter\Session\Handlers\DatabaseHandler' driver.
INFO - 2023-11-21 07:56:51 --> Session: Class initialized using 'CodeIgniter\Session\Handlers\DatabaseHandler' driver.
CRITICAL - 2023-11-21 07:56:51 --> Undefined variable $web_icon
in APPPATH\Views\template_admin.php on line 11.
 1 APPPATH\Views\template_admin.php(11): CodeIgniter\Debug\Exceptions->errorHandler(2, 'Undefined variable $web_icon', 'C:\\xampp8\\htdocs\\dokumentasi_new\\app\\Views\\template_admin.php', 11)
 2 SYSTEMPATH\View\View.php(228): include('C:\\xampp8\\htdocs\\dokumentasi_new\\app\\Views\\template_admin.php')
 3 SYSTEMPATH\View\View.php(231): CodeIgniter\View\View->CodeIgniter\View\{closure}()
 4 SYSTEMPATH\View\View.php(244): CodeIgniter\View\View->render('template_admin', [], true)
 5 SYSTEMPATH\Common.php(1190): CodeIgniter\View\View->render('admin/youtube/index', [], true)
 6 APPPATH\Controllers\Admin\Youtube.php(33): view('admin/youtube/index', [...])
 7 SYSTEMPATH\CodeIgniter.php(942): App\Controllers\Admin\Youtube->index()
 8 SYSTEMPATH\CodeIgniter.php(502): CodeIgniter\CodeIgniter->runController(Object(App\Controllers\Admin\Youtube))
 9 SYSTEMPATH\CodeIgniter.php(361): CodeIgniter\CodeIgniter->handleRequest(null, Object(Config\Cache), false)
10 FCPATH\index.php(79): CodeIgniter\CodeIgniter->run()
INFO - 2023-11-21 11:44:03 --> Session: Class initialized using 'CodeIgniter\Session\Handlers\DatabaseHandler' driver.
INFO - 2023-11-21 11:44:08 --> Session: Class initialized using 'CodeIgniter\Session\Handlers\DatabaseHandler' driver.
INFO - 2023-11-21 11:44:21 --> Session: Class initialized using 'CodeIgniter\Session\Handlers\DatabaseHandler' driver.
INFO - 2023-11-21 11:44:22 --> Session: Class initialized using 'CodeIgniter\Session\Handlers\DatabaseHandler' driver.
INFO - 2023-11-21 12:54:22 --> Session: Class initialized using 'CodeIgniter\Session\Handlers\DatabaseHandler' driver.
CRITICAL - 2023-11-21 12:54:23 --> Undefined variable $web_icon
in APPPATH\Views\template_admin.php on line 11.
 1 APPPATH\Views\template_admin.php(11): CodeIgniter\Debug\Exceptions->errorHandler(2, 'Undefined variable $web_icon', 'C:\\xampp8\\htdocs\\dokumentasi_new\\app\\Views\\template_admin.php', 11)
 2 SYSTEMPATH\View\View.php(228): include('C:\\xampp8\\htdocs\\dokumentasi_new\\app\\Views\\template_admin.php')
 3 SYSTEMPATH\View\View.php(231): CodeIgniter\View\View->CodeIgniter\View\{closure}()
 4 SYSTEMPATH\View\View.php(244): CodeIgniter\View\View->render('template_admin', [], true)
 5 SYSTEMPATH\Common.php(1190): CodeIgniter\View\View->render('admin/user/index', [], true)
 6 APPPATH\Controllers\Admin\User.php(38): view('admin/user/index', [...])
 7 SYSTEMPATH\CodeIgniter.php(942): App\Controllers\Admin\User->index()
 8 SYSTEMPATH\CodeIgniter.php(502): CodeIgniter\CodeIgniter->runController(Object(App\Controllers\Admin\User))
 9 SYSTEMPATH\CodeIgniter.php(361): CodeIgniter\CodeIgniter->handleRequest(null, Object(Config\Cache), false)
10 FCPATH\index.php(79): CodeIgniter\CodeIgniter->run()
CRITICAL - 2023-11-21 12:56:11 --> syntax error, unexpected identifier "users", expecting "]"
in APPPATH\Controllers\Admin\User.php on line 42.
 1 SYSTEMPATH\Autoloader\Autoloader.php(291): CodeIgniter\Autoloader\Autoloader->includeFile('C:\\xampp8\\htdocs\\dokumentasi_new\\app\\Controllers\\Admin\\User.php')
 2 SYSTEMPATH\Autoloader\Autoloader.php(269): CodeIgniter\Autoloader\Autoloader->loadInNamespace('App\\Controllers\\Admin\\User')
 3 [internal function]: CodeIgniter\Autoloader\Autoloader->loadClass('App\\Controllers\\Admin\\User')
 4 SYSTEMPATH\CodeIgniter.php(900): class_exists('\\App\\Controllers\\Admin\\User', true)
 5 SYSTEMPATH\CodeIgniter.php(489): CodeIgniter\CodeIgniter->startController()
 6 SYSTEMPATH\CodeIgniter.php(361): CodeIgniter\CodeIgniter->handleRequest(null, Object(Config\Cache), false)
 7 FCPATH\index.php(79): CodeIgniter\CodeIgniter->run()
INFO - 2023-11-21 12:56:49 --> Session: Class initialized using 'CodeIgniter\Session\Handlers\DatabaseHandler' driver.
INFO - 2023-11-21 12:57:35 --> Session: Class initialized using 'CodeIgniter\Session\Handlers\DatabaseHandler' driver.
INFO - 2023-11-21 13:59:42 --> Session: Class initialized using 'CodeIgniter\Session\Handlers\DatabaseHandler' driver.
INFO - 2023-11-21 14:00:54 --> Session: Class initialized using 'CodeIgniter\Session\Handlers\DatabaseHandler' driver.
INFO - 2023-11-21 14:00:55 --> Session: Class initialized using 'CodeIgniter\Session\Handlers\DatabaseHandler' driver.
INFO - 2023-11-21 14:01:33 --> Session: Class initialized using 'CodeIgniter\Session\Handlers\DatabaseHandler' driver.
INFO - 2023-11-21 14:01:45 --> Session: Class initialized using 'CodeIgniter\Session\Handlers\DatabaseHandler' driver.
INFO - 2023-11-21 14:11:09 --> Session: Class initialized using 'CodeIgniter\Session\Handlers\DatabaseHandler' driver.
INFO - 2023-11-21 14:11:31 --> Session: Class initialized using 'CodeIgniter\Session\Handlers\DatabaseHandler' driver.
INFO - 2023-11-21 14:11:31 --> Session: Class initialized using 'CodeIgniter\Session\Handlers\DatabaseHandler' driver.
INFO - 2023-11-21 14:11:43 --> Session: Class initialized using 'CodeIgniter\Session\Handlers\DatabaseHandler' driver.
INFO - 2023-11-21 14:12:40 --> Session: Class initialized using 'CodeIgniter\Session\Handlers\DatabaseHandler' driver.
INFO - 2023-11-21 14:12:40 --> Session: Class initialized using 'CodeIgniter\Session\Handlers\DatabaseHandler' driver.
INFO - 2023-11-21 14:12:50 --> Session: Class initialized using 'CodeIgniter\Session\Handlers\DatabaseHandler' driver.
INFO - 2023-11-21 14:12:50 --> Session: Class initialized using 'CodeIgniter\Session\Handlers\DatabaseHandler' driver.
INFO - 2023-11-21 14:13:01 --> Session: Class initialized using 'CodeIgniter\Session\Handlers\DatabaseHandler' driver.
INFO - 2023-11-21 14:13:01 --> Session: Class initialized using 'CodeIgniter\Session\Handlers\DatabaseHandler' driver.
INFO - 2023-11-21 14:13:10 --> Session: Class initialized using 'CodeIgniter\Session\Handlers\DatabaseHandler' driver.
INFO - 2023-11-21 14:13:11 --> Session: Class initialized using 'CodeIgniter\Session\Handlers\DatabaseHandler' driver.
INFO - 2023-11-21 14:13:20 --> Session: Class initialized using 'CodeIgniter\Session\Handlers\DatabaseHandler' driver.
INFO - 2023-11-21 14:13:31 --> Session: Class initialized using 'CodeIgniter\Session\Handlers\DatabaseHandler' driver.
INFO - 2023-11-21 14:13:45 --> Session: Class initialized using 'CodeIgniter\Session\Handlers\DatabaseHandler' driver.
INFO - 2023-11-21 14:14:47 --> Session: Class initialized using 'CodeIgniter\Session\Handlers\DatabaseHandler' driver.
INFO - 2023-11-21 14:15:01 --> Session: Class initialized using 'CodeIgniter\Session\Handlers\DatabaseHandler' driver.
INFO - 2023-11-21 14:15:08 --> Session: Class initialized using 'CodeIgniter\Session\Handlers\DatabaseHandler' driver.
INFO - 2023-11-21 14:15:28 --> Session: Class initialized using 'CodeIgniter\Session\Handlers\DatabaseHandler' driver.
INFO - 2023-11-21 14:32:06 --> Session: Class initialized using 'CodeIgniter\Session\Handlers\DatabaseHandler' driver.
INFO - 2023-11-21 14:32:52 --> Session: Class initialized using 'CodeIgniter\Session\Handlers\DatabaseHandler' driver.
INFO - 2023-11-21 14:36:10 --> Session: Class initialized using 'CodeIgniter\Session\Handlers\DatabaseHandler' driver.
INFO - 2023-11-21 14:38:35 --> Session: Class initialized using 'CodeIgniter\Session\Handlers\DatabaseHandler' driver.
INFO - 2023-11-21 14:39:45 --> Session: Class initialized using 'CodeIgniter\Session\Handlers\DatabaseHandler' driver.
INFO - 2023-11-21 14:52:56 --> Session: Class initialized using 'CodeIgniter\Session\Handlers\DatabaseHandler' driver.
CRITICAL - 2023-11-21 14:52:56 --> syntax error, unexpected token ";", expecting ":"
in APPPATH\Views\admin\files\index.php on line 49.
 1 SYSTEMPATH\View\View.php(231): CodeIgniter\View\View->CodeIgniter\View\{closure}()
 2 SYSTEMPATH\Common.php(1190): CodeIgniter\View\View->render('admin/files/index', [], true)
 3 APPPATH\Controllers\Admin\Files.php(51): view('admin/files/index', [...])
 4 SYSTEMPATH\CodeIgniter.php(942): App\Controllers\Admin\Files->index()
 5 SYSTEMPATH\CodeIgniter.php(502): CodeIgniter\CodeIgniter->runController(Object(App\Controllers\Admin\Files))
 6 SYSTEMPATH\CodeIgniter.php(361): CodeIgniter\CodeIgniter->handleRequest(null, Object(Config\Cache), false)
 7 FCPATH\index.php(79): CodeIgniter\CodeIgniter->run()
INFO - 2023-11-21 14:53:48 --> Session: Class initialized using 'CodeIgniter\Session\Handlers\DatabaseHandler' driver.
INFO - 2023-11-21 14:57:52 --> Session: Class initialized using 'CodeIgniter\Session\Handlers\DatabaseHandler' driver.
INFO - 2023-11-21 14:57:53 --> Session: Class initialized using 'CodeIgniter\Session\Handlers\DatabaseHandler' driver.
INFO - 2023-11-21 14:58:02 --> Session: Class initialized using 'CodeIgniter\Session\Handlers\DatabaseHandler' driver.
